24-11-17.20:37:24.659 [main            ] INFO  Application            - Starting Application using Java 1.8.0_292 on JasonXudeMac-mini.local with PID 43280 (/Users/jasonxu/IdeaProjects/zsxq/03-大营销/big-market-xqh/big-market-xqh-app/target/classes started by jasonxu in /Users/jasonxu/IdeaProjects/zsxq/03-大营销/big-market-xqh)
24-11-17.20:37:24.660 [main            ] INFO  Application            - The following 1 profile is active: "dev"
24-11-17.20:37:25.284 [main            ] INFO  RepositoryConfigurationDelegate - Multiple Spring Data modules found, entering strict repository configuration mode
24-11-17.20:37:25.286 [main            ] INFO  RepositoryConfigurationDelegate - Bootstrapping Spring Data Redis repositories in DEFAULT mode.
24-11-17.20:37:25.305 [main            ] INFO  RepositoryConfigurationDelegate - Finished Spring Data repository scanning in 10 ms. Found 0 Redis repository interfaces.
24-11-17.20:37:25.629 [main            ] INFO  TomcatWebServer        - Tomcat initialized with port(s): 8091 (http)
24-11-17.20:37:25.639 [main            ] INFO  Http11NioProtocol      - Initializing ProtocolHandler ["http-nio-8091"]
24-11-17.20:37:25.639 [main            ] INFO  StandardService        - Starting service [Tomcat]
24-11-17.20:37:25.639 [main            ] INFO  StandardEngine         - Starting Servlet engine: [Apache Tomcat/9.0.75]
24-11-17.20:37:25.690 [main            ] INFO  [/]                    - Initializing Spring embedded WebApplicationContext
24-11-17.20:37:25.690 [main            ] INFO  ServletWebServerApplicationContext - Root WebApplicationContext: initialization completed in 1008 ms
24-11-17.20:37:26.065 [main            ] INFO  Version                - Redisson 3.23.4
24-11-17.20:37:26.194 [main            ] WARN  DnsServerAddressStreamProviders - Can not find io.netty.resolver.dns.macos.MacOSDnsServerAddressStreamProvider in the classpath, fallback to system defaults. This may result in incorrect DNS resolutions on MacOS. Check whether you have a dependency on 'io.netty:netty-resolver-dns-native-macos'
24-11-17.20:37:26.497 [redisson-netty-2-4] INFO  MasterPubSubConnectionPool - 1 connections initialized for 127.0.0.1/127.0.0.1:6379
24-11-17.20:37:26.553 [redisson-netty-2-13] INFO  MasterConnectionPool   - 5 connections initialized for 127.0.0.1/127.0.0.1:6379
24-11-17.20:37:27.659 [main            ] INFO  EndpointLinksResolver  - Exposing 1 endpoint(s) beneath base path '/actuator'
24-11-17.20:37:27.723 [main            ] INFO  Http11NioProtocol      - Starting ProtocolHandler ["http-nio-8091"]
24-11-17.20:37:27.744 [main            ] INFO  TomcatWebServer        - Tomcat started on port(s): 8091 (http) with context path ''
24-11-17.20:37:27.776 [main            ] INFO  Application            - Started Application in 3.512 seconds (JVM running for 4.326)
24-11-17.20:37:28.616 [RMI TCP Connection(2)-127.0.0.1] INFO  HikariDataSource       - HikariPool-1 - Starting...
24-11-17.20:37:28.619 [RMI TCP Connection(1)-127.0.0.1] INFO  [/]                    - Initializing Spring DispatcherServlet 'dispatcherServlet'
24-11-17.20:37:28.619 [RMI TCP Connection(1)-127.0.0.1] INFO  DispatcherServlet      - Initializing Servlet 'dispatcherServlet'
24-11-17.20:37:28.621 [RMI TCP Connection(1)-127.0.0.1] INFO  DispatcherServlet      - Completed initialization in 1 ms
24-11-17.20:37:29.053 [RMI TCP Connection(2)-127.0.0.1] INFO  HikariDataSource       - HikariPool-1 - Start completed.
24-11-17.20:37:30.005 [scheduling-1    ] INFO  UpdateAwardStockJob    - 定时任务，更新奖品消耗库存[延迟队列获取，降低对数据库的更新频次， 不要产生竞争
24-11-17.20:37:45.005 [scheduling-1    ] INFO  UpdateAwardStockJob    - 定时任务，更新奖品消耗库存[延迟队列获取，降低对数据库的更新频次， 不要产生竞争
24-11-17.20:38:00.005 [scheduling-1    ] INFO  UpdateAwardStockJob    - 定时任务，更新奖品消耗库存[延迟队列获取，降低对数据库的更新频次， 不要产生竞争
24-11-17.20:38:15.004 [scheduling-1    ] INFO  UpdateAwardStockJob    - 定时任务，更新奖品消耗库存[延迟队列获取，降低对数据库的更新频次， 不要产生竞争
24-11-17.21:25:34.288 [main            ] INFO  Application            - Starting Application using Java 1.8.0_292 on JasonXudeMac-mini.local with PID 44961 (/Users/jasonxu/IdeaProjects/zsxq/03-大营销/big-market-xqh/big-market-xqh-app/target/classes started by jasonxu in /Users/jasonxu/IdeaProjects/zsxq/03-大营销/big-market-xqh)
24-11-17.21:25:34.290 [main            ] INFO  Application            - The following 1 profile is active: "dev"
24-11-17.21:25:34.776 [main            ] INFO  RepositoryConfigurationDelegate - Multiple Spring Data modules found, entering strict repository configuration mode
24-11-17.21:25:34.777 [main            ] INFO  RepositoryConfigurationDelegate - Bootstrapping Spring Data Redis repositories in DEFAULT mode.
24-11-17.21:25:34.793 [main            ] INFO  RepositoryConfigurationDelegate - Finished Spring Data repository scanning in 8 ms. Found 0 Redis repository interfaces.
24-11-17.21:25:35.109 [main            ] INFO  TomcatWebServer        - Tomcat initialized with port(s): 8091 (http)
24-11-17.21:25:35.115 [main            ] INFO  Http11NioProtocol      - Initializing ProtocolHandler ["http-nio-8091"]
24-11-17.21:25:35.116 [main            ] INFO  StandardService        - Starting service [Tomcat]
24-11-17.21:25:35.116 [main            ] INFO  StandardEngine         - Starting Servlet engine: [Apache Tomcat/9.0.75]
24-11-17.21:25:35.164 [main            ] INFO  [/]                    - Initializing Spring embedded WebApplicationContext
24-11-17.21:25:35.164 [main            ] INFO  ServletWebServerApplicationContext - Root WebApplicationContext: initialization completed in 855 ms
24-11-17.21:25:35.475 [main            ] INFO  Version                - Redisson 3.23.4
24-11-17.21:25:35.497 [main            ] WARN  DnsServerAddressStreamProviders - Can not find io.netty.resolver.dns.macos.MacOSDnsServerAddressStreamProvider in the classpath, fallback to system defaults. This may result in incorrect DNS resolutions on MacOS. Check whether you have a dependency on 'io.netty:netty-resolver-dns-native-macos'
24-11-17.21:25:35.602 [redisson-netty-2-4] INFO  MasterPubSubConnectionPool - 1 connections initialized for 127.0.0.1/127.0.0.1:6379
24-11-17.21:25:35.609 [redisson-netty-2-13] INFO  MasterConnectionPool   - 5 connections initialized for 127.0.0.1/127.0.0.1:6379
24-11-17.21:25:36.088 [main            ] INFO  EndpointLinksResolver  - Exposing 1 endpoint(s) beneath base path '/actuator'
24-11-17.21:25:36.110 [main            ] INFO  Http11NioProtocol      - Starting ProtocolHandler ["http-nio-8091"]
24-11-17.21:25:36.116 [main            ] INFO  TomcatWebServer        - Tomcat started on port(s): 8091 (http) with context path ''
24-11-17.21:25:36.127 [main            ] INFO  Application            - Started Application in 2.072 seconds (JVM running for 2.883)
24-11-17.21:25:36.601 [RMI TCP Connection(3)-127.0.0.1] INFO  [/]                    - Initializing Spring DispatcherServlet 'dispatcherServlet'
24-11-17.21:25:36.601 [RMI TCP Connection(3)-127.0.0.1] INFO  DispatcherServlet      - Initializing Servlet 'dispatcherServlet'
24-11-17.21:25:36.602 [RMI TCP Connection(3)-127.0.0.1] INFO  DispatcherServlet      - Completed initialization in 1 ms
24-11-17.21:25:36.608 [RMI TCP Connection(2)-127.0.0.1] INFO  HikariDataSource       - HikariPool-1 - Starting...
24-11-17.21:25:37.103 [RMI TCP Connection(2)-127.0.0.1] INFO  HikariDataSource       - HikariPool-1 - Start completed.
24-11-17.21:25:45.005 [scheduling-1    ] INFO  UpdateAwardStockJob    - 定时任务，更新奖品消耗库存[延迟队列获取，降低对数据库的更新频次， 不要产生竞争
24-11-17.21:26:00.005 [scheduling-1    ] INFO  UpdateAwardStockJob    - 定时任务，更新奖品消耗库存[延迟队列获取，降低对数据库的更新频次， 不要产生竞争
24-11-17.21:26:15.072 [scheduling-1    ] INFO  UpdateAwardStockJob    - 定时任务，更新奖品消耗库存[延迟队列获取，降低对数据库的更新频次， 不要产生竞争
24-11-17.21:26:30.005 [scheduling-1    ] INFO  UpdateAwardStockJob    - 定时任务，更新奖品消耗库存[延迟队列获取，降低对数据库的更新频次， 不要产生竞争
24-11-17.21:26:45.004 [scheduling-1    ] INFO  UpdateAwardStockJob    - 定时任务，更新奖品消耗库存[延迟队列获取，降低对数据库的更新频次， 不要产生竞争
24-11-17.21:27:00.006 [scheduling-1    ] INFO  UpdateAwardStockJob    - 定时任务，更新奖品消耗库存[延迟队列获取，降低对数据库的更新频次， 不要产生竞争
24-11-17.21:27:15.006 [scheduling-1    ] INFO  UpdateAwardStockJob    - 定时任务，更新奖品消耗库存[延迟队列获取，降低对数据库的更新频次， 不要产生竞争
24-11-17.21:27:30.006 [scheduling-1    ] INFO  UpdateAwardStockJob    - 定时任务，更新奖品消耗库存[延迟队列获取，降低对数据库的更新频次， 不要产生竞争
24-11-17.21:27:45.005 [scheduling-1    ] INFO  UpdateAwardStockJob    - 定时任务，更新奖品消耗库存[延迟队列获取，降低对数据库的更新频次， 不要产生竞争
24-11-17.21:28:00.004 [scheduling-1    ] INFO  UpdateAwardStockJob    - 定时任务，更新奖品消耗库存[延迟队列获取，降低对数据库的更新频次， 不要产生竞争
24-11-17.21:28:15.009 [scheduling-1    ] INFO  UpdateAwardStockJob    - 定时任务，更新奖品消耗库存[延迟队列获取，降低对数据库的更新频次， 不要产生竞争
24-11-17.21:28:30.005 [scheduling-1    ] INFO  UpdateAwardStockJob    - 定时任务，更新奖品消耗库存[延迟队列获取，降低对数据库的更新频次， 不要产生竞争
24-11-17.21:28:45.005 [scheduling-1    ] INFO  UpdateAwardStockJob    - 定时任务，更新奖品消耗库存[延迟队列获取，降低对数据库的更新频次， 不要产生竞争
24-11-17.21:29:00.004 [scheduling-1    ] INFO  UpdateAwardStockJob    - 定时任务，更新奖品消耗库存[延迟队列获取，降低对数据库的更新频次， 不要产生竞争
24-11-17.21:29:15.005 [scheduling-1    ] INFO  UpdateAwardStockJob    - 定时任务，更新奖品消耗库存[延迟队列获取，降低对数据库的更新频次， 不要产生竞争
24-11-17.21:29:30.008 [scheduling-1    ] INFO  UpdateAwardStockJob    - 定时任务，更新奖品消耗库存[延迟队列获取，降低对数据库的更新频次， 不要产生竞争
24-11-17.21:29:45.006 [scheduling-1    ] INFO  UpdateAwardStockJob    - 定时任务，更新奖品消耗库存[延迟队列获取，降低对数据库的更新频次， 不要产生竞争
24-11-17.21:30:00.005 [scheduling-1    ] INFO  UpdateAwardStockJob    - 定时任务，更新奖品消耗库存[延迟队列获取，降低对数据库的更新频次， 不要产生竞争
24-11-17.21:30:15.006 [scheduling-1    ] INFO  UpdateAwardStockJob    - 定时任务，更新奖品消耗库存[延迟队列获取，降低对数据库的更新频次， 不要产生竞争
24-11-17.21:30:23.876 [SpringApplicationShutdownHook] INFO  HikariDataSource       - HikariPool-1 - Shutdown initiated...
24-11-17.21:30:23.898 [SpringApplicationShutdownHook] INFO  HikariDataSource       - HikariPool-1 - Shutdown completed.
24-11-17.21:30:27.599 [main            ] INFO  Application            - Starting Application using Java 1.8.0_292 on JasonXudeMac-mini.local with PID 45101 (/Users/jasonxu/IdeaProjects/zsxq/03-大营销/big-market-xqh/big-market-xqh-app/target/classes started by jasonxu in /Users/jasonxu/IdeaProjects/zsxq/03-大营销/big-market-xqh)
24-11-17.21:30:27.600 [main            ] INFO  Application            - The following 1 profile is active: "dev"
24-11-17.21:30:28.030 [main            ] INFO  RepositoryConfigurationDelegate - Multiple Spring Data modules found, entering strict repository configuration mode
24-11-17.21:30:28.031 [main            ] INFO  RepositoryConfigurationDelegate - Bootstrapping Spring Data Redis repositories in DEFAULT mode.
24-11-17.21:30:28.044 [main            ] INFO  RepositoryConfigurationDelegate - Finished Spring Data repository scanning in 7 ms. Found 0 Redis repository interfaces.
24-11-17.21:30:28.295 [main            ] INFO  TomcatWebServer        - Tomcat initialized with port(s): 8091 (http)
24-11-17.21:30:28.298 [main            ] INFO  Http11NioProtocol      - Initializing ProtocolHandler ["http-nio-8091"]
24-11-17.21:30:28.298 [main            ] INFO  StandardService        - Starting service [Tomcat]
24-11-17.21:30:28.299 [main            ] INFO  StandardEngine         - Starting Servlet engine: [Apache Tomcat/9.0.75]
24-11-17.21:30:28.337 [main            ] INFO  [/]                    - Initializing Spring embedded WebApplicationContext
24-11-17.21:30:28.337 [main            ] INFO  ServletWebServerApplicationContext - Root WebApplicationContext: initialization completed in 719 ms
24-11-17.21:30:28.617 [main            ] INFO  Version                - Redisson 3.23.4
24-11-17.21:30:28.633 [main            ] WARN  DnsServerAddressStreamProviders - Can not find io.netty.resolver.dns.macos.MacOSDnsServerAddressStreamProvider in the classpath, fallback to system defaults. This may result in incorrect DNS resolutions on MacOS. Check whether you have a dependency on 'io.netty:netty-resolver-dns-native-macos'
24-11-17.21:30:28.724 [redisson-netty-2-4] INFO  MasterPubSubConnectionPool - 1 connections initialized for 127.0.0.1/127.0.0.1:6379
24-11-17.21:30:28.730 [redisson-netty-2-13] INFO  MasterConnectionPool   - 5 connections initialized for 127.0.0.1/127.0.0.1:6379
24-11-17.21:30:29.170 [main            ] INFO  EndpointLinksResolver  - Exposing 1 endpoint(s) beneath base path '/actuator'
24-11-17.21:30:29.194 [main            ] INFO  Http11NioProtocol      - Starting ProtocolHandler ["http-nio-8091"]
24-11-17.21:30:29.199 [main            ] INFO  TomcatWebServer        - Tomcat started on port(s): 8091 (http) with context path ''
24-11-17.21:30:29.209 [main            ] INFO  Application            - Started Application in 1.802 seconds (JVM running for 2.512)
24-11-17.21:30:29.570 [RMI TCP Connection(2)-192.168.14.150] INFO  [/]                    - Initializing Spring DispatcherServlet 'dispatcherServlet'
24-11-17.21:30:29.571 [RMI TCP Connection(2)-192.168.14.150] INFO  DispatcherServlet      - Initializing Servlet 'dispatcherServlet'
24-11-17.21:30:29.573 [RMI TCP Connection(3)-192.168.14.150] INFO  HikariDataSource       - HikariPool-1 - Starting...
24-11-17.21:30:29.574 [RMI TCP Connection(2)-192.168.14.150] INFO  DispatcherServlet      - Completed initialization in 3 ms
24-11-17.21:30:29.877 [RMI TCP Connection(3)-192.168.14.150] INFO  HikariDataSource       - HikariPool-1 - Start completed.
24-11-17.21:30:30.004 [scheduling-1    ] INFO  UpdateAwardStockJob    - 定时任务，更新奖品消耗库存[延迟队列获取，降低对数据库的更新频次， 不要产生竞争
24-11-17.21:30:45.005 [scheduling-1    ] INFO  UpdateAwardStockJob    - 定时任务，更新奖品消耗库存[延迟队列获取，降低对数据库的更新频次， 不要产生竞争
24-11-17.21:31:00.006 [scheduling-1    ] INFO  UpdateAwardStockJob    - 定时任务，更新奖品消耗库存[延迟队列获取，降低对数据库的更新频次， 不要产生竞争
24-11-17.21:31:15.001 [scheduling-1    ] INFO  UpdateAwardStockJob    - 定时任务，更新奖品消耗库存[延迟队列获取，降低对数据库的更新频次， 不要产生竞争
24-11-17.21:31:30.005 [scheduling-1    ] INFO  UpdateAwardStockJob    - 定时任务，更新奖品消耗库存[延迟队列获取，降低对数据库的更新频次， 不要产生竞争
24-11-17.21:31:45.006 [scheduling-1    ] INFO  UpdateAwardStockJob    - 定时任务，更新奖品消耗库存[延迟队列获取，降低对数据库的更新频次， 不要产生竞争
24-11-17.21:32:00.007 [scheduling-1    ] INFO  UpdateAwardStockJob    - 定时任务，更新奖品消耗库存[延迟队列获取，降低对数据库的更新频次， 不要产生竞争
24-11-17.21:32:15.005 [scheduling-1    ] INFO  UpdateAwardStockJob    - 定时任务，更新奖品消耗库存[延迟队列获取，降低对数据库的更新频次， 不要产生竞争
24-11-17.21:32:30.004 [scheduling-1    ] INFO  UpdateAwardStockJob    - 定时任务，更新奖品消耗库存[延迟队列获取，降低对数据库的更新频次， 不要产生竞争
24-11-17.21:32:45.005 [scheduling-1    ] INFO  UpdateAwardStockJob    - 定时任务，更新奖品消耗库存[延迟队列获取，降低对数据库的更新频次， 不要产生竞争
24-11-17.21:33:00.005 [scheduling-1    ] INFO  UpdateAwardStockJob    - 定时任务，更新奖品消耗库存[延迟队列获取，降低对数据库的更新频次， 不要产生竞争
24-11-17.21:33:15.006 [scheduling-1    ] INFO  UpdateAwardStockJob    - 定时任务，更新奖品消耗库存[延迟队列获取，降低对数据库的更新频次， 不要产生竞争
24-11-17.21:33:30.005 [scheduling-1    ] INFO  UpdateAwardStockJob    - 定时任务，更新奖品消耗库存[延迟队列获取，降低对数据库的更新频次， 不要产生竞争
24-11-17.21:33:45.005 [scheduling-1    ] INFO  UpdateAwardStockJob    - 定时任务，更新奖品消耗库存[延迟队列获取，降低对数据库的更新频次， 不要产生竞争
24-11-17.21:34:00.005 [scheduling-1    ] INFO  UpdateAwardStockJob    - 定时任务，更新奖品消耗库存[延迟队列获取，降低对数据库的更新频次， 不要产生竞争
24-11-17.21:34:15.007 [scheduling-1    ] INFO  UpdateAwardStockJob    - 定时任务，更新奖品消耗库存[延迟队列获取，降低对数据库的更新频次， 不要产生竞争
24-11-17.21:34:30.005 [scheduling-1    ] INFO  UpdateAwardStockJob    - 定时任务，更新奖品消耗库存[延迟队列获取，降低对数据库的更新频次， 不要产生竞争
24-11-17.21:34:45.004 [scheduling-1    ] INFO  UpdateAwardStockJob    - 定时任务，更新奖品消耗库存[延迟队列获取，降低对数据库的更新频次， 不要产生竞争
24-11-17.21:35:00.003 [scheduling-1    ] INFO  UpdateAwardStockJob    - 定时任务，更新奖品消耗库存[延迟队列获取，降低对数据库的更新频次， 不要产生竞争
24-11-17.21:35:15.005 [scheduling-1    ] INFO  UpdateAwardStockJob    - 定时任务，更新奖品消耗库存[延迟队列获取，降低对数据库的更新频次， 不要产生竞争
24-11-17.21:35:30.000 [scheduling-1    ] INFO  UpdateAwardStockJob    - 定时任务，更新奖品消耗库存[延迟队列获取，降低对数据库的更新频次， 不要产生竞争
24-11-17.21:35:45.005 [scheduling-1    ] INFO  UpdateAwardStockJob    - 定时任务，更新奖品消耗库存[延迟队列获取，降低对数据库的更新频次， 不要产生竞争
24-11-17.21:36:00.000 [scheduling-1    ] INFO  UpdateAwardStockJob    - 定时任务，更新奖品消耗库存[延迟队列获取，降低对数据库的更新频次， 不要产生竞争
24-11-17.21:36:15.004 [scheduling-1    ] INFO  UpdateAwardStockJob    - 定时任务，更新奖品消耗库存[延迟队列获取，降低对数据库的更新频次， 不要产生竞争
24-11-17.21:36:30.005 [scheduling-1    ] INFO  UpdateAwardStockJob    - 定时任务，更新奖品消耗库存[延迟队列获取，降低对数据库的更新频次， 不要产生竞争
24-11-17.21:36:45.005 [scheduling-1    ] INFO  UpdateAwardStockJob    - 定时任务，更新奖品消耗库存[延迟队列获取，降低对数据库的更新频次， 不要产生竞争
24-11-17.21:37:00.009 [scheduling-1    ] INFO  UpdateAwardStockJob    - 定时任务，更新奖品消耗库存[延迟队列获取，降低对数据库的更新频次， 不要产生竞争
24-11-17.21:37:15.005 [scheduling-1    ] INFO  UpdateAwardStockJob    - 定时任务，更新奖品消耗库存[延迟队列获取，降低对数据库的更新频次， 不要产生竞争
24-11-17.21:37:30.005 [scheduling-1    ] INFO  UpdateAwardStockJob    - 定时任务，更新奖品消耗库存[延迟队列获取，降低对数据库的更新频次， 不要产生竞争
24-11-17.21:37:45.010 [scheduling-1    ] INFO  UpdateAwardStockJob    - 定时任务，更新奖品消耗库存[延迟队列获取，降低对数据库的更新频次， 不要产生竞争
24-11-17.21:38:00.010 [scheduling-1    ] INFO  UpdateAwardStockJob    - 定时任务，更新奖品消耗库存[延迟队列获取，降低对数据库的更新频次， 不要产生竞争
24-11-17.21:38:15.011 [scheduling-1    ] INFO  UpdateAwardStockJob    - 定时任务，更新奖品消耗库存[延迟队列获取，降低对数据库的更新频次， 不要产生竞争
24-11-17.21:38:30.006 [scheduling-1    ] INFO  UpdateAwardStockJob    - 定时任务，更新奖品消耗库存[延迟队列获取，降低对数据库的更新频次， 不要产生竞争
24-11-17.21:38:45.010 [scheduling-1    ] INFO  UpdateAwardStockJob    - 定时任务，更新奖品消耗库存[延迟队列获取，降低对数据库的更新频次， 不要产生竞争
24-11-17.21:39:00.007 [scheduling-1    ] INFO  UpdateAwardStockJob    - 定时任务，更新奖品消耗库存[延迟队列获取，降低对数据库的更新频次， 不要产生竞争
24-11-17.21:39:15.010 [scheduling-1    ] INFO  UpdateAwardStockJob    - 定时任务，更新奖品消耗库存[延迟队列获取，降低对数据库的更新频次， 不要产生竞争
24-11-17.21:39:30.007 [scheduling-1    ] INFO  UpdateAwardStockJob    - 定时任务，更新奖品消耗库存[延迟队列获取，降低对数据库的更新频次， 不要产生竞争
24-11-17.21:39:45.008 [scheduling-1    ] INFO  UpdateAwardStockJob    - 定时任务，更新奖品消耗库存[延迟队列获取，降低对数据库的更新频次， 不要产生竞争
24-11-17.21:40:00.007 [scheduling-1    ] INFO  UpdateAwardStockJob    - 定时任务，更新奖品消耗库存[延迟队列获取，降低对数据库的更新频次， 不要产生竞争
24-11-17.21:40:15.010 [scheduling-1    ] INFO  UpdateAwardStockJob    - 定时任务，更新奖品消耗库存[延迟队列获取，降低对数据库的更新频次， 不要产生竞争
24-11-17.21:40:30.008 [scheduling-1    ] INFO  UpdateAwardStockJob    - 定时任务，更新奖品消耗库存[延迟队列获取，降低对数据库的更新频次， 不要产生竞争
24-11-17.21:40:45.004 [scheduling-1    ] INFO  UpdateAwardStockJob    - 定时任务，更新奖品消耗库存[延迟队列获取，降低对数据库的更新频次， 不要产生竞争
24-11-17.21:41:00.010 [scheduling-1    ] INFO  UpdateAwardStockJob    - 定时任务，更新奖品消耗库存[延迟队列获取，降低对数据库的更新频次， 不要产生竞争
24-11-17.21:41:15.010 [scheduling-1    ] INFO  UpdateAwardStockJob    - 定时任务，更新奖品消耗库存[延迟队列获取，降低对数据库的更新频次， 不要产生竞争
24-11-17.21:41:30.009 [scheduling-1    ] INFO  UpdateAwardStockJob    - 定时任务，更新奖品消耗库存[延迟队列获取，降低对数据库的更新频次， 不要产生竞争
24-11-17.21:41:45.008 [scheduling-1    ] INFO  UpdateAwardStockJob    - 定时任务，更新奖品消耗库存[延迟队列获取，降低对数据库的更新频次， 不要产生竞争
24-11-17.21:42:00.004 [scheduling-1    ] INFO  UpdateAwardStockJob    - 定时任务，更新奖品消耗库存[延迟队列获取，降低对数据库的更新频次， 不要产生竞争
24-11-17.21:42:15.008 [scheduling-1    ] INFO  UpdateAwardStockJob    - 定时任务，更新奖品消耗库存[延迟队列获取，降低对数据库的更新频次， 不要产生竞争
24-11-17.21:42:30.010 [scheduling-1    ] INFO  UpdateAwardStockJob    - 定时任务，更新奖品消耗库存[延迟队列获取，降低对数据库的更新频次， 不要产生竞争
24-11-17.21:42:45.011 [scheduling-1    ] INFO  UpdateAwardStockJob    - 定时任务，更新奖品消耗库存[延迟队列获取，降低对数据库的更新频次， 不要产生竞争
24-11-17.21:43:00.013 [scheduling-1    ] INFO  UpdateAwardStockJob    - 定时任务，更新奖品消耗库存[延迟队列获取，降低对数据库的更新频次， 不要产生竞争
24-11-17.21:43:15.003 [scheduling-1    ] INFO  UpdateAwardStockJob    - 定时任务，更新奖品消耗库存[延迟队列获取，降低对数据库的更新频次， 不要产生竞争
24-11-17.21:43:30.002 [scheduling-1    ] INFO  UpdateAwardStockJob    - 定时任务，更新奖品消耗库存[延迟队列获取，降低对数据库的更新频次， 不要产生竞争
24-11-17.21:43:45.006 [scheduling-1    ] INFO  UpdateAwardStockJob    - 定时任务，更新奖品消耗库存[延迟队列获取，降低对数据库的更新频次， 不要产生竞争
24-11-17.21:44:00.003 [scheduling-1    ] INFO  UpdateAwardStockJob    - 定时任务，更新奖品消耗库存[延迟队列获取，降低对数据库的更新频次， 不要产生竞争
24-11-17.21:44:15.006 [scheduling-1    ] INFO  UpdateAwardStockJob    - 定时任务，更新奖品消耗库存[延迟队列获取，降低对数据库的更新频次， 不要产生竞争
24-11-17.21:44:30.005 [scheduling-1    ] INFO  UpdateAwardStockJob    - 定时任务，更新奖品消耗库存[延迟队列获取，降低对数据库的更新频次， 不要产生竞争
24-11-17.21:44:45.004 [scheduling-1    ] INFO  UpdateAwardStockJob    - 定时任务，更新奖品消耗库存[延迟队列获取，降低对数据库的更新频次， 不要产生竞争
24-11-17.21:45:00.009 [scheduling-1    ] INFO  UpdateAwardStockJob    - 定时任务，更新奖品消耗库存[延迟队列获取，降低对数据库的更新频次， 不要产生竞争
24-11-17.21:45:15.010 [scheduling-1    ] INFO  UpdateAwardStockJob    - 定时任务，更新奖品消耗库存[延迟队列获取，降低对数据库的更新频次， 不要产生竞争
24-11-17.21:45:30.002 [scheduling-1    ] INFO  UpdateAwardStockJob    - 定时任务，更新奖品消耗库存[延迟队列获取，降低对数据库的更新频次， 不要产生竞争
24-11-17.21:45:45.009 [scheduling-1    ] INFO  UpdateAwardStockJob    - 定时任务，更新奖品消耗库存[延迟队列获取，降低对数据库的更新频次， 不要产生竞争
24-11-17.21:46:00.011 [scheduling-1    ] INFO  UpdateAwardStockJob    - 定时任务，更新奖品消耗库存[延迟队列获取，降低对数据库的更新频次， 不要产生竞争
24-11-17.21:46:15.009 [scheduling-1    ] INFO  UpdateAwardStockJob    - 定时任务，更新奖品消耗库存[延迟队列获取，降低对数据库的更新频次， 不要产生竞争
24-11-17.21:46:30.010 [scheduling-1    ] INFO  UpdateAwardStockJob    - 定时任务，更新奖品消耗库存[延迟队列获取，降低对数据库的更新频次， 不要产生竞争
24-11-17.21:46:45.001 [scheduling-1    ] INFO  UpdateAwardStockJob    - 定时任务，更新奖品消耗库存[延迟队列获取，降低对数据库的更新频次， 不要产生竞争
24-11-17.21:47:00.009 [scheduling-1    ] INFO  UpdateAwardStockJob    - 定时任务，更新奖品消耗库存[延迟队列获取，降低对数据库的更新频次， 不要产生竞争
24-11-17.21:47:15.007 [scheduling-1    ] INFO  UpdateAwardStockJob    - 定时任务，更新奖品消耗库存[延迟队列获取，降低对数据库的更新频次， 不要产生竞争
24-11-17.21:47:30.006 [scheduling-1    ] INFO  UpdateAwardStockJob    - 定时任务，更新奖品消耗库存[延迟队列获取，降低对数据库的更新频次， 不要产生竞争
24-11-17.21:47:45.010 [scheduling-1    ] INFO  UpdateAwardStockJob    - 定时任务，更新奖品消耗库存[延迟队列获取，降低对数据库的更新频次， 不要产生竞争
24-11-17.21:48:00.005 [scheduling-1    ] INFO  UpdateAwardStockJob    - 定时任务，更新奖品消耗库存[延迟队列获取，降低对数据库的更新频次， 不要产生竞争
24-11-17.21:48:15.010 [scheduling-1    ] INFO  UpdateAwardStockJob    - 定时任务，更新奖品消耗库存[延迟队列获取，降低对数据库的更新频次， 不要产生竞争
24-11-17.21:48:30.006 [scheduling-1    ] INFO  UpdateAwardStockJob    - 定时任务，更新奖品消耗库存[延迟队列获取，降低对数据库的更新频次， 不要产生竞争
24-11-17.21:48:45.004 [scheduling-1    ] INFO  UpdateAwardStockJob    - 定时任务，更新奖品消耗库存[延迟队列获取，降低对数据库的更新频次， 不要产生竞争
24-11-17.21:49:00.004 [scheduling-1    ] INFO  UpdateAwardStockJob    - 定时任务，更新奖品消耗库存[延迟队列获取，降低对数据库的更新频次， 不要产生竞争
24-11-17.21:49:15.005 [scheduling-1    ] INFO  UpdateAwardStockJob    - 定时任务，更新奖品消耗库存[延迟队列获取，降低对数据库的更新频次， 不要产生竞争
24-11-17.21:49:30.010 [scheduling-1    ] INFO  UpdateAwardStockJob    - 定时任务，更新奖品消耗库存[延迟队列获取，降低对数据库的更新频次， 不要产生竞争
24-11-17.21:49:45.004 [scheduling-1    ] INFO  UpdateAwardStockJob    - 定时任务，更新奖品消耗库存[延迟队列获取，降低对数据库的更新频次， 不要产生竞争
24-11-17.21:50:00.002 [scheduling-1    ] INFO  UpdateAwardStockJob    - 定时任务，更新奖品消耗库存[延迟队列获取，降低对数据库的更新频次， 不要产生竞争
24-11-17.21:50:15.008 [scheduling-1    ] INFO  UpdateAwardStockJob    - 定时任务，更新奖品消耗库存[延迟队列获取，降低对数据库的更新频次， 不要产生竞争
24-11-17.21:50:30.010 [scheduling-1    ] INFO  UpdateAwardStockJob    - 定时任务，更新奖品消耗库存[延迟队列获取，降低对数据库的更新频次， 不要产生竞争
24-11-17.21:50:45.003 [scheduling-1    ] INFO  UpdateAwardStockJob    - 定时任务，更新奖品消耗库存[延迟队列获取，降低对数据库的更新频次， 不要产生竞争
24-11-17.21:51:00.010 [scheduling-1    ] INFO  UpdateAwardStockJob    - 定时任务，更新奖品消耗库存[延迟队列获取，降低对数据库的更新频次， 不要产生竞争
24-11-17.21:51:15.007 [scheduling-1    ] INFO  UpdateAwardStockJob    - 定时任务，更新奖品消耗库存[延迟队列获取，降低对数据库的更新频次， 不要产生竞争
24-11-17.21:51:30.009 [scheduling-1    ] INFO  UpdateAwardStockJob    - 定时任务，更新奖品消耗库存[延迟队列获取，降低对数据库的更新频次， 不要产生竞争
24-11-17.21:51:45.009 [scheduling-1    ] INFO  UpdateAwardStockJob    - 定时任务，更新奖品消耗库存[延迟队列获取，降低对数据库的更新频次， 不要产生竞争
24-11-17.21:52:00.003 [scheduling-1    ] INFO  UpdateAwardStockJob    - 定时任务，更新奖品消耗库存[延迟队列获取，降低对数据库的更新频次， 不要产生竞争
24-11-17.21:52:15.001 [scheduling-1    ] INFO  UpdateAwardStockJob    - 定时任务，更新奖品消耗库存[延迟队列获取，降低对数据库的更新频次， 不要产生竞争
24-11-17.21:52:30.005 [scheduling-1    ] INFO  UpdateAwardStockJob    - 定时任务，更新奖品消耗库存[延迟队列获取，降低对数据库的更新频次， 不要产生竞争
24-11-17.21:52:45.005 [scheduling-1    ] INFO  UpdateAwardStockJob    - 定时任务，更新奖品消耗库存[延迟队列获取，降低对数据库的更新频次， 不要产生竞争
24-11-17.21:53:00.008 [scheduling-1    ] INFO  UpdateAwardStockJob    - 定时任务，更新奖品消耗库存[延迟队列获取，降低对数据库的更新频次， 不要产生竞争
24-11-17.21:53:15.007 [scheduling-1    ] INFO  UpdateAwardStockJob    - 定时任务，更新奖品消耗库存[延迟队列获取，降低对数据库的更新频次， 不要产生竞争
24-11-17.21:53:30.010 [scheduling-1    ] INFO  UpdateAwardStockJob    - 定时任务，更新奖品消耗库存[延迟队列获取，降低对数据库的更新频次， 不要产生竞争
24-11-17.21:53:45.006 [scheduling-1    ] INFO  UpdateAwardStockJob    - 定时任务，更新奖品消耗库存[延迟队列获取，降低对数据库的更新频次， 不要产生竞争
24-11-17.21:54:00.001 [scheduling-1    ] INFO  UpdateAwardStockJob    - 定时任务，更新奖品消耗库存[延迟队列获取，降低对数据库的更新频次， 不要产生竞争
24-11-17.21:54:15.001 [scheduling-1    ] INFO  UpdateAwardStockJob    - 定时任务，更新奖品消耗库存[延迟队列获取，降低对数据库的更新频次， 不要产生竞争
24-11-17.21:54:30.008 [scheduling-1    ] INFO  UpdateAwardStockJob    - 定时任务，更新奖品消耗库存[延迟队列获取，降低对数据库的更新频次， 不要产生竞争
24-11-17.21:54:45.001 [scheduling-1    ] INFO  UpdateAwardStockJob    - 定时任务，更新奖品消耗库存[延迟队列获取，降低对数据库的更新频次， 不要产生竞争
24-11-17.21:55:00.010 [scheduling-1    ] INFO  UpdateAwardStockJob    - 定时任务，更新奖品消耗库存[延迟队列获取，降低对数据库的更新频次， 不要产生竞争
24-11-17.21:55:15.005 [scheduling-1    ] INFO  UpdateAwardStockJob    - 定时任务，更新奖品消耗库存[延迟队列获取，降低对数据库的更新频次， 不要产生竞争
24-11-17.21:55:30.010 [scheduling-1    ] INFO  UpdateAwardStockJob    - 定时任务，更新奖品消耗库存[延迟队列获取，降低对数据库的更新频次， 不要产生竞争
24-11-17.21:55:45.002 [scheduling-1    ] INFO  UpdateAwardStockJob    - 定时任务，更新奖品消耗库存[延迟队列获取，降低对数据库的更新频次， 不要产生竞争
24-11-17.21:56:00.006 [scheduling-1    ] INFO  UpdateAwardStockJob    - 定时任务，更新奖品消耗库存[延迟队列获取，降低对数据库的更新频次， 不要产生竞争
24-11-17.21:56:15.008 [scheduling-1    ] INFO  UpdateAwardStockJob    - 定时任务，更新奖品消耗库存[延迟队列获取，降低对数据库的更新频次， 不要产生竞争
24-11-17.21:56:30.007 [scheduling-1    ] INFO  UpdateAwardStockJob    - 定时任务，更新奖品消耗库存[延迟队列获取，降低对数据库的更新频次， 不要产生竞争
24-11-17.21:56:45.002 [scheduling-1    ] INFO  UpdateAwardStockJob    - 定时任务，更新奖品消耗库存[延迟队列获取，降低对数据库的更新频次， 不要产生竞争
24-11-17.21:57:00.005 [scheduling-1    ] INFO  UpdateAwardStockJob    - 定时任务，更新奖品消耗库存[延迟队列获取，降低对数据库的更新频次， 不要产生竞争
24-11-17.21:57:15.010 [scheduling-1    ] INFO  UpdateAwardStockJob    - 定时任务，更新奖品消耗库存[延迟队列获取，降低对数据库的更新频次， 不要产生竞争
24-11-17.21:57:30.010 [scheduling-1    ] INFO  UpdateAwardStockJob    - 定时任务，更新奖品消耗库存[延迟队列获取，降低对数据库的更新频次， 不要产生竞争
24-11-17.21:57:45.010 [scheduling-1    ] INFO  UpdateAwardStockJob    - 定时任务，更新奖品消耗库存[延迟队列获取，降低对数据库的更新频次， 不要产生竞争
24-11-17.21:58:00.005 [scheduling-1    ] INFO  UpdateAwardStockJob    - 定时任务，更新奖品消耗库存[延迟队列获取，降低对数据库的更新频次， 不要产生竞争
24-11-17.21:58:15.007 [scheduling-1    ] INFO  UpdateAwardStockJob    - 定时任务，更新奖品消耗库存[延迟队列获取，降低对数据库的更新频次， 不要产生竞争
24-11-17.21:58:30.010 [scheduling-1    ] INFO  UpdateAwardStockJob    - 定时任务，更新奖品消耗库存[延迟队列获取，降低对数据库的更新频次， 不要产生竞争
24-11-17.21:58:45.009 [scheduling-1    ] INFO  UpdateAwardStockJob    - 定时任务，更新奖品消耗库存[延迟队列获取，降低对数据库的更新频次， 不要产生竞争
24-11-17.21:59:00.002 [scheduling-1    ] INFO  UpdateAwardStockJob    - 定时任务，更新奖品消耗库存[延迟队列获取，降低对数据库的更新频次， 不要产生竞争
24-11-17.21:59:15.002 [scheduling-1    ] INFO  UpdateAwardStockJob    - 定时任务，更新奖品消耗库存[延迟队列获取，降低对数据库的更新频次， 不要产生竞争
24-11-17.21:59:30.010 [scheduling-1    ] INFO  UpdateAwardStockJob    - 定时任务，更新奖品消耗库存[延迟队列获取，降低对数据库的更新频次， 不要产生竞争
24-11-17.21:59:45.007 [scheduling-1    ] INFO  UpdateAwardStockJob    - 定时任务，更新奖品消耗库存[延迟队列获取，降低对数据库的更新频次， 不要产生竞争
24-11-17.22:00:00.010 [scheduling-1    ] INFO  UpdateAwardStockJob    - 定时任务，更新奖品消耗库存[延迟队列获取，降低对数据库的更新频次， 不要产生竞争
24-11-17.22:00:15.009 [scheduling-1    ] INFO  UpdateAwardStockJob    - 定时任务，更新奖品消耗库存[延迟队列获取，降低对数据库的更新频次， 不要产生竞争
24-11-17.22:00:30.004 [scheduling-1    ] INFO  UpdateAwardStockJob    - 定时任务，更新奖品消耗库存[延迟队列获取，降低对数据库的更新频次， 不要产生竞争
24-11-17.22:00:45.010 [scheduling-1    ] INFO  UpdateAwardStockJob    - 定时任务，更新奖品消耗库存[延迟队列获取，降低对数据库的更新频次， 不要产生竞争
24-11-17.22:01:00.006 [scheduling-1    ] INFO  UpdateAwardStockJob    - 定时任务，更新奖品消耗库存[延迟队列获取，降低对数据库的更新频次， 不要产生竞争
24-11-17.22:01:15.011 [scheduling-1    ] INFO  UpdateAwardStockJob    - 定时任务，更新奖品消耗库存[延迟队列获取，降低对数据库的更新频次， 不要产生竞争
24-11-17.22:01:30.011 [scheduling-1    ] INFO  UpdateAwardStockJob    - 定时任务，更新奖品消耗库存[延迟队列获取，降低对数据库的更新频次， 不要产生竞争
24-11-17.22:01:45.006 [scheduling-1    ] INFO  UpdateAwardStockJob    - 定时任务，更新奖品消耗库存[延迟队列获取，降低对数据库的更新频次， 不要产生竞争
24-11-17.22:02:00.008 [scheduling-1    ] INFO  UpdateAwardStockJob    - 定时任务，更新奖品消耗库存[延迟队列获取，降低对数据库的更新频次， 不要产生竞争
24-11-17.22:02:15.006 [scheduling-1    ] INFO  UpdateAwardStockJob    - 定时任务，更新奖品消耗库存[延迟队列获取，降低对数据库的更新频次， 不要产生竞争
24-11-17.22:02:30.009 [scheduling-1    ] INFO  UpdateAwardStockJob    - 定时任务，更新奖品消耗库存[延迟队列获取，降低对数据库的更新频次， 不要产生竞争
24-11-17.22:02:45.002 [scheduling-1    ] INFO  UpdateAwardStockJob    - 定时任务，更新奖品消耗库存[延迟队列获取，降低对数据库的更新频次， 不要产生竞争
24-11-17.22:03:00.010 [scheduling-1    ] INFO  UpdateAwardStockJob    - 定时任务，更新奖品消耗库存[延迟队列获取，降低对数据库的更新频次， 不要产生竞争
24-11-17.22:03:15.008 [scheduling-1    ] INFO  UpdateAwardStockJob    - 定时任务，更新奖品消耗库存[延迟队列获取，降低对数据库的更新频次， 不要产生竞争
24-11-17.22:03:30.003 [scheduling-1    ] INFO  UpdateAwardStockJob    - 定时任务，更新奖品消耗库存[延迟队列获取，降低对数据库的更新频次， 不要产生竞争
24-11-17.22:03:45.005 [scheduling-1    ] INFO  UpdateAwardStockJob    - 定时任务，更新奖品消耗库存[延迟队列获取，降低对数据库的更新频次， 不要产生竞争
24-11-17.22:04:00.010 [scheduling-1    ] INFO  UpdateAwardStockJob    - 定时任务，更新奖品消耗库存[延迟队列获取，降低对数据库的更新频次， 不要产生竞争
24-11-17.22:04:15.009 [scheduling-1    ] INFO  UpdateAwardStockJob    - 定时任务，更新奖品消耗库存[延迟队列获取，降低对数据库的更新频次， 不要产生竞争
24-11-17.22:04:30.011 [scheduling-1    ] INFO  UpdateAwardStockJob    - 定时任务，更新奖品消耗库存[延迟队列获取，降低对数据库的更新频次， 不要产生竞争
24-11-17.22:04:45.016 [scheduling-1    ] INFO  UpdateAwardStockJob    - 定时任务，更新奖品消耗库存[延迟队列获取，降低对数据库的更新频次， 不要产生竞争
24-11-17.22:05:00.008 [scheduling-1    ] INFO  UpdateAwardStockJob    - 定时任务，更新奖品消耗库存[延迟队列获取，降低对数据库的更新频次， 不要产生竞争
24-11-17.22:05:15.010 [scheduling-1    ] INFO  UpdateAwardStockJob    - 定时任务，更新奖品消耗库存[延迟队列获取，降低对数据库的更新频次， 不要产生竞争
24-11-17.22:05:30.009 [scheduling-1    ] INFO  UpdateAwardStockJob    - 定时任务，更新奖品消耗库存[延迟队列获取，降低对数据库的更新频次， 不要产生竞争
24-11-17.22:05:45.006 [scheduling-1    ] INFO  UpdateAwardStockJob    - 定时任务，更新奖品消耗库存[延迟队列获取，降低对数据库的更新频次， 不要产生竞争
24-11-17.22:06:00.006 [scheduling-1    ] INFO  UpdateAwardStockJob    - 定时任务，更新奖品消耗库存[延迟队列获取，降低对数据库的更新频次， 不要产生竞争
24-11-17.22:06:15.009 [scheduling-1    ] INFO  UpdateAwardStockJob    - 定时任务，更新奖品消耗库存[延迟队列获取，降低对数据库的更新频次， 不要产生竞争
24-11-17.22:06:30.007 [scheduling-1    ] INFO  UpdateAwardStockJob    - 定时任务，更新奖品消耗库存[延迟队列获取，降低对数据库的更新频次， 不要产生竞争
24-11-17.22:06:45.010 [scheduling-1    ] INFO  UpdateAwardStockJob    - 定时任务，更新奖品消耗库存[延迟队列获取，降低对数据库的更新频次， 不要产生竞争
24-11-17.22:07:00.010 [scheduling-1    ] INFO  UpdateAwardStockJob    - 定时任务，更新奖品消耗库存[延迟队列获取，降低对数据库的更新频次， 不要产生竞争
24-11-17.22:07:15.010 [scheduling-1    ] INFO  UpdateAwardStockJob    - 定时任务，更新奖品消耗库存[延迟队列获取，降低对数据库的更新频次， 不要产生竞争
24-11-17.22:07:30.010 [scheduling-1    ] INFO  UpdateAwardStockJob    - 定时任务，更新奖品消耗库存[延迟队列获取，降低对数据库的更新频次， 不要产生竞争
24-11-17.22:07:45.008 [scheduling-1    ] INFO  UpdateAwardStockJob    - 定时任务，更新奖品消耗库存[延迟队列获取，降低对数据库的更新频次， 不要产生竞争
24-11-17.22:08:00.010 [scheduling-1    ] INFO  UpdateAwardStockJob    - 定时任务，更新奖品消耗库存[延迟队列获取，降低对数据库的更新频次， 不要产生竞争
24-11-17.22:08:15.010 [scheduling-1    ] INFO  UpdateAwardStockJob    - 定时任务，更新奖品消耗库存[延迟队列获取，降低对数据库的更新频次， 不要产生竞争
24-11-17.22:08:30.010 [scheduling-1    ] INFO  UpdateAwardStockJob    - 定时任务，更新奖品消耗库存[延迟队列获取，降低对数据库的更新频次， 不要产生竞争
24-11-17.22:08:45.010 [scheduling-1    ] INFO  UpdateAwardStockJob    - 定时任务，更新奖品消耗库存[延迟队列获取，降低对数据库的更新频次， 不要产生竞争
24-11-17.22:09:00.004 [scheduling-1    ] INFO  UpdateAwardStockJob    - 定时任务，更新奖品消耗库存[延迟队列获取，降低对数据库的更新频次， 不要产生竞争
24-11-17.22:09:15.005 [scheduling-1    ] INFO  UpdateAwardStockJob    - 定时任务，更新奖品消耗库存[延迟队列获取，降低对数据库的更新频次， 不要产生竞争
24-11-17.22:09:30.003 [scheduling-1    ] INFO  UpdateAwardStockJob    - 定时任务，更新奖品消耗库存[延迟队列获取，降低对数据库的更新频次， 不要产生竞争
24-11-17.22:09:45.001 [scheduling-1    ] INFO  UpdateAwardStockJob    - 定时任务，更新奖品消耗库存[延迟队列获取，降低对数据库的更新频次， 不要产生竞争
24-11-17.22:10:00.002 [scheduling-1    ] INFO  UpdateAwardStockJob    - 定时任务，更新奖品消耗库存[延迟队列获取，降低对数据库的更新频次， 不要产生竞争
24-11-17.22:10:15.010 [scheduling-1    ] INFO  UpdateAwardStockJob    - 定时任务，更新奖品消耗库存[延迟队列获取，降低对数据库的更新频次， 不要产生竞争
24-11-17.22:10:30.010 [scheduling-1    ] INFO  UpdateAwardStockJob    - 定时任务，更新奖品消耗库存[延迟队列获取，降低对数据库的更新频次， 不要产生竞争
24-11-17.22:10:45.002 [scheduling-1    ] INFO  UpdateAwardStockJob    - 定时任务，更新奖品消耗库存[延迟队列获取，降低对数据库的更新频次， 不要产生竞争
24-11-17.22:11:00.009 [scheduling-1    ] INFO  UpdateAwardStockJob    - 定时任务，更新奖品消耗库存[延迟队列获取，降低对数据库的更新频次， 不要产生竞争
24-11-17.22:11:15.003 [scheduling-1    ] INFO  UpdateAwardStockJob    - 定时任务，更新奖品消耗库存[延迟队列获取，降低对数据库的更新频次， 不要产生竞争
24-11-17.22:11:30.008 [scheduling-1    ] INFO  UpdateAwardStockJob    - 定时任务，更新奖品消耗库存[延迟队列获取，降低对数据库的更新频次， 不要产生竞争
24-11-17.22:11:45.001 [scheduling-1    ] INFO  UpdateAwardStockJob    - 定时任务，更新奖品消耗库存[延迟队列获取，降低对数据库的更新频次， 不要产生竞争
24-11-17.22:12:00.003 [scheduling-1    ] INFO  UpdateAwardStockJob    - 定时任务，更新奖品消耗库存[延迟队列获取，降低对数据库的更新频次， 不要产生竞争
24-11-17.22:12:15.001 [scheduling-1    ] INFO  UpdateAwardStockJob    - 定时任务，更新奖品消耗库存[延迟队列获取，降低对数据库的更新频次， 不要产生竞争
24-11-17.22:12:30.011 [scheduling-1    ] INFO  UpdateAwardStockJob    - 定时任务，更新奖品消耗库存[延迟队列获取，降低对数据库的更新频次， 不要产生竞争
24-11-17.22:12:45.002 [scheduling-1    ] INFO  UpdateAwardStockJob    - 定时任务，更新奖品消耗库存[延迟队列获取，降低对数据库的更新频次， 不要产生竞争
24-11-17.22:13:00.010 [scheduling-1    ] INFO  UpdateAwardStockJob    - 定时任务，更新奖品消耗库存[延迟队列获取，降低对数据库的更新频次， 不要产生竞争
24-11-17.22:13:15.010 [scheduling-1    ] INFO  UpdateAwardStockJob    - 定时任务，更新奖品消耗库存[延迟队列获取，降低对数据库的更新频次， 不要产生竞争
24-11-17.22:13:30.010 [scheduling-1    ] INFO  UpdateAwardStockJob    - 定时任务，更新奖品消耗库存[延迟队列获取，降低对数据库的更新频次， 不要产生竞争
24-11-17.22:13:45.009 [scheduling-1    ] INFO  UpdateAwardStockJob    - 定时任务，更新奖品消耗库存[延迟队列获取，降低对数据库的更新频次， 不要产生竞争
24-11-17.22:14:00.010 [scheduling-1    ] INFO  UpdateAwardStockJob    - 定时任务，更新奖品消耗库存[延迟队列获取，降低对数据库的更新频次， 不要产生竞争
24-11-17.22:14:15.010 [scheduling-1    ] INFO  UpdateAwardStockJob    - 定时任务，更新奖品消耗库存[延迟队列获取，降低对数据库的更新频次， 不要产生竞争
24-11-17.22:14:30.007 [scheduling-1    ] INFO  UpdateAwardStockJob    - 定时任务，更新奖品消耗库存[延迟队列获取，降低对数据库的更新频次， 不要产生竞争
24-11-17.22:14:45.001 [scheduling-1    ] INFO  UpdateAwardStockJob    - 定时任务，更新奖品消耗库存[延迟队列获取，降低对数据库的更新频次， 不要产生竞争
24-11-17.22:15:00.009 [scheduling-1    ] INFO  UpdateAwardStockJob    - 定时任务，更新奖品消耗库存[延迟队列获取，降低对数据库的更新频次， 不要产生竞争
24-11-17.22:15:15.007 [scheduling-1    ] INFO  UpdateAwardStockJob    - 定时任务，更新奖品消耗库存[延迟队列获取，降低对数据库的更新频次， 不要产生竞争
24-11-17.22:15:30.010 [scheduling-1    ] INFO  UpdateAwardStockJob    - 定时任务，更新奖品消耗库存[延迟队列获取，降低对数据库的更新频次， 不要产生竞争
24-11-17.22:15:45.008 [scheduling-1    ] INFO  UpdateAwardStockJob    - 定时任务，更新奖品消耗库存[延迟队列获取，降低对数据库的更新频次， 不要产生竞争
24-11-17.22:16:00.010 [scheduling-1    ] INFO  UpdateAwardStockJob    - 定时任务，更新奖品消耗库存[延迟队列获取，降低对数据库的更新频次， 不要产生竞争
24-11-17.22:16:15.011 [scheduling-1    ] INFO  UpdateAwardStockJob    - 定时任务，更新奖品消耗库存[延迟队列获取，降低对数据库的更新频次， 不要产生竞争
24-11-17.22:16:30.010 [scheduling-1    ] INFO  UpdateAwardStockJob    - 定时任务，更新奖品消耗库存[延迟队列获取，降低对数据库的更新频次， 不要产生竞争
24-11-17.22:16:45.005 [scheduling-1    ] INFO  UpdateAwardStockJob    - 定时任务，更新奖品消耗库存[延迟队列获取，降低对数据库的更新频次， 不要产生竞争
24-11-17.22:17:00.010 [scheduling-1    ] INFO  UpdateAwardStockJob    - 定时任务，更新奖品消耗库存[延迟队列获取，降低对数据库的更新频次， 不要产生竞争
24-11-17.22:17:15.010 [scheduling-1    ] INFO  UpdateAwardStockJob    - 定时任务，更新奖品消耗库存[延迟队列获取，降低对数据库的更新频次， 不要产生竞争
24-11-17.22:17:30.008 [scheduling-1    ] INFO  UpdateAwardStockJob    - 定时任务，更新奖品消耗库存[延迟队列获取，降低对数据库的更新频次， 不要产生竞争
24-11-17.22:17:45.010 [scheduling-1    ] INFO  UpdateAwardStockJob    - 定时任务，更新奖品消耗库存[延迟队列获取，降低对数据库的更新频次， 不要产生竞争
24-11-17.22:18:00.004 [scheduling-1    ] INFO  UpdateAwardStockJob    - 定时任务，更新奖品消耗库存[延迟队列获取，降低对数据库的更新频次， 不要产生竞争
24-11-17.22:18:15.006 [scheduling-1    ] INFO  UpdateAwardStockJob    - 定时任务，更新奖品消耗库存[延迟队列获取，降低对数据库的更新频次， 不要产生竞争
24-11-17.22:18:30.009 [scheduling-1    ] INFO  UpdateAwardStockJob    - 定时任务，更新奖品消耗库存[延迟队列获取，降低对数据库的更新频次， 不要产生竞争
24-11-17.22:18:45.010 [scheduling-1    ] INFO  UpdateAwardStockJob    - 定时任务，更新奖品消耗库存[延迟队列获取，降低对数据库的更新频次， 不要产生竞争
24-11-17.22:19:00.002 [scheduling-1    ] INFO  UpdateAwardStockJob    - 定时任务，更新奖品消耗库存[延迟队列获取，降低对数据库的更新频次， 不要产生竞争
24-11-17.22:19:15.002 [scheduling-1    ] INFO  UpdateAwardStockJob    - 定时任务，更新奖品消耗库存[延迟队列获取，降低对数据库的更新频次， 不要产生竞争
24-11-17.22:19:30.010 [scheduling-1    ] INFO  UpdateAwardStockJob    - 定时任务，更新奖品消耗库存[延迟队列获取，降低对数据库的更新频次， 不要产生竞争
24-11-17.22:19:45.010 [scheduling-1    ] INFO  UpdateAwardStockJob    - 定时任务，更新奖品消耗库存[延迟队列获取，降低对数据库的更新频次， 不要产生竞争
24-11-17.22:20:00.010 [scheduling-1    ] INFO  UpdateAwardStockJob    - 定时任务，更新奖品消耗库存[延迟队列获取，降低对数据库的更新频次， 不要产生竞争
24-11-17.22:20:15.010 [scheduling-1    ] INFO  UpdateAwardStockJob    - 定时任务，更新奖品消耗库存[延迟队列获取，降低对数据库的更新频次， 不要产生竞争
24-11-17.22:20:30.005 [scheduling-1    ] INFO  UpdateAwardStockJob    - 定时任务，更新奖品消耗库存[延迟队列获取，降低对数据库的更新频次， 不要产生竞争
24-11-17.22:20:45.002 [scheduling-1    ] INFO  UpdateAwardStockJob    - 定时任务，更新奖品消耗库存[延迟队列获取，降低对数据库的更新频次， 不要产生竞争
24-11-17.22:21:00.001 [scheduling-1    ] INFO  UpdateAwardStockJob    - 定时任务，更新奖品消耗库存[延迟队列获取，降低对数据库的更新频次， 不要产生竞争
24-11-17.22:21:15.001 [scheduling-1    ] INFO  UpdateAwardStockJob    - 定时任务，更新奖品消耗库存[延迟队列获取，降低对数据库的更新频次， 不要产生竞争
24-11-17.22:21:30.008 [scheduling-1    ] INFO  UpdateAwardStockJob    - 定时任务，更新奖品消耗库存[延迟队列获取，降低对数据库的更新频次， 不要产生竞争
24-11-17.22:21:45.010 [scheduling-1    ] INFO  UpdateAwardStockJob    - 定时任务，更新奖品消耗库存[延迟队列获取，降低对数据库的更新频次， 不要产生竞争
24-11-17.22:22:00.011 [scheduling-1    ] INFO  UpdateAwardStockJob    - 定时任务，更新奖品消耗库存[延迟队列获取，降低对数据库的更新频次， 不要产生竞争
24-11-17.22:22:15.008 [scheduling-1    ] INFO  UpdateAwardStockJob    - 定时任务，更新奖品消耗库存[延迟队列获取，降低对数据库的更新频次， 不要产生竞争
24-11-17.22:22:30.010 [scheduling-1    ] INFO  UpdateAwardStockJob    - 定时任务，更新奖品消耗库存[延迟队列获取，降低对数据库的更新频次， 不要产生竞争
24-11-17.22:22:45.011 [scheduling-1    ] INFO  UpdateAwardStockJob    - 定时任务，更新奖品消耗库存[延迟队列获取，降低对数据库的更新频次， 不要产生竞争
24-11-17.22:23:00.001 [scheduling-1    ] INFO  UpdateAwardStockJob    - 定时任务，更新奖品消耗库存[延迟队列获取，降低对数据库的更新频次， 不要产生竞争
24-11-17.22:23:15.010 [scheduling-1    ] INFO  UpdateAwardStockJob    - 定时任务，更新奖品消耗库存[延迟队列获取，降低对数据库的更新频次， 不要产生竞争
24-11-17.22:23:30.002 [scheduling-1    ] INFO  UpdateAwardStockJob    - 定时任务，更新奖品消耗库存[延迟队列获取，降低对数据库的更新频次， 不要产生竞争
24-11-17.22:23:45.010 [scheduling-1    ] INFO  UpdateAwardStockJob    - 定时任务，更新奖品消耗库存[延迟队列获取，降低对数据库的更新频次， 不要产生竞争
24-11-17.22:24:00.010 [scheduling-1    ] INFO  UpdateAwardStockJob    - 定时任务，更新奖品消耗库存[延迟队列获取，降低对数据库的更新频次， 不要产生竞争
24-11-17.22:24:15.002 [scheduling-1    ] INFO  UpdateAwardStockJob    - 定时任务，更新奖品消耗库存[延迟队列获取，降低对数据库的更新频次， 不要产生竞争
24-11-17.22:24:30.010 [scheduling-1    ] INFO  UpdateAwardStockJob    - 定时任务，更新奖品消耗库存[延迟队列获取，降低对数据库的更新频次， 不要产生竞争
24-11-17.22:24:45.002 [scheduling-1    ] INFO  UpdateAwardStockJob    - 定时任务，更新奖品消耗库存[延迟队列获取，降低对数据库的更新频次， 不要产生竞争
24-11-17.22:25:00.002 [scheduling-1    ] INFO  UpdateAwardStockJob    - 定时任务，更新奖品消耗库存[延迟队列获取，降低对数据库的更新频次， 不要产生竞争
24-11-17.22:25:15.010 [scheduling-1    ] INFO  UpdateAwardStockJob    - 定时任务，更新奖品消耗库存[延迟队列获取，降低对数据库的更新频次， 不要产生竞争
24-11-17.22:25:30.010 [scheduling-1    ] INFO  UpdateAwardStockJob    - 定时任务，更新奖品消耗库存[延迟队列获取，降低对数据库的更新频次， 不要产生竞争
24-11-17.22:25:45.002 [scheduling-1    ] INFO  UpdateAwardStockJob    - 定时任务，更新奖品消耗库存[延迟队列获取，降低对数据库的更新频次， 不要产生竞争
24-11-17.22:26:00.006 [scheduling-1    ] INFO  UpdateAwardStockJob    - 定时任务，更新奖品消耗库存[延迟队列获取，降低对数据库的更新频次， 不要产生竞争
24-11-17.22:26:15.005 [scheduling-1    ] INFO  UpdateAwardStockJob    - 定时任务，更新奖品消耗库存[延迟队列获取，降低对数据库的更新频次， 不要产生竞争
24-11-17.22:26:30.010 [scheduling-1    ] INFO  UpdateAwardStockJob    - 定时任务，更新奖品消耗库存[延迟队列获取，降低对数据库的更新频次， 不要产生竞争
24-11-17.22:26:45.010 [scheduling-1    ] INFO  UpdateAwardStockJob    - 定时任务，更新奖品消耗库存[延迟队列获取，降低对数据库的更新频次， 不要产生竞争
24-11-17.22:27:00.002 [scheduling-1    ] INFO  UpdateAwardStockJob    - 定时任务，更新奖品消耗库存[延迟队列获取，降低对数据库的更新频次， 不要产生竞争
24-11-17.22:27:15.010 [scheduling-1    ] INFO  UpdateAwardStockJob    - 定时任务，更新奖品消耗库存[延迟队列获取，降低对数据库的更新频次， 不要产生竞争
24-11-17.22:27:30.010 [scheduling-1    ] INFO  UpdateAwardStockJob    - 定时任务，更新奖品消耗库存[延迟队列获取，降低对数据库的更新频次， 不要产生竞争
24-11-17.22:27:45.004 [scheduling-1    ] INFO  UpdateAwardStockJob    - 定时任务，更新奖品消耗库存[延迟队列获取，降低对数据库的更新频次， 不要产生竞争
24-11-17.22:28:00.009 [scheduling-1    ] INFO  UpdateAwardStockJob    - 定时任务，更新奖品消耗库存[延迟队列获取，降低对数据库的更新频次， 不要产生竞争
24-11-17.22:28:15.011 [scheduling-1    ] INFO  UpdateAwardStockJob    - 定时任务，更新奖品消耗库存[延迟队列获取，降低对数据库的更新频次， 不要产生竞争
24-11-17.22:28:30.010 [scheduling-1    ] INFO  UpdateAwardStockJob    - 定时任务，更新奖品消耗库存[延迟队列获取，降低对数据库的更新频次， 不要产生竞争
24-11-17.22:28:45.011 [scheduling-1    ] INFO  UpdateAwardStockJob    - 定时任务，更新奖品消耗库存[延迟队列获取，降低对数据库的更新频次， 不要产生竞争
24-11-17.22:29:00.010 [scheduling-1    ] INFO  UpdateAwardStockJob    - 定时任务，更新奖品消耗库存[延迟队列获取，降低对数据库的更新频次， 不要产生竞争
24-11-17.22:29:15.009 [scheduling-1    ] INFO  UpdateAwardStockJob    - 定时任务，更新奖品消耗库存[延迟队列获取，降低对数据库的更新频次， 不要产生竞争
24-11-17.22:29:30.006 [scheduling-1    ] INFO  UpdateAwardStockJob    - 定时任务，更新奖品消耗库存[延迟队列获取，降低对数据库的更新频次， 不要产生竞争
24-11-17.22:29:45.003 [scheduling-1    ] INFO  UpdateAwardStockJob    - 定时任务，更新奖品消耗库存[延迟队列获取，降低对数据库的更新频次， 不要产生竞争
24-11-17.22:30:00.003 [scheduling-1    ] INFO  UpdateAwardStockJob    - 定时任务，更新奖品消耗库存[延迟队列获取，降低对数据库的更新频次， 不要产生竞争
24-11-17.22:30:15.003 [scheduling-1    ] INFO  UpdateAwardStockJob    - 定时任务，更新奖品消耗库存[延迟队列获取，降低对数据库的更新频次， 不要产生竞争
24-11-17.22:30:30.010 [scheduling-1    ] INFO  UpdateAwardStockJob    - 定时任务，更新奖品消耗库存[延迟队列获取，降低对数据库的更新频次， 不要产生竞争
24-11-17.22:30:45.003 [scheduling-1    ] INFO  UpdateAwardStockJob    - 定时任务，更新奖品消耗库存[延迟队列获取，降低对数据库的更新频次， 不要产生竞争
24-11-17.22:31:00.007 [scheduling-1    ] INFO  UpdateAwardStockJob    - 定时任务，更新奖品消耗库存[延迟队列获取，降低对数据库的更新频次， 不要产生竞争
24-11-17.22:31:15.007 [scheduling-1    ] INFO  UpdateAwardStockJob    - 定时任务，更新奖品消耗库存[延迟队列获取，降低对数据库的更新频次， 不要产生竞争
24-11-17.22:31:30.001 [scheduling-1    ] INFO  UpdateAwardStockJob    - 定时任务，更新奖品消耗库存[延迟队列获取，降低对数据库的更新频次， 不要产生竞争
24-11-17.22:31:45.004 [scheduling-1    ] INFO  UpdateAwardStockJob    - 定时任务，更新奖品消耗库存[延迟队列获取，降低对数据库的更新频次， 不要产生竞争
24-11-17.22:32:00.008 [scheduling-1    ] INFO  UpdateAwardStockJob    - 定时任务，更新奖品消耗库存[延迟队列获取，降低对数据库的更新频次， 不要产生竞争
24-11-17.22:32:15.005 [scheduling-1    ] INFO  UpdateAwardStockJob    - 定时任务，更新奖品消耗库存[延迟队列获取，降低对数据库的更新频次， 不要产生竞争
24-11-17.22:32:30.004 [scheduling-1    ] INFO  UpdateAwardStockJob    - 定时任务，更新奖品消耗库存[延迟队列获取，降低对数据库的更新频次， 不要产生竞争
24-11-17.22:32:45.004 [scheduling-1    ] INFO  UpdateAwardStockJob    - 定时任务，更新奖品消耗库存[延迟队列获取，降低对数据库的更新频次， 不要产生竞争
24-11-17.22:33:00.007 [scheduling-1    ] INFO  UpdateAwardStockJob    - 定时任务，更新奖品消耗库存[延迟队列获取，降低对数据库的更新频次， 不要产生竞争
24-11-17.22:33:15.004 [scheduling-1    ] INFO  UpdateAwardStockJob    - 定时任务，更新奖品消耗库存[延迟队列获取，降低对数据库的更新频次， 不要产生竞争
24-11-17.22:33:30.007 [scheduling-1    ] INFO  UpdateAwardStockJob    - 定时任务，更新奖品消耗库存[延迟队列获取，降低对数据库的更新频次， 不要产生竞争
24-11-17.22:33:45.001 [scheduling-1    ] INFO  UpdateAwardStockJob    - 定时任务，更新奖品消耗库存[延迟队列获取，降低对数据库的更新频次， 不要产生竞争
24-11-17.22:34:00.007 [scheduling-1    ] INFO  UpdateAwardStockJob    - 定时任务，更新奖品消耗库存[延迟队列获取，降低对数据库的更新频次， 不要产生竞争
24-11-17.22:34:15.003 [scheduling-1    ] INFO  UpdateAwardStockJob    - 定时任务，更新奖品消耗库存[延迟队列获取，降低对数据库的更新频次， 不要产生竞争
24-11-17.22:34:30.005 [scheduling-1    ] INFO  UpdateAwardStockJob    - 定时任务，更新奖品消耗库存[延迟队列获取，降低对数据库的更新频次， 不要产生竞争
24-11-17.22:34:45.003 [scheduling-1    ] INFO  UpdateAwardStockJob    - 定时任务，更新奖品消耗库存[延迟队列获取，降低对数据库的更新频次， 不要产生竞争
24-11-17.22:35:00.001 [scheduling-1    ] INFO  UpdateAwardStockJob    - 定时任务，更新奖品消耗库存[延迟队列获取，降低对数据库的更新频次， 不要产生竞争
24-11-17.22:35:15.004 [scheduling-1    ] INFO  UpdateAwardStockJob    - 定时任务，更新奖品消耗库存[延迟队列获取，降低对数据库的更新频次， 不要产生竞争
24-11-17.22:35:30.004 [scheduling-1    ] INFO  UpdateAwardStockJob    - 定时任务，更新奖品消耗库存[延迟队列获取，降低对数据库的更新频次， 不要产生竞争
24-11-17.22:35:45.004 [scheduling-1    ] INFO  UpdateAwardStockJob    - 定时任务，更新奖品消耗库存[延迟队列获取，降低对数据库的更新频次， 不要产生竞争
24-11-17.22:36:00.010 [scheduling-1    ] INFO  UpdateAwardStockJob    - 定时任务，更新奖品消耗库存[延迟队列获取，降低对数据库的更新频次， 不要产生竞争
24-11-17.22:36:15.005 [scheduling-1    ] INFO  UpdateAwardStockJob    - 定时任务，更新奖品消耗库存[延迟队列获取，降低对数据库的更新频次， 不要产生竞争
24-11-17.22:36:30.003 [scheduling-1    ] INFO  UpdateAwardStockJob    - 定时任务，更新奖品消耗库存[延迟队列获取，降低对数据库的更新频次， 不要产生竞争
24-11-17.22:36:45.005 [scheduling-1    ] INFO  UpdateAwardStockJob    - 定时任务，更新奖品消耗库存[延迟队列获取，降低对数据库的更新频次， 不要产生竞争
24-11-17.22:37:00.009 [scheduling-1    ] INFO  UpdateAwardStockJob    - 定时任务，更新奖品消耗库存[延迟队列获取，降低对数据库的更新频次， 不要产生竞争
24-11-17.22:37:15.003 [scheduling-1    ] INFO  UpdateAwardStockJob    - 定时任务，更新奖品消耗库存[延迟队列获取，降低对数据库的更新频次， 不要产生竞争
24-11-17.22:37:30.008 [scheduling-1    ] INFO  UpdateAwardStockJob    - 定时任务，更新奖品消耗库存[延迟队列获取，降低对数据库的更新频次， 不要产生竞争
24-11-17.22:37:45.004 [scheduling-1    ] INFO  UpdateAwardStockJob    - 定时任务，更新奖品消耗库存[延迟队列获取，降低对数据库的更新频次， 不要产生竞争
24-11-17.22:38:00.004 [scheduling-1    ] INFO  UpdateAwardStockJob    - 定时任务，更新奖品消耗库存[延迟队列获取，降低对数据库的更新频次， 不要产生竞争
24-11-17.22:38:15.005 [scheduling-1    ] INFO  UpdateAwardStockJob    - 定时任务，更新奖品消耗库存[延迟队列获取，降低对数据库的更新频次， 不要产生竞争
24-11-17.22:38:30.008 [scheduling-1    ] INFO  UpdateAwardStockJob    - 定时任务，更新奖品消耗库存[延迟队列获取，降低对数据库的更新频次， 不要产生竞争
24-11-17.22:38:45.008 [scheduling-1    ] INFO  UpdateAwardStockJob    - 定时任务，更新奖品消耗库存[延迟队列获取，降低对数据库的更新频次， 不要产生竞争
24-11-17.22:39:00.009 [scheduling-1    ] INFO  UpdateAwardStockJob    - 定时任务，更新奖品消耗库存[延迟队列获取，降低对数据库的更新频次， 不要产生竞争
24-11-17.22:39:15.004 [scheduling-1    ] INFO  UpdateAwardStockJob    - 定时任务，更新奖品消耗库存[延迟队列获取，降低对数据库的更新频次， 不要产生竞争
24-11-17.22:39:30.006 [scheduling-1    ] INFO  UpdateAwardStockJob    - 定时任务，更新奖品消耗库存[延迟队列获取，降低对数据库的更新频次， 不要产生竞争
24-11-17.22:39:45.003 [scheduling-1    ] INFO  UpdateAwardStockJob    - 定时任务，更新奖品消耗库存[延迟队列获取，降低对数据库的更新频次， 不要产生竞争
24-11-17.22:40:00.008 [scheduling-1    ] INFO  UpdateAwardStockJob    - 定时任务，更新奖品消耗库存[延迟队列获取，降低对数据库的更新频次， 不要产生竞争
24-11-17.22:40:15.010 [scheduling-1    ] INFO  UpdateAwardStockJob    - 定时任务，更新奖品消耗库存[延迟队列获取，降低对数据库的更新频次， 不要产生竞争
24-11-17.22:40:30.010 [scheduling-1    ] INFO  UpdateAwardStockJob    - 定时任务，更新奖品消耗库存[延迟队列获取，降低对数据库的更新频次， 不要产生竞争
24-11-17.22:40:45.006 [scheduling-1    ] INFO  UpdateAwardStockJob    - 定时任务，更新奖品消耗库存[延迟队列获取，降低对数据库的更新频次， 不要产生竞争
24-11-17.22:41:00.010 [scheduling-1    ] INFO  UpdateAwardStockJob    - 定时任务，更新奖品消耗库存[延迟队列获取，降低对数据库的更新频次， 不要产生竞争
24-11-17.22:41:15.006 [scheduling-1    ] INFO  UpdateAwardStockJob    - 定时任务，更新奖品消耗库存[延迟队列获取，降低对数据库的更新频次， 不要产生竞争
24-11-17.22:41:30.003 [scheduling-1    ] INFO  UpdateAwardStockJob    - 定时任务，更新奖品消耗库存[延迟队列获取，降低对数据库的更新频次， 不要产生竞争
24-11-17.22:41:45.001 [scheduling-1    ] INFO  UpdateAwardStockJob    - 定时任务，更新奖品消耗库存[延迟队列获取，降低对数据库的更新频次， 不要产生竞争
24-11-17.22:42:00.009 [scheduling-1    ] INFO  UpdateAwardStockJob    - 定时任务，更新奖品消耗库存[延迟队列获取，降低对数据库的更新频次， 不要产生竞争
24-11-17.22:42:15.010 [scheduling-1    ] INFO  UpdateAwardStockJob    - 定时任务，更新奖品消耗库存[延迟队列获取，降低对数据库的更新频次， 不要产生竞争
24-11-17.22:42:30.010 [scheduling-1    ] INFO  UpdateAwardStockJob    - 定时任务，更新奖品消耗库存[延迟队列获取，降低对数据库的更新频次， 不要产生竞争
24-11-17.22:42:45.006 [scheduling-1    ] INFO  UpdateAwardStockJob    - 定时任务，更新奖品消耗库存[延迟队列获取，降低对数据库的更新频次， 不要产生竞争
24-11-17.22:43:00.003 [scheduling-1    ] INFO  UpdateAwardStockJob    - 定时任务，更新奖品消耗库存[延迟队列获取，降低对数据库的更新频次， 不要产生竞争
24-11-17.22:43:15.010 [scheduling-1    ] INFO  UpdateAwardStockJob    - 定时任务，更新奖品消耗库存[延迟队列获取，降低对数据库的更新频次， 不要产生竞争
24-11-17.22:43:30.005 [scheduling-1    ] INFO  UpdateAwardStockJob    - 定时任务，更新奖品消耗库存[延迟队列获取，降低对数据库的更新频次， 不要产生竞争
24-11-17.22:43:45.010 [scheduling-1    ] INFO  UpdateAwardStockJob    - 定时任务，更新奖品消耗库存[延迟队列获取，降低对数据库的更新频次， 不要产生竞争
24-11-17.22:44:00.001 [scheduling-1    ] INFO  UpdateAwardStockJob    - 定时任务，更新奖品消耗库存[延迟队列获取，降低对数据库的更新频次， 不要产生竞争
24-11-17.22:44:15.001 [scheduling-1    ] INFO  UpdateAwardStockJob    - 定时任务，更新奖品消耗库存[延迟队列获取，降低对数据库的更新频次， 不要产生竞争
24-11-17.22:44:30.010 [scheduling-1    ] INFO  UpdateAwardStockJob    - 定时任务，更新奖品消耗库存[延迟队列获取，降低对数据库的更新频次， 不要产生竞争
24-11-17.22:44:45.008 [scheduling-1    ] INFO  UpdateAwardStockJob    - 定时任务，更新奖品消耗库存[延迟队列获取，降低对数据库的更新频次， 不要产生竞争
24-11-17.22:45:00.007 [scheduling-1    ] INFO  UpdateAwardStockJob    - 定时任务，更新奖品消耗库存[延迟队列获取，降低对数据库的更新频次， 不要产生竞争
24-11-17.22:45:15.007 [scheduling-1    ] INFO  UpdateAwardStockJob    - 定时任务，更新奖品消耗库存[延迟队列获取，降低对数据库的更新频次， 不要产生竞争
24-11-17.22:45:30.010 [scheduling-1    ] INFO  UpdateAwardStockJob    - 定时任务，更新奖品消耗库存[延迟队列获取，降低对数据库的更新频次， 不要产生竞争
24-11-17.22:45:45.010 [scheduling-1    ] INFO  UpdateAwardStockJob    - 定时任务，更新奖品消耗库存[延迟队列获取，降低对数据库的更新频次， 不要产生竞争
24-11-17.22:46:00.010 [scheduling-1    ] INFO  UpdateAwardStockJob    - 定时任务，更新奖品消耗库存[延迟队列获取，降低对数据库的更新频次， 不要产生竞争
24-11-17.22:46:15.002 [scheduling-1    ] INFO  UpdateAwardStockJob    - 定时任务，更新奖品消耗库存[延迟队列获取，降低对数据库的更新频次， 不要产生竞争
24-11-17.22:46:30.006 [scheduling-1    ] INFO  UpdateAwardStockJob    - 定时任务，更新奖品消耗库存[延迟队列获取，降低对数据库的更新频次， 不要产生竞争
24-11-17.22:46:45.008 [scheduling-1    ] INFO  UpdateAwardStockJob    - 定时任务，更新奖品消耗库存[延迟队列获取，降低对数据库的更新频次， 不要产生竞争
24-11-17.22:47:00.001 [scheduling-1    ] INFO  UpdateAwardStockJob    - 定时任务，更新奖品消耗库存[延迟队列获取，降低对数据库的更新频次， 不要产生竞争
24-11-17.22:47:15.003 [scheduling-1    ] INFO  UpdateAwardStockJob    - 定时任务，更新奖品消耗库存[延迟队列获取，降低对数据库的更新频次， 不要产生竞争
24-11-17.22:47:30.011 [scheduling-1    ] INFO  UpdateAwardStockJob    - 定时任务，更新奖品消耗库存[延迟队列获取，降低对数据库的更新频次， 不要产生竞争
24-11-17.22:47:45.008 [scheduling-1    ] INFO  UpdateAwardStockJob    - 定时任务，更新奖品消耗库存[延迟队列获取，降低对数据库的更新频次， 不要产生竞争
24-11-17.22:48:00.008 [scheduling-1    ] INFO  UpdateAwardStockJob    - 定时任务，更新奖品消耗库存[延迟队列获取，降低对数据库的更新频次， 不要产生竞争
24-11-17.22:48:15.008 [scheduling-1    ] INFO  UpdateAwardStockJob    - 定时任务，更新奖品消耗库存[延迟队列获取，降低对数据库的更新频次， 不要产生竞争
24-11-17.22:48:30.010 [scheduling-1    ] INFO  UpdateAwardStockJob    - 定时任务，更新奖品消耗库存[延迟队列获取，降低对数据库的更新频次， 不要产生竞争
24-11-17.22:48:45.007 [scheduling-1    ] INFO  UpdateAwardStockJob    - 定时任务，更新奖品消耗库存[延迟队列获取，降低对数据库的更新频次， 不要产生竞争
24-11-17.22:49:00.005 [scheduling-1    ] INFO  UpdateAwardStockJob    - 定时任务，更新奖品消耗库存[延迟队列获取，降低对数据库的更新频次， 不要产生竞争
24-11-17.22:49:15.008 [scheduling-1    ] INFO  UpdateAwardStockJob    - 定时任务，更新奖品消耗库存[延迟队列获取，降低对数据库的更新频次， 不要产生竞争
24-11-17.22:49:30.008 [scheduling-1    ] INFO  UpdateAwardStockJob    - 定时任务，更新奖品消耗库存[延迟队列获取，降低对数据库的更新频次， 不要产生竞争
24-11-17.22:49:45.010 [scheduling-1    ] INFO  UpdateAwardStockJob    - 定时任务，更新奖品消耗库存[延迟队列获取，降低对数据库的更新频次， 不要产生竞争
24-11-17.22:50:00.003 [scheduling-1    ] INFO  UpdateAwardStockJob    - 定时任务，更新奖品消耗库存[延迟队列获取，降低对数据库的更新频次， 不要产生竞争
24-11-17.22:50:15.009 [scheduling-1    ] INFO  UpdateAwardStockJob    - 定时任务，更新奖品消耗库存[延迟队列获取，降低对数据库的更新频次， 不要产生竞争
24-11-17.22:50:30.010 [scheduling-1    ] INFO  UpdateAwardStockJob    - 定时任务，更新奖品消耗库存[延迟队列获取，降低对数据库的更新频次， 不要产生竞争
24-11-17.22:50:45.009 [scheduling-1    ] INFO  UpdateAwardStockJob    - 定时任务，更新奖品消耗库存[延迟队列获取，降低对数据库的更新频次， 不要产生竞争
24-11-17.22:51:00.001 [scheduling-1    ] INFO  UpdateAwardStockJob    - 定时任务，更新奖品消耗库存[延迟队列获取，降低对数据库的更新频次， 不要产生竞争
24-11-17.22:51:15.004 [scheduling-1    ] INFO  UpdateAwardStockJob    - 定时任务，更新奖品消耗库存[延迟队列获取，降低对数据库的更新频次， 不要产生竞争
24-11-17.22:51:30.005 [scheduling-1    ] INFO  UpdateAwardStockJob    - 定时任务，更新奖品消耗库存[延迟队列获取，降低对数据库的更新频次， 不要产生竞争
24-11-17.22:51:45.004 [scheduling-1    ] INFO  UpdateAwardStockJob    - 定时任务，更新奖品消耗库存[延迟队列获取，降低对数据库的更新频次， 不要产生竞争
24-11-17.22:52:00.007 [scheduling-1    ] INFO  UpdateAwardStockJob    - 定时任务，更新奖品消耗库存[延迟队列获取，降低对数据库的更新频次， 不要产生竞争
24-11-17.22:52:15.004 [scheduling-1    ] INFO  UpdateAwardStockJob    - 定时任务，更新奖品消耗库存[延迟队列获取，降低对数据库的更新频次， 不要产生竞争
24-11-17.22:52:30.009 [scheduling-1    ] INFO  UpdateAwardStockJob    - 定时任务，更新奖品消耗库存[延迟队列获取，降低对数据库的更新频次， 不要产生竞争
24-11-17.22:52:45.011 [scheduling-1    ] INFO  UpdateAwardStockJob    - 定时任务，更新奖品消耗库存[延迟队列获取，降低对数据库的更新频次， 不要产生竞争
24-11-17.22:53:00.011 [scheduling-1    ] INFO  UpdateAwardStockJob    - 定时任务，更新奖品消耗库存[延迟队列获取，降低对数据库的更新频次， 不要产生竞争
24-11-17.22:53:15.009 [scheduling-1    ] INFO  UpdateAwardStockJob    - 定时任务，更新奖品消耗库存[延迟队列获取，降低对数据库的更新频次， 不要产生竞争
24-11-17.22:53:30.010 [scheduling-1    ] INFO  UpdateAwardStockJob    - 定时任务，更新奖品消耗库存[延迟队列获取，降低对数据库的更新频次， 不要产生竞争
24-11-17.22:53:45.004 [scheduling-1    ] INFO  UpdateAwardStockJob    - 定时任务，更新奖品消耗库存[延迟队列获取，降低对数据库的更新频次， 不要产生竞争
24-11-17.22:54:00.001 [scheduling-1    ] INFO  UpdateAwardStockJob    - 定时任务，更新奖品消耗库存[延迟队列获取，降低对数据库的更新频次， 不要产生竞争
24-11-17.22:54:15.010 [scheduling-1    ] INFO  UpdateAwardStockJob    - 定时任务，更新奖品消耗库存[延迟队列获取，降低对数据库的更新频次， 不要产生竞争
24-11-17.22:54:30.007 [scheduling-1    ] INFO  UpdateAwardStockJob    - 定时任务，更新奖品消耗库存[延迟队列获取，降低对数据库的更新频次， 不要产生竞争
24-11-17.22:54:45.010 [scheduling-1    ] INFO  UpdateAwardStockJob    - 定时任务，更新奖品消耗库存[延迟队列获取，降低对数据库的更新频次， 不要产生竞争
24-11-17.22:55:00.010 [scheduling-1    ] INFO  UpdateAwardStockJob    - 定时任务，更新奖品消耗库存[延迟队列获取，降低对数据库的更新频次， 不要产生竞争
24-11-17.22:55:15.010 [scheduling-1    ] INFO  UpdateAwardStockJob    - 定时任务，更新奖品消耗库存[延迟队列获取，降低对数据库的更新频次， 不要产生竞争
24-11-17.22:55:30.003 [scheduling-1    ] INFO  UpdateAwardStockJob    - 定时任务，更新奖品消耗库存[延迟队列获取，降低对数据库的更新频次， 不要产生竞争
24-11-17.22:55:45.006 [scheduling-1    ] INFO  UpdateAwardStockJob    - 定时任务，更新奖品消耗库存[延迟队列获取，降低对数据库的更新频次， 不要产生竞争
24-11-17.22:56:00.010 [scheduling-1    ] INFO  UpdateAwardStockJob    - 定时任务，更新奖品消耗库存[延迟队列获取，降低对数据库的更新频次， 不要产生竞争
24-11-17.22:56:15.010 [scheduling-1    ] INFO  UpdateAwardStockJob    - 定时任务，更新奖品消耗库存[延迟队列获取，降低对数据库的更新频次， 不要产生竞争
24-11-17.22:56:30.001 [scheduling-1    ] INFO  UpdateAwardStockJob    - 定时任务，更新奖品消耗库存[延迟队列获取，降低对数据库的更新频次， 不要产生竞争
24-11-17.22:56:45.009 [scheduling-1    ] INFO  UpdateAwardStockJob    - 定时任务，更新奖品消耗库存[延迟队列获取，降低对数据库的更新频次， 不要产生竞争
24-11-17.22:57:00.011 [scheduling-1    ] INFO  UpdateAwardStockJob    - 定时任务，更新奖品消耗库存[延迟队列获取，降低对数据库的更新频次， 不要产生竞争
24-11-17.22:57:15.005 [scheduling-1    ] INFO  UpdateAwardStockJob    - 定时任务，更新奖品消耗库存[延迟队列获取，降低对数据库的更新频次， 不要产生竞争
24-11-17.22:57:30.010 [scheduling-1    ] INFO  UpdateAwardStockJob    - 定时任务，更新奖品消耗库存[延迟队列获取，降低对数据库的更新频次， 不要产生竞争
24-11-17.22:57:45.002 [scheduling-1    ] INFO  UpdateAwardStockJob    - 定时任务，更新奖品消耗库存[延迟队列获取，降低对数据库的更新频次， 不要产生竞争
24-11-17.22:58:00.010 [scheduling-1    ] INFO  UpdateAwardStockJob    - 定时任务，更新奖品消耗库存[延迟队列获取，降低对数据库的更新频次， 不要产生竞争
24-11-17.22:58:15.001 [scheduling-1    ] INFO  UpdateAwardStockJob    - 定时任务，更新奖品消耗库存[延迟队列获取，降低对数据库的更新频次， 不要产生竞争
24-11-17.22:58:30.010 [scheduling-1    ] INFO  UpdateAwardStockJob    - 定时任务，更新奖品消耗库存[延迟队列获取，降低对数据库的更新频次， 不要产生竞争
24-11-17.22:58:45.010 [scheduling-1    ] INFO  UpdateAwardStockJob    - 定时任务，更新奖品消耗库存[延迟队列获取，降低对数据库的更新频次， 不要产生竞争
24-11-17.22:59:00.010 [scheduling-1    ] INFO  UpdateAwardStockJob    - 定时任务，更新奖品消耗库存[延迟队列获取，降低对数据库的更新频次， 不要产生竞争
24-11-17.22:59:15.007 [scheduling-1    ] INFO  UpdateAwardStockJob    - 定时任务，更新奖品消耗库存[延迟队列获取，降低对数据库的更新频次， 不要产生竞争
24-11-17.22:59:30.010 [scheduling-1    ] INFO  UpdateAwardStockJob    - 定时任务，更新奖品消耗库存[延迟队列获取，降低对数据库的更新频次， 不要产生竞争
24-11-17.22:59:45.010 [scheduling-1    ] INFO  UpdateAwardStockJob    - 定时任务，更新奖品消耗库存[延迟队列获取，降低对数据库的更新频次， 不要产生竞争
24-11-17.23:00:00.006 [scheduling-1    ] INFO  UpdateAwardStockJob    - 定时任务，更新奖品消耗库存[延迟队列获取，降低对数据库的更新频次， 不要产生竞争
24-11-17.23:00:15.010 [scheduling-1    ] INFO  UpdateAwardStockJob    - 定时任务，更新奖品消耗库存[延迟队列获取，降低对数据库的更新频次， 不要产生竞争
24-11-17.23:00:30.000 [scheduling-1    ] INFO  UpdateAwardStockJob    - 定时任务，更新奖品消耗库存[延迟队列获取，降低对数据库的更新频次， 不要产生竞争
24-11-17.23:00:45.005 [scheduling-1    ] INFO  UpdateAwardStockJob    - 定时任务，更新奖品消耗库存[延迟队列获取，降低对数据库的更新频次， 不要产生竞争
24-11-17.23:01:00.006 [scheduling-1    ] INFO  UpdateAwardStockJob    - 定时任务，更新奖品消耗库存[延迟队列获取，降低对数据库的更新频次， 不要产生竞争
24-11-17.23:01:15.008 [scheduling-1    ] INFO  UpdateAwardStockJob    - 定时任务，更新奖品消耗库存[延迟队列获取，降低对数据库的更新频次， 不要产生竞争
24-11-17.23:01:30.010 [scheduling-1    ] INFO  UpdateAwardStockJob    - 定时任务，更新奖品消耗库存[延迟队列获取，降低对数据库的更新频次， 不要产生竞争
24-11-17.23:01:45.010 [scheduling-1    ] INFO  UpdateAwardStockJob    - 定时任务，更新奖品消耗库存[延迟队列获取，降低对数据库的更新频次， 不要产生竞争
24-11-17.23:02:00.009 [scheduling-1    ] INFO  UpdateAwardStockJob    - 定时任务，更新奖品消耗库存[延迟队列获取，降低对数据库的更新频次， 不要产生竞争
24-11-17.23:02:15.010 [scheduling-1    ] INFO  UpdateAwardStockJob    - 定时任务，更新奖品消耗库存[延迟队列获取，降低对数据库的更新频次， 不要产生竞争
24-11-17.23:02:30.010 [scheduling-1    ] INFO  UpdateAwardStockJob    - 定时任务，更新奖品消耗库存[延迟队列获取，降低对数据库的更新频次， 不要产生竞争
24-11-17.23:02:45.010 [scheduling-1    ] INFO  UpdateAwardStockJob    - 定时任务，更新奖品消耗库存[延迟队列获取，降低对数据库的更新频次， 不要产生竞争
24-11-17.23:03:00.010 [scheduling-1    ] INFO  UpdateAwardStockJob    - 定时任务，更新奖品消耗库存[延迟队列获取，降低对数据库的更新频次， 不要产生竞争
24-11-17.23:03:15.010 [scheduling-1    ] INFO  UpdateAwardStockJob    - 定时任务，更新奖品消耗库存[延迟队列获取，降低对数据库的更新频次， 不要产生竞争
24-11-17.23:03:30.010 [scheduling-1    ] INFO  UpdateAwardStockJob    - 定时任务，更新奖品消耗库存[延迟队列获取，降低对数据库的更新频次， 不要产生竞争
24-11-17.23:03:45.001 [scheduling-1    ] INFO  UpdateAwardStockJob    - 定时任务，更新奖品消耗库存[延迟队列获取，降低对数据库的更新频次， 不要产生竞争
24-11-17.23:04:00.002 [scheduling-1    ] INFO  UpdateAwardStockJob    - 定时任务，更新奖品消耗库存[延迟队列获取，降低对数据库的更新频次， 不要产生竞争
24-11-17.23:04:15.010 [scheduling-1    ] INFO  UpdateAwardStockJob    - 定时任务，更新奖品消耗库存[延迟队列获取，降低对数据库的更新频次， 不要产生竞争
24-11-17.23:04:30.010 [scheduling-1    ] INFO  UpdateAwardStockJob    - 定时任务，更新奖品消耗库存[延迟队列获取，降低对数据库的更新频次， 不要产生竞争
24-11-17.23:04:45.006 [scheduling-1    ] INFO  UpdateAwardStockJob    - 定时任务，更新奖品消耗库存[延迟队列获取，降低对数据库的更新频次， 不要产生竞争
24-11-17.23:05:00.010 [scheduling-1    ] INFO  UpdateAwardStockJob    - 定时任务，更新奖品消耗库存[延迟队列获取，降低对数据库的更新频次， 不要产生竞争
24-11-17.23:05:15.007 [scheduling-1    ] INFO  UpdateAwardStockJob    - 定时任务，更新奖品消耗库存[延迟队列获取，降低对数据库的更新频次， 不要产生竞争
24-11-17.23:05:30.001 [scheduling-1    ] INFO  UpdateAwardStockJob    - 定时任务，更新奖品消耗库存[延迟队列获取，降低对数据库的更新频次， 不要产生竞争
24-11-17.23:05:45.005 [scheduling-1    ] INFO  UpdateAwardStockJob    - 定时任务，更新奖品消耗库存[延迟队列获取，降低对数据库的更新频次， 不要产生竞争
24-11-17.23:06:00.001 [scheduling-1    ] INFO  UpdateAwardStockJob    - 定时任务，更新奖品消耗库存[延迟队列获取，降低对数据库的更新频次， 不要产生竞争
24-11-17.23:06:15.010 [scheduling-1    ] INFO  UpdateAwardStockJob    - 定时任务，更新奖品消耗库存[延迟队列获取，降低对数据库的更新频次， 不要产生竞争
24-11-17.23:06:30.010 [scheduling-1    ] INFO  UpdateAwardStockJob    - 定时任务，更新奖品消耗库存[延迟队列获取，降低对数据库的更新频次， 不要产生竞争
24-11-17.23:06:45.002 [scheduling-1    ] INFO  UpdateAwardStockJob    - 定时任务，更新奖品消耗库存[延迟队列获取，降低对数据库的更新频次， 不要产生竞争
24-11-17.23:07:00.001 [scheduling-1    ] INFO  UpdateAwardStockJob    - 定时任务，更新奖品消耗库存[延迟队列获取，降低对数据库的更新频次， 不要产生竞争
24-11-17.23:07:15.009 [scheduling-1    ] INFO  UpdateAwardStockJob    - 定时任务，更新奖品消耗库存[延迟队列获取，降低对数据库的更新频次， 不要产生竞争
24-11-17.23:07:30.010 [scheduling-1    ] INFO  UpdateAwardStockJob    - 定时任务，更新奖品消耗库存[延迟队列获取，降低对数据库的更新频次， 不要产生竞争
24-11-17.23:07:45.007 [scheduling-1    ] INFO  UpdateAwardStockJob    - 定时任务，更新奖品消耗库存[延迟队列获取，降低对数据库的更新频次， 不要产生竞争
24-11-17.23:08:00.010 [scheduling-1    ] INFO  UpdateAwardStockJob    - 定时任务，更新奖品消耗库存[延迟队列获取，降低对数据库的更新频次， 不要产生竞争
24-11-17.23:08:15.010 [scheduling-1    ] INFO  UpdateAwardStockJob    - 定时任务，更新奖品消耗库存[延迟队列获取，降低对数据库的更新频次， 不要产生竞争
24-11-17.23:08:30.001 [scheduling-1    ] INFO  UpdateAwardStockJob    - 定时任务，更新奖品消耗库存[延迟队列获取，降低对数据库的更新频次， 不要产生竞争
24-11-17.23:08:45.008 [scheduling-1    ] INFO  UpdateAwardStockJob    - 定时任务，更新奖品消耗库存[延迟队列获取，降低对数据库的更新频次， 不要产生竞争
24-11-17.23:09:00.005 [scheduling-1    ] INFO  UpdateAwardStockJob    - 定时任务，更新奖品消耗库存[延迟队列获取，降低对数据库的更新频次， 不要产生竞争
24-11-17.23:09:15.010 [scheduling-1    ] INFO  UpdateAwardStockJob    - 定时任务，更新奖品消耗库存[延迟队列获取，降低对数据库的更新频次， 不要产生竞争
24-11-17.23:09:30.010 [scheduling-1    ] INFO  UpdateAwardStockJob    - 定时任务，更新奖品消耗库存[延迟队列获取，降低对数据库的更新频次， 不要产生竞争
24-11-17.23:09:45.009 [scheduling-1    ] INFO  UpdateAwardStockJob    - 定时任务，更新奖品消耗库存[延迟队列获取，降低对数据库的更新频次， 不要产生竞争
24-11-17.23:10:00.000 [scheduling-1    ] INFO  UpdateAwardStockJob    - 定时任务，更新奖品消耗库存[延迟队列获取，降低对数据库的更新频次， 不要产生竞争
24-11-17.23:10:15.006 [scheduling-1    ] INFO  UpdateAwardStockJob    - 定时任务，更新奖品消耗库存[延迟队列获取，降低对数据库的更新频次， 不要产生竞争
24-11-17.23:10:30.010 [scheduling-1    ] INFO  UpdateAwardStockJob    - 定时任务，更新奖品消耗库存[延迟队列获取，降低对数据库的更新频次， 不要产生竞争
24-11-17.23:10:45.007 [scheduling-1    ] INFO  UpdateAwardStockJob    - 定时任务，更新奖品消耗库存[延迟队列获取，降低对数据库的更新频次， 不要产生竞争
24-11-17.23:11:00.002 [scheduling-1    ] INFO  UpdateAwardStockJob    - 定时任务，更新奖品消耗库存[延迟队列获取，降低对数据库的更新频次， 不要产生竞争
24-11-17.23:11:15.006 [scheduling-1    ] INFO  UpdateAwardStockJob    - 定时任务，更新奖品消耗库存[延迟队列获取，降低对数据库的更新频次， 不要产生竞争
24-11-17.23:11:30.011 [scheduling-1    ] INFO  UpdateAwardStockJob    - 定时任务，更新奖品消耗库存[延迟队列获取，降低对数据库的更新频次， 不要产生竞争
24-11-17.23:11:45.004 [scheduling-1    ] INFO  UpdateAwardStockJob    - 定时任务，更新奖品消耗库存[延迟队列获取，降低对数据库的更新频次， 不要产生竞争
24-11-17.23:12:00.010 [scheduling-1    ] INFO  UpdateAwardStockJob    - 定时任务，更新奖品消耗库存[延迟队列获取，降低对数据库的更新频次， 不要产生竞争
24-11-17.23:12:15.001 [scheduling-1    ] INFO  UpdateAwardStockJob    - 定时任务，更新奖品消耗库存[延迟队列获取，降低对数据库的更新频次， 不要产生竞争
24-11-17.23:12:30.010 [scheduling-1    ] INFO  UpdateAwardStockJob    - 定时任务，更新奖品消耗库存[延迟队列获取，降低对数据库的更新频次， 不要产生竞争
24-11-17.23:12:45.010 [scheduling-1    ] INFO  UpdateAwardStockJob    - 定时任务，更新奖品消耗库存[延迟队列获取，降低对数据库的更新频次， 不要产生竞争
24-11-17.23:13:00.010 [scheduling-1    ] INFO  UpdateAwardStockJob    - 定时任务，更新奖品消耗库存[延迟队列获取，降低对数据库的更新频次， 不要产生竞争
24-11-17.23:13:15.009 [scheduling-1    ] INFO  UpdateAwardStockJob    - 定时任务，更新奖品消耗库存[延迟队列获取，降低对数据库的更新频次， 不要产生竞争
24-11-17.23:13:30.008 [scheduling-1    ] INFO  UpdateAwardStockJob    - 定时任务，更新奖品消耗库存[延迟队列获取，降低对数据库的更新频次， 不要产生竞争
24-11-17.23:13:45.011 [scheduling-1    ] INFO  UpdateAwardStockJob    - 定时任务，更新奖品消耗库存[延迟队列获取，降低对数据库的更新频次， 不要产生竞争
24-11-17.23:14:00.010 [scheduling-1    ] INFO  UpdateAwardStockJob    - 定时任务，更新奖品消耗库存[延迟队列获取，降低对数据库的更新频次， 不要产生竞争
24-11-17.23:14:15.001 [scheduling-1    ] INFO  UpdateAwardStockJob    - 定时任务，更新奖品消耗库存[延迟队列获取，降低对数据库的更新频次， 不要产生竞争
24-11-17.23:14:30.010 [scheduling-1    ] INFO  UpdateAwardStockJob    - 定时任务，更新奖品消耗库存[延迟队列获取，降低对数据库的更新频次， 不要产生竞争
24-11-17.23:14:45.010 [scheduling-1    ] INFO  UpdateAwardStockJob    - 定时任务，更新奖品消耗库存[延迟队列获取，降低对数据库的更新频次， 不要产生竞争
24-11-17.23:15:00.004 [scheduling-1    ] INFO  UpdateAwardStockJob    - 定时任务，更新奖品消耗库存[延迟队列获取，降低对数据库的更新频次， 不要产生竞争
24-11-17.23:15:15.010 [scheduling-1    ] INFO  UpdateAwardStockJob    - 定时任务，更新奖品消耗库存[延迟队列获取，降低对数据库的更新频次， 不要产生竞争
24-11-17.23:15:30.010 [scheduling-1    ] INFO  UpdateAwardStockJob    - 定时任务，更新奖品消耗库存[延迟队列获取，降低对数据库的更新频次， 不要产生竞争
24-11-17.23:15:45.010 [scheduling-1    ] INFO  UpdateAwardStockJob    - 定时任务，更新奖品消耗库存[延迟队列获取，降低对数据库的更新频次， 不要产生竞争
24-11-17.23:16:00.008 [scheduling-1    ] INFO  UpdateAwardStockJob    - 定时任务，更新奖品消耗库存[延迟队列获取，降低对数据库的更新频次， 不要产生竞争
24-11-17.23:16:15.006 [scheduling-1    ] INFO  UpdateAwardStockJob    - 定时任务，更新奖品消耗库存[延迟队列获取，降低对数据库的更新频次， 不要产生竞争
24-11-17.23:16:30.010 [scheduling-1    ] INFO  UpdateAwardStockJob    - 定时任务，更新奖品消耗库存[延迟队列获取，降低对数据库的更新频次， 不要产生竞争
24-11-17.23:16:45.011 [scheduling-1    ] INFO  UpdateAwardStockJob    - 定时任务，更新奖品消耗库存[延迟队列获取，降低对数据库的更新频次， 不要产生竞争
24-11-17.23:17:00.010 [scheduling-1    ] INFO  UpdateAwardStockJob    - 定时任务，更新奖品消耗库存[延迟队列获取，降低对数据库的更新频次， 不要产生竞争
24-11-17.23:17:15.009 [scheduling-1    ] INFO  UpdateAwardStockJob    - 定时任务，更新奖品消耗库存[延迟队列获取，降低对数据库的更新频次， 不要产生竞争
24-11-17.23:17:30.010 [scheduling-1    ] INFO  UpdateAwardStockJob    - 定时任务，更新奖品消耗库存[延迟队列获取，降低对数据库的更新频次， 不要产生竞争
24-11-17.23:17:45.006 [scheduling-1    ] INFO  UpdateAwardStockJob    - 定时任务，更新奖品消耗库存[延迟队列获取，降低对数据库的更新频次， 不要产生竞争
24-11-17.23:18:00.010 [scheduling-1    ] INFO  UpdateAwardStockJob    - 定时任务，更新奖品消耗库存[延迟队列获取，降低对数据库的更新频次， 不要产生竞争
24-11-17.23:18:15.001 [scheduling-1    ] INFO  UpdateAwardStockJob    - 定时任务，更新奖品消耗库存[延迟队列获取，降低对数据库的更新频次， 不要产生竞争
24-11-17.23:18:30.009 [scheduling-1    ] INFO  UpdateAwardStockJob    - 定时任务，更新奖品消耗库存[延迟队列获取，降低对数据库的更新频次， 不要产生竞争
24-11-17.23:18:45.008 [scheduling-1    ] INFO  UpdateAwardStockJob    - 定时任务，更新奖品消耗库存[延迟队列获取，降低对数据库的更新频次， 不要产生竞争
24-11-17.23:19:00.010 [scheduling-1    ] INFO  UpdateAwardStockJob    - 定时任务，更新奖品消耗库存[延迟队列获取，降低对数据库的更新频次， 不要产生竞争
24-11-17.23:19:15.010 [scheduling-1    ] INFO  UpdateAwardStockJob    - 定时任务，更新奖品消耗库存[延迟队列获取，降低对数据库的更新频次， 不要产生竞争
24-11-17.23:19:30.001 [scheduling-1    ] INFO  UpdateAwardStockJob    - 定时任务，更新奖品消耗库存[延迟队列获取，降低对数据库的更新频次， 不要产生竞争
24-11-17.23:19:45.007 [scheduling-1    ] INFO  UpdateAwardStockJob    - 定时任务，更新奖品消耗库存[延迟队列获取，降低对数据库的更新频次， 不要产生竞争
24-11-17.23:20:00.001 [scheduling-1    ] INFO  UpdateAwardStockJob    - 定时任务，更新奖品消耗库存[延迟队列获取，降低对数据库的更新频次， 不要产生竞争
24-11-17.23:20:15.001 [scheduling-1    ] INFO  UpdateAwardStockJob    - 定时任务，更新奖品消耗库存[延迟队列获取，降低对数据库的更新频次， 不要产生竞争
24-11-17.23:20:30.001 [scheduling-1    ] INFO  UpdateAwardStockJob    - 定时任务，更新奖品消耗库存[延迟队列获取，降低对数据库的更新频次， 不要产生竞争
24-11-17.23:20:45.001 [scheduling-1    ] INFO  UpdateAwardStockJob    - 定时任务，更新奖品消耗库存[延迟队列获取，降低对数据库的更新频次， 不要产生竞争
24-11-17.23:21:00.010 [scheduling-1    ] INFO  UpdateAwardStockJob    - 定时任务，更新奖品消耗库存[延迟队列获取，降低对数据库的更新频次， 不要产生竞争
24-11-17.23:21:15.008 [scheduling-1    ] INFO  UpdateAwardStockJob    - 定时任务，更新奖品消耗库存[延迟队列获取，降低对数据库的更新频次， 不要产生竞争
24-11-17.23:21:30.002 [scheduling-1    ] INFO  UpdateAwardStockJob    - 定时任务，更新奖品消耗库存[延迟队列获取，降低对数据库的更新频次， 不要产生竞争
24-11-17.23:21:45.010 [scheduling-1    ] INFO  UpdateAwardStockJob    - 定时任务，更新奖品消耗库存[延迟队列获取，降低对数据库的更新频次， 不要产生竞争
24-11-17.23:22:00.011 [scheduling-1    ] INFO  UpdateAwardStockJob    - 定时任务，更新奖品消耗库存[延迟队列获取，降低对数据库的更新频次， 不要产生竞争
24-11-17.23:22:15.007 [scheduling-1    ] INFO  UpdateAwardStockJob    - 定时任务，更新奖品消耗库存[延迟队列获取，降低对数据库的更新频次， 不要产生竞争
24-11-17.23:22:30.002 [scheduling-1    ] INFO  UpdateAwardStockJob    - 定时任务，更新奖品消耗库存[延迟队列获取，降低对数据库的更新频次， 不要产生竞争
24-11-17.23:22:45.001 [scheduling-1    ] INFO  UpdateAwardStockJob    - 定时任务，更新奖品消耗库存[延迟队列获取，降低对数据库的更新频次， 不要产生竞争
24-11-17.23:23:00.002 [scheduling-1    ] INFO  UpdateAwardStockJob    - 定时任务，更新奖品消耗库存[延迟队列获取，降低对数据库的更新频次， 不要产生竞争
24-11-17.23:23:15.004 [scheduling-1    ] INFO  UpdateAwardStockJob    - 定时任务，更新奖品消耗库存[延迟队列获取，降低对数据库的更新频次， 不要产生竞争
24-11-17.23:23:30.002 [scheduling-1    ] INFO  UpdateAwardStockJob    - 定时任务，更新奖品消耗库存[延迟队列获取，降低对数据库的更新频次， 不要产生竞争
24-11-17.23:23:45.007 [scheduling-1    ] INFO  UpdateAwardStockJob    - 定时任务，更新奖品消耗库存[延迟队列获取，降低对数据库的更新频次， 不要产生竞争
24-11-17.23:24:00.010 [scheduling-1    ] INFO  UpdateAwardStockJob    - 定时任务，更新奖品消耗库存[延迟队列获取，降低对数据库的更新频次， 不要产生竞争
24-11-17.23:24:15.009 [scheduling-1    ] INFO  UpdateAwardStockJob    - 定时任务，更新奖品消耗库存[延迟队列获取，降低对数据库的更新频次， 不要产生竞争
24-11-17.23:24:30.010 [scheduling-1    ] INFO  UpdateAwardStockJob    - 定时任务，更新奖品消耗库存[延迟队列获取，降低对数据库的更新频次， 不要产生竞争
24-11-17.23:24:45.010 [scheduling-1    ] INFO  UpdateAwardStockJob    - 定时任务，更新奖品消耗库存[延迟队列获取，降低对数据库的更新频次， 不要产生竞争
24-11-17.23:25:00.006 [scheduling-1    ] INFO  UpdateAwardStockJob    - 定时任务，更新奖品消耗库存[延迟队列获取，降低对数据库的更新频次， 不要产生竞争
24-11-17.23:25:15.003 [scheduling-1    ] INFO  UpdateAwardStockJob    - 定时任务，更新奖品消耗库存[延迟队列获取，降低对数据库的更新频次， 不要产生竞争
24-11-17.23:25:30.001 [scheduling-1    ] INFO  UpdateAwardStockJob    - 定时任务，更新奖品消耗库存[延迟队列获取，降低对数据库的更新频次， 不要产生竞争
24-11-17.23:25:45.010 [scheduling-1    ] INFO  UpdateAwardStockJob    - 定时任务，更新奖品消耗库存[延迟队列获取，降低对数据库的更新频次， 不要产生竞争
24-11-17.23:26:00.002 [scheduling-1    ] INFO  UpdateAwardStockJob    - 定时任务，更新奖品消耗库存[延迟队列获取，降低对数据库的更新频次， 不要产生竞争
24-11-17.23:26:15.001 [scheduling-1    ] INFO  UpdateAwardStockJob    - 定时任务，更新奖品消耗库存[延迟队列获取，降低对数据库的更新频次， 不要产生竞争
24-11-17.23:26:30.010 [scheduling-1    ] INFO  UpdateAwardStockJob    - 定时任务，更新奖品消耗库存[延迟队列获取，降低对数据库的更新频次， 不要产生竞争
24-11-17.23:26:45.002 [scheduling-1    ] INFO  UpdateAwardStockJob    - 定时任务，更新奖品消耗库存[延迟队列获取，降低对数据库的更新频次， 不要产生竞争
24-11-17.23:27:00.007 [scheduling-1    ] INFO  UpdateAwardStockJob    - 定时任务，更新奖品消耗库存[延迟队列获取，降低对数据库的更新频次， 不要产生竞争
24-11-17.23:27:15.006 [scheduling-1    ] INFO  UpdateAwardStockJob    - 定时任务，更新奖品消耗库存[延迟队列获取，降低对数据库的更新频次， 不要产生竞争
24-11-17.23:27:30.003 [scheduling-1    ] INFO  UpdateAwardStockJob    - 定时任务，更新奖品消耗库存[延迟队列获取，降低对数据库的更新频次， 不要产生竞争
24-11-17.23:27:45.005 [scheduling-1    ] INFO  UpdateAwardStockJob    - 定时任务，更新奖品消耗库存[延迟队列获取，降低对数据库的更新频次， 不要产生竞争
24-11-17.23:28:00.004 [scheduling-1    ] INFO  UpdateAwardStockJob    - 定时任务，更新奖品消耗库存[延迟队列获取，降低对数据库的更新频次， 不要产生竞争
24-11-17.23:28:15.010 [scheduling-1    ] INFO  UpdateAwardStockJob    - 定时任务，更新奖品消耗库存[延迟队列获取，降低对数据库的更新频次， 不要产生竞争
24-11-17.23:28:30.008 [scheduling-1    ] INFO  UpdateAwardStockJob    - 定时任务，更新奖品消耗库存[延迟队列获取，降低对数据库的更新频次， 不要产生竞争
24-11-17.23:28:45.002 [scheduling-1    ] INFO  UpdateAwardStockJob    - 定时任务，更新奖品消耗库存[延迟队列获取，降低对数据库的更新频次， 不要产生竞争
24-11-17.23:29:00.001 [scheduling-1    ] INFO  UpdateAwardStockJob    - 定时任务，更新奖品消耗库存[延迟队列获取，降低对数据库的更新频次， 不要产生竞争
24-11-17.23:29:15.010 [scheduling-1    ] INFO  UpdateAwardStockJob    - 定时任务，更新奖品消耗库存[延迟队列获取，降低对数据库的更新频次， 不要产生竞争
24-11-17.23:29:30.004 [scheduling-1    ] INFO  UpdateAwardStockJob    - 定时任务，更新奖品消耗库存[延迟队列获取，降低对数据库的更新频次， 不要产生竞争
24-11-17.23:29:45.006 [scheduling-1    ] INFO  UpdateAwardStockJob    - 定时任务，更新奖品消耗库存[延迟队列获取，降低对数据库的更新频次， 不要产生竞争
24-11-17.23:30:00.010 [scheduling-1    ] INFO  UpdateAwardStockJob    - 定时任务，更新奖品消耗库存[延迟队列获取，降低对数据库的更新频次， 不要产生竞争
24-11-17.23:30:15.006 [scheduling-1    ] INFO  UpdateAwardStockJob    - 定时任务，更新奖品消耗库存[延迟队列获取，降低对数据库的更新频次， 不要产生竞争
24-11-17.23:30:30.004 [scheduling-1    ] INFO  UpdateAwardStockJob    - 定时任务，更新奖品消耗库存[延迟队列获取，降低对数据库的更新频次， 不要产生竞争
24-11-17.23:30:45.005 [scheduling-1    ] INFO  UpdateAwardStockJob    - 定时任务，更新奖品消耗库存[延迟队列获取，降低对数据库的更新频次， 不要产生竞争
24-11-17.23:31:00.010 [scheduling-1    ] INFO  UpdateAwardStockJob    - 定时任务，更新奖品消耗库存[延迟队列获取，降低对数据库的更新频次， 不要产生竞争
24-11-17.23:31:15.011 [scheduling-1    ] INFO  UpdateAwardStockJob    - 定时任务，更新奖品消耗库存[延迟队列获取，降低对数据库的更新频次， 不要产生竞争
24-11-17.23:31:30.007 [scheduling-1    ] INFO  UpdateAwardStockJob    - 定时任务，更新奖品消耗库存[延迟队列获取，降低对数据库的更新频次， 不要产生竞争
24-11-17.23:31:45.007 [scheduling-1    ] INFO  UpdateAwardStockJob    - 定时任务，更新奖品消耗库存[延迟队列获取，降低对数据库的更新频次， 不要产生竞争
24-11-17.23:32:00.005 [scheduling-1    ] INFO  UpdateAwardStockJob    - 定时任务，更新奖品消耗库存[延迟队列获取，降低对数据库的更新频次， 不要产生竞争
24-11-17.23:32:15.009 [scheduling-1    ] INFO  UpdateAwardStockJob    - 定时任务，更新奖品消耗库存[延迟队列获取，降低对数据库的更新频次， 不要产生竞争
24-11-17.23:32:30.010 [scheduling-1    ] INFO  UpdateAwardStockJob    - 定时任务，更新奖品消耗库存[延迟队列获取，降低对数据库的更新频次， 不要产生竞争
24-11-17.23:32:45.007 [scheduling-1    ] INFO  UpdateAwardStockJob    - 定时任务，更新奖品消耗库存[延迟队列获取，降低对数据库的更新频次， 不要产生竞争
24-11-17.23:33:00.010 [scheduling-1    ] INFO  UpdateAwardStockJob    - 定时任务，更新奖品消耗库存[延迟队列获取，降低对数据库的更新频次， 不要产生竞争
24-11-17.23:33:15.005 [scheduling-1    ] INFO  UpdateAwardStockJob    - 定时任务，更新奖品消耗库存[延迟队列获取，降低对数据库的更新频次， 不要产生竞争
24-11-17.23:33:30.002 [scheduling-1    ] INFO  UpdateAwardStockJob    - 定时任务，更新奖品消耗库存[延迟队列获取，降低对数据库的更新频次， 不要产生竞争
24-11-17.23:33:45.005 [scheduling-1    ] INFO  UpdateAwardStockJob    - 定时任务，更新奖品消耗库存[延迟队列获取，降低对数据库的更新频次， 不要产生竞争
24-11-17.23:34:00.014 [scheduling-1    ] INFO  UpdateAwardStockJob    - 定时任务，更新奖品消耗库存[延迟队列获取，降低对数据库的更新频次， 不要产生竞争
24-11-17.23:34:15.006 [scheduling-1    ] INFO  UpdateAwardStockJob    - 定时任务，更新奖品消耗库存[延迟队列获取，降低对数据库的更新频次， 不要产生竞争
24-11-17.23:34:30.004 [scheduling-1    ] INFO  UpdateAwardStockJob    - 定时任务，更新奖品消耗库存[延迟队列获取，降低对数据库的更新频次， 不要产生竞争
24-11-17.23:34:45.007 [scheduling-1    ] INFO  UpdateAwardStockJob    - 定时任务，更新奖品消耗库存[延迟队列获取，降低对数据库的更新频次， 不要产生竞争
24-11-17.23:35:00.003 [scheduling-1    ] INFO  UpdateAwardStockJob    - 定时任务，更新奖品消耗库存[延迟队列获取，降低对数据库的更新频次， 不要产生竞争
24-11-17.23:35:15.009 [scheduling-1    ] INFO  UpdateAwardStockJob    - 定时任务，更新奖品消耗库存[延迟队列获取，降低对数据库的更新频次， 不要产生竞争
24-11-17.23:35:30.006 [scheduling-1    ] INFO  UpdateAwardStockJob    - 定时任务，更新奖品消耗库存[延迟队列获取，降低对数据库的更新频次， 不要产生竞争
24-11-17.23:35:45.001 [scheduling-1    ] INFO  UpdateAwardStockJob    - 定时任务，更新奖品消耗库存[延迟队列获取，降低对数据库的更新频次， 不要产生竞争
24-11-17.23:36:00.009 [scheduling-1    ] INFO  UpdateAwardStockJob    - 定时任务，更新奖品消耗库存[延迟队列获取，降低对数据库的更新频次， 不要产生竞争
24-11-17.23:36:15.003 [scheduling-1    ] INFO  UpdateAwardStockJob    - 定时任务，更新奖品消耗库存[延迟队列获取，降低对数据库的更新频次， 不要产生竞争
24-11-17.23:36:30.010 [scheduling-1    ] INFO  UpdateAwardStockJob    - 定时任务，更新奖品消耗库存[延迟队列获取，降低对数据库的更新频次， 不要产生竞争
24-11-17.23:36:45.008 [scheduling-1    ] INFO  UpdateAwardStockJob    - 定时任务，更新奖品消耗库存[延迟队列获取，降低对数据库的更新频次， 不要产生竞争
24-11-17.23:37:00.000 [scheduling-1    ] INFO  UpdateAwardStockJob    - 定时任务，更新奖品消耗库存[延迟队列获取，降低对数据库的更新频次， 不要产生竞争
24-11-17.23:37:15.005 [scheduling-1    ] INFO  UpdateAwardStockJob    - 定时任务，更新奖品消耗库存[延迟队列获取，降低对数据库的更新频次， 不要产生竞争
24-11-17.23:37:30.010 [scheduling-1    ] INFO  UpdateAwardStockJob    - 定时任务，更新奖品消耗库存[延迟队列获取，降低对数据库的更新频次， 不要产生竞争
24-11-17.23:37:45.010 [scheduling-1    ] INFO  UpdateAwardStockJob    - 定时任务，更新奖品消耗库存[延迟队列获取，降低对数据库的更新频次， 不要产生竞争
24-11-17.23:38:00.010 [scheduling-1    ] INFO  UpdateAwardStockJob    - 定时任务，更新奖品消耗库存[延迟队列获取，降低对数据库的更新频次， 不要产生竞争
24-11-17.23:38:15.005 [scheduling-1    ] INFO  UpdateAwardStockJob    - 定时任务，更新奖品消耗库存[延迟队列获取，降低对数据库的更新频次， 不要产生竞争
24-11-17.23:38:30.010 [scheduling-1    ] INFO  UpdateAwardStockJob    - 定时任务，更新奖品消耗库存[延迟队列获取，降低对数据库的更新频次， 不要产生竞争
24-11-17.23:38:45.010 [scheduling-1    ] INFO  UpdateAwardStockJob    - 定时任务，更新奖品消耗库存[延迟队列获取，降低对数据库的更新频次， 不要产生竞争
24-11-17.23:39:00.010 [scheduling-1    ] INFO  UpdateAwardStockJob    - 定时任务，更新奖品消耗库存[延迟队列获取，降低对数据库的更新频次， 不要产生竞争
24-11-17.23:39:15.008 [scheduling-1    ] INFO  UpdateAwardStockJob    - 定时任务，更新奖品消耗库存[延迟队列获取，降低对数据库的更新频次， 不要产生竞争
24-11-17.23:39:30.006 [scheduling-1    ] INFO  UpdateAwardStockJob    - 定时任务，更新奖品消耗库存[延迟队列获取，降低对数据库的更新频次， 不要产生竞争
24-11-17.23:39:45.010 [scheduling-1    ] INFO  UpdateAwardStockJob    - 定时任务，更新奖品消耗库存[延迟队列获取，降低对数据库的更新频次， 不要产生竞争
24-11-17.23:40:00.007 [scheduling-1    ] INFO  UpdateAwardStockJob    - 定时任务，更新奖品消耗库存[延迟队列获取，降低对数据库的更新频次， 不要产生竞争
24-11-17.23:40:15.002 [scheduling-1    ] INFO  UpdateAwardStockJob    - 定时任务，更新奖品消耗库存[延迟队列获取，降低对数据库的更新频次， 不要产生竞争
24-11-17.23:40:30.005 [scheduling-1    ] INFO  UpdateAwardStockJob    - 定时任务，更新奖品消耗库存[延迟队列获取，降低对数据库的更新频次， 不要产生竞争
24-11-17.23:40:45.009 [scheduling-1    ] INFO  UpdateAwardStockJob    - 定时任务，更新奖品消耗库存[延迟队列获取，降低对数据库的更新频次， 不要产生竞争
24-11-17.23:41:00.004 [scheduling-1    ] INFO  UpdateAwardStockJob    - 定时任务，更新奖品消耗库存[延迟队列获取，降低对数据库的更新频次， 不要产生竞争
24-11-17.23:41:15.008 [scheduling-1    ] INFO  UpdateAwardStockJob    - 定时任务，更新奖品消耗库存[延迟队列获取，降低对数据库的更新频次， 不要产生竞争
24-11-17.23:41:30.009 [scheduling-1    ] INFO  UpdateAwardStockJob    - 定时任务，更新奖品消耗库存[延迟队列获取，降低对数据库的更新频次， 不要产生竞争
24-11-17.23:41:45.003 [scheduling-1    ] INFO  UpdateAwardStockJob    - 定时任务，更新奖品消耗库存[延迟队列获取，降低对数据库的更新频次， 不要产生竞争
24-11-17.23:42:00.008 [scheduling-1    ] INFO  UpdateAwardStockJob    - 定时任务，更新奖品消耗库存[延迟队列获取，降低对数据库的更新频次， 不要产生竞争
24-11-17.23:42:15.010 [scheduling-1    ] INFO  UpdateAwardStockJob    - 定时任务，更新奖品消耗库存[延迟队列获取，降低对数据库的更新频次， 不要产生竞争
24-11-17.23:42:30.006 [scheduling-1    ] INFO  UpdateAwardStockJob    - 定时任务，更新奖品消耗库存[延迟队列获取，降低对数据库的更新频次， 不要产生竞争
24-11-17.23:42:45.008 [scheduling-1    ] INFO  UpdateAwardStockJob    - 定时任务，更新奖品消耗库存[延迟队列获取，降低对数据库的更新频次， 不要产生竞争
24-11-17.23:43:00.010 [scheduling-1    ] INFO  UpdateAwardStockJob    - 定时任务，更新奖品消耗库存[延迟队列获取，降低对数据库的更新频次， 不要产生竞争
24-11-17.23:43:15.010 [scheduling-1    ] INFO  UpdateAwardStockJob    - 定时任务，更新奖品消耗库存[延迟队列获取，降低对数据库的更新频次， 不要产生竞争
24-11-17.23:43:30.010 [scheduling-1    ] INFO  UpdateAwardStockJob    - 定时任务，更新奖品消耗库存[延迟队列获取，降低对数据库的更新频次， 不要产生竞争
24-11-17.23:43:45.008 [scheduling-1    ] INFO  UpdateAwardStockJob    - 定时任务，更新奖品消耗库存[延迟队列获取，降低对数据库的更新频次， 不要产生竞争
24-11-17.23:44:00.002 [scheduling-1    ] INFO  UpdateAwardStockJob    - 定时任务，更新奖品消耗库存[延迟队列获取，降低对数据库的更新频次， 不要产生竞争
24-11-17.23:44:15.004 [scheduling-1    ] INFO  UpdateAwardStockJob    - 定时任务，更新奖品消耗库存[延迟队列获取，降低对数据库的更新频次， 不要产生竞争
24-11-17.23:44:30.010 [scheduling-1    ] INFO  UpdateAwardStockJob    - 定时任务，更新奖品消耗库存[延迟队列获取，降低对数据库的更新频次， 不要产生竞争
24-11-17.23:44:45.009 [scheduling-1    ] INFO  UpdateAwardStockJob    - 定时任务，更新奖品消耗库存[延迟队列获取，降低对数据库的更新频次， 不要产生竞争
24-11-17.23:45:00.002 [scheduling-1    ] INFO  UpdateAwardStockJob    - 定时任务，更新奖品消耗库存[延迟队列获取，降低对数据库的更新频次， 不要产生竞争
24-11-17.23:45:15.009 [scheduling-1    ] INFO  UpdateAwardStockJob    - 定时任务，更新奖品消耗库存[延迟队列获取，降低对数据库的更新频次， 不要产生竞争
24-11-17.23:45:30.010 [scheduling-1    ] INFO  UpdateAwardStockJob    - 定时任务，更新奖品消耗库存[延迟队列获取，降低对数据库的更新频次， 不要产生竞争
24-11-17.23:45:45.009 [scheduling-1    ] INFO  UpdateAwardStockJob    - 定时任务，更新奖品消耗库存[延迟队列获取，降低对数据库的更新频次， 不要产生竞争
24-11-17.23:46:00.010 [scheduling-1    ] INFO  UpdateAwardStockJob    - 定时任务，更新奖品消耗库存[延迟队列获取，降低对数据库的更新频次， 不要产生竞争
24-11-17.23:46:15.009 [scheduling-1    ] INFO  UpdateAwardStockJob    - 定时任务，更新奖品消耗库存[延迟队列获取，降低对数据库的更新频次， 不要产生竞争
24-11-17.23:46:30.001 [scheduling-1    ] INFO  UpdateAwardStockJob    - 定时任务，更新奖品消耗库存[延迟队列获取，降低对数据库的更新频次， 不要产生竞争
24-11-17.23:46:45.010 [scheduling-1    ] INFO  UpdateAwardStockJob    - 定时任务，更新奖品消耗库存[延迟队列获取，降低对数据库的更新频次， 不要产生竞争
24-11-17.23:47:00.005 [scheduling-1    ] INFO  UpdateAwardStockJob    - 定时任务，更新奖品消耗库存[延迟队列获取，降低对数据库的更新频次， 不要产生竞争
24-11-17.23:47:15.010 [scheduling-1    ] INFO  UpdateAwardStockJob    - 定时任务，更新奖品消耗库存[延迟队列获取，降低对数据库的更新频次， 不要产生竞争
24-11-17.23:47:30.011 [scheduling-1    ] INFO  UpdateAwardStockJob    - 定时任务，更新奖品消耗库存[延迟队列获取，降低对数据库的更新频次， 不要产生竞争
24-11-17.23:47:45.005 [scheduling-1    ] INFO  UpdateAwardStockJob    - 定时任务，更新奖品消耗库存[延迟队列获取，降低对数据库的更新频次， 不要产生竞争
24-11-17.23:48:00.010 [scheduling-1    ] INFO  UpdateAwardStockJob    - 定时任务，更新奖品消耗库存[延迟队列获取，降低对数据库的更新频次， 不要产生竞争
24-11-17.23:48:15.010 [scheduling-1    ] INFO  UpdateAwardStockJob    - 定时任务，更新奖品消耗库存[延迟队列获取，降低对数据库的更新频次， 不要产生竞争
24-11-17.23:48:30.007 [scheduling-1    ] INFO  UpdateAwardStockJob    - 定时任务，更新奖品消耗库存[延迟队列获取，降低对数据库的更新频次， 不要产生竞争
24-11-17.23:48:45.006 [scheduling-1    ] INFO  UpdateAwardStockJob    - 定时任务，更新奖品消耗库存[延迟队列获取，降低对数据库的更新频次， 不要产生竞争
24-11-17.23:49:00.009 [scheduling-1    ] INFO  UpdateAwardStockJob    - 定时任务，更新奖品消耗库存[延迟队列获取，降低对数据库的更新频次， 不要产生竞争
24-11-17.23:49:15.008 [scheduling-1    ] INFO  UpdateAwardStockJob    - 定时任务，更新奖品消耗库存[延迟队列获取，降低对数据库的更新频次， 不要产生竞争
24-11-17.23:49:30.010 [scheduling-1    ] INFO  UpdateAwardStockJob    - 定时任务，更新奖品消耗库存[延迟队列获取，降低对数据库的更新频次， 不要产生竞争
24-11-17.23:49:45.010 [scheduling-1    ] INFO  UpdateAwardStockJob    - 定时任务，更新奖品消耗库存[延迟队列获取，降低对数据库的更新频次， 不要产生竞争
24-11-17.23:50:00.001 [scheduling-1    ] INFO  UpdateAwardStockJob    - 定时任务，更新奖品消耗库存[延迟队列获取，降低对数据库的更新频次， 不要产生竞争
24-11-17.23:50:15.011 [scheduling-1    ] INFO  UpdateAwardStockJob    - 定时任务，更新奖品消耗库存[延迟队列获取，降低对数据库的更新频次， 不要产生竞争
24-11-17.23:50:30.003 [scheduling-1    ] INFO  UpdateAwardStockJob    - 定时任务，更新奖品消耗库存[延迟队列获取，降低对数据库的更新频次， 不要产生竞争
24-11-17.23:50:45.010 [scheduling-1    ] INFO  UpdateAwardStockJob    - 定时任务，更新奖品消耗库存[延迟队列获取，降低对数据库的更新频次， 不要产生竞争
24-11-17.23:51:00.010 [scheduling-1    ] INFO  UpdateAwardStockJob    - 定时任务，更新奖品消耗库存[延迟队列获取，降低对数据库的更新频次， 不要产生竞争
24-11-17.23:51:15.004 [scheduling-1    ] INFO  UpdateAwardStockJob    - 定时任务，更新奖品消耗库存[延迟队列获取，降低对数据库的更新频次， 不要产生竞争
24-11-17.23:51:30.007 [scheduling-1    ] INFO  UpdateAwardStockJob    - 定时任务，更新奖品消耗库存[延迟队列获取，降低对数据库的更新频次， 不要产生竞争
24-11-17.23:51:45.001 [scheduling-1    ] INFO  UpdateAwardStockJob    - 定时任务，更新奖品消耗库存[延迟队列获取，降低对数据库的更新频次， 不要产生竞争
24-11-17.23:52:00.007 [scheduling-1    ] INFO  UpdateAwardStockJob    - 定时任务，更新奖品消耗库存[延迟队列获取，降低对数据库的更新频次， 不要产生竞争
24-11-17.23:52:15.001 [scheduling-1    ] INFO  UpdateAwardStockJob    - 定时任务，更新奖品消耗库存[延迟队列获取，降低对数据库的更新频次， 不要产生竞争
24-11-17.23:52:30.008 [scheduling-1    ] INFO  UpdateAwardStockJob    - 定时任务，更新奖品消耗库存[延迟队列获取，降低对数据库的更新频次， 不要产生竞争
24-11-17.23:52:45.010 [scheduling-1    ] INFO  UpdateAwardStockJob    - 定时任务，更新奖品消耗库存[延迟队列获取，降低对数据库的更新频次， 不要产生竞争
24-11-17.23:53:00.005 [scheduling-1    ] INFO  UpdateAwardStockJob    - 定时任务，更新奖品消耗库存[延迟队列获取，降低对数据库的更新频次， 不要产生竞争
24-11-17.23:53:15.010 [scheduling-1    ] INFO  UpdateAwardStockJob    - 定时任务，更新奖品消耗库存[延迟队列获取，降低对数据库的更新频次， 不要产生竞争
24-11-17.23:53:30.001 [scheduling-1    ] INFO  UpdateAwardStockJob    - 定时任务，更新奖品消耗库存[延迟队列获取，降低对数据库的更新频次， 不要产生竞争
24-11-17.23:53:45.004 [scheduling-1    ] INFO  UpdateAwardStockJob    - 定时任务，更新奖品消耗库存[延迟队列获取，降低对数据库的更新频次， 不要产生竞争
24-11-17.23:54:00.010 [scheduling-1    ] INFO  UpdateAwardStockJob    - 定时任务，更新奖品消耗库存[延迟队列获取，降低对数据库的更新频次， 不要产生竞争
24-11-17.23:54:15.007 [scheduling-1    ] INFO  UpdateAwardStockJob    - 定时任务，更新奖品消耗库存[延迟队列获取，降低对数据库的更新频次， 不要产生竞争
24-11-17.23:54:30.010 [scheduling-1    ] INFO  UpdateAwardStockJob    - 定时任务，更新奖品消耗库存[延迟队列获取，降低对数据库的更新频次， 不要产生竞争
24-11-17.23:54:45.010 [scheduling-1    ] INFO  UpdateAwardStockJob    - 定时任务，更新奖品消耗库存[延迟队列获取，降低对数据库的更新频次， 不要产生竞争
24-11-17.23:55:00.006 [scheduling-1    ] INFO  UpdateAwardStockJob    - 定时任务，更新奖品消耗库存[延迟队列获取，降低对数据库的更新频次， 不要产生竞争
24-11-17.23:55:15.010 [scheduling-1    ] INFO  UpdateAwardStockJob    - 定时任务，更新奖品消耗库存[延迟队列获取，降低对数据库的更新频次， 不要产生竞争
24-11-17.23:55:30.009 [scheduling-1    ] INFO  UpdateAwardStockJob    - 定时任务，更新奖品消耗库存[延迟队列获取，降低对数据库的更新频次， 不要产生竞争
24-11-17.23:55:45.008 [scheduling-1    ] INFO  UpdateAwardStockJob    - 定时任务，更新奖品消耗库存[延迟队列获取，降低对数据库的更新频次， 不要产生竞争
24-11-17.23:56:00.004 [scheduling-1    ] INFO  UpdateAwardStockJob    - 定时任务，更新奖品消耗库存[延迟队列获取，降低对数据库的更新频次， 不要产生竞争
24-11-17.23:56:15.010 [scheduling-1    ] INFO  UpdateAwardStockJob    - 定时任务，更新奖品消耗库存[延迟队列获取，降低对数据库的更新频次， 不要产生竞争
24-11-17.23:56:30.006 [scheduling-1    ] INFO  UpdateAwardStockJob    - 定时任务，更新奖品消耗库存[延迟队列获取，降低对数据库的更新频次， 不要产生竞争
24-11-17.23:56:45.010 [scheduling-1    ] INFO  UpdateAwardStockJob    - 定时任务，更新奖品消耗库存[延迟队列获取，降低对数据库的更新频次， 不要产生竞争
24-11-17.23:57:00.008 [scheduling-1    ] INFO  UpdateAwardStockJob    - 定时任务，更新奖品消耗库存[延迟队列获取，降低对数据库的更新频次， 不要产生竞争
24-11-17.23:57:15.011 [scheduling-1    ] INFO  UpdateAwardStockJob    - 定时任务，更新奖品消耗库存[延迟队列获取，降低对数据库的更新频次， 不要产生竞争
24-11-17.23:57:30.010 [scheduling-1    ] INFO  UpdateAwardStockJob    - 定时任务，更新奖品消耗库存[延迟队列获取，降低对数据库的更新频次， 不要产生竞争
24-11-17.23:57:45.009 [scheduling-1    ] INFO  UpdateAwardStockJob    - 定时任务，更新奖品消耗库存[延迟队列获取，降低对数据库的更新频次， 不要产生竞争
24-11-17.23:58:00.003 [scheduling-1    ] INFO  UpdateAwardStockJob    - 定时任务，更新奖品消耗库存[延迟队列获取，降低对数据库的更新频次， 不要产生竞争
24-11-17.23:58:15.005 [scheduling-1    ] INFO  UpdateAwardStockJob    - 定时任务，更新奖品消耗库存[延迟队列获取，降低对数据库的更新频次， 不要产生竞争
24-11-17.23:58:30.010 [scheduling-1    ] INFO  UpdateAwardStockJob    - 定时任务，更新奖品消耗库存[延迟队列获取，降低对数据库的更新频次， 不要产生竞争
24-11-17.23:58:45.003 [scheduling-1    ] INFO  UpdateAwardStockJob    - 定时任务，更新奖品消耗库存[延迟队列获取，降低对数据库的更新频次， 不要产生竞争
24-11-17.23:59:00.005 [scheduling-1    ] INFO  UpdateAwardStockJob    - 定时任务，更新奖品消耗库存[延迟队列获取，降低对数据库的更新频次， 不要产生竞争
24-11-17.23:59:15.010 [scheduling-1    ] INFO  UpdateAwardStockJob    - 定时任务，更新奖品消耗库存[延迟队列获取，降低对数据库的更新频次， 不要产生竞争
24-11-17.23:59:30.010 [scheduling-1    ] INFO  UpdateAwardStockJob    - 定时任务，更新奖品消耗库存[延迟队列获取，降低对数据库的更新频次， 不要产生竞争
24-11-17.23:59:45.010 [scheduling-1    ] INFO  UpdateAwardStockJob    - 定时任务，更新奖品消耗库存[延迟队列获取，降低对数据库的更新频次， 不要产生竞争
