24-11-19.10:03:18.854 [main            ] INFO  Application            - Starting Application using Java 1.8.0_292 on JasonXudeMac-mini.local with PID 38908 (/Users/jasonxu/IdeaProjects/zsxq/03-大营销/big-market-xqh/big-market-xqh-app/target/classes started by jasonxu in /Users/jasonxu/IdeaProjects/zsxq/03-大营销/big-market-xqh)
24-11-19.10:03:18.855 [main            ] INFO  Application            - The following 1 profile is active: "dev"
24-11-19.10:03:19.319 [main            ] INFO  RepositoryConfigurationDelegate - Multiple Spring Data modules found, entering strict repository configuration mode
24-11-19.10:03:19.320 [main            ] INFO  RepositoryConfigurationDelegate - Bootstrapping Spring Data Redis repositories in DEFAULT mode.
24-11-19.10:03:19.335 [main            ] INFO  RepositoryConfigurationDelegate - Finished Spring Data repository scanning in 7 ms. Found 0 Redis repository interfaces.
24-11-19.10:03:19.623 [main            ] INFO  TomcatWebServer        - Tomcat initialized with port(s): 8091 (http)
24-11-19.10:03:19.627 [main            ] INFO  Http11NioProtocol      - Initializing ProtocolHandler ["http-nio-8091"]
24-11-19.10:03:19.627 [main            ] INFO  StandardService        - Starting service [Tomcat]
24-11-19.10:03:19.627 [main            ] INFO  StandardEngine         - Starting Servlet engine: [Apache Tomcat/9.0.75]
24-11-19.10:03:19.672 [main            ] INFO  [/]                    - Initializing Spring embedded WebApplicationContext
24-11-19.10:03:19.672 [main            ] INFO  ServletWebServerApplicationContext - Root WebApplicationContext: initialization completed in 795 ms
24-11-19.10:03:19.959 [main            ] INFO  Version                - Redisson 3.23.4
24-11-19.10:03:19.981 [main            ] WARN  DnsServerAddressStreamProviders - Can not find io.netty.resolver.dns.macos.MacOSDnsServerAddressStreamProvider in the classpath, fallback to system defaults. This may result in incorrect DNS resolutions on MacOS. Check whether you have a dependency on 'io.netty:netty-resolver-dns-native-macos'
24-11-19.10:03:20.096 [redisson-netty-2-5] INFO  MasterPubSubConnectionPool - 1 connections initialized for 127.0.0.1/127.0.0.1:6379
24-11-19.10:03:20.103 [redisson-netty-2-13] INFO  MasterConnectionPool   - 5 connections initialized for 127.0.0.1/127.0.0.1:6379
24-11-19.10:03:20.570 [main            ] INFO  EndpointLinksResolver  - Exposing 1 endpoint(s) beneath base path '/actuator'
24-11-19.10:03:20.593 [main            ] INFO  Http11NioProtocol      - Starting ProtocolHandler ["http-nio-8091"]
24-11-19.10:03:20.598 [main            ] INFO  TomcatWebServer        - Tomcat started on port(s): 8091 (http) with context path ''
24-11-19.10:03:20.609 [main            ] INFO  Application            - Started Application in 2.016 seconds (JVM running for 2.624)
24-11-19.10:03:20.960 [RMI TCP Connection(2)-192.168.14.150] INFO  HikariDataSource       - HikariPool-1 - Starting...
24-11-19.10:03:20.960 [RMI TCP Connection(1)-192.168.14.150] INFO  [/]                    - Initializing Spring DispatcherServlet 'dispatcherServlet'
24-11-19.10:03:20.960 [RMI TCP Connection(1)-192.168.14.150] INFO  DispatcherServlet      - Initializing Servlet 'dispatcherServlet'
24-11-19.10:03:20.961 [RMI TCP Connection(1)-192.168.14.150] INFO  DispatcherServlet      - Completed initialization in 1 ms
24-11-19.10:03:21.169 [RMI TCP Connection(2)-192.168.14.150] INFO  HikariDataSource       - HikariPool-1 - Start completed.
24-11-19.10:03:25.004 [scheduling-1    ] INFO  UpdateAwardStockJob    - 定时任务，更新奖品消耗库存[延迟队列获取，降低对数据库的更新频次， 不要产生竞争
24-11-19.10:03:30.005 [scheduling-1    ] INFO  UpdateAwardStockJob    - 定时任务，更新奖品消耗库存[延迟队列获取，降低对数据库的更新频次， 不要产生竞争
24-11-19.10:03:35.002 [scheduling-1    ] INFO  UpdateAwardStockJob    - 定时任务，更新奖品消耗库存[延迟队列获取，降低对数据库的更新频次， 不要产生竞争
24-11-19.10:03:40.008 [scheduling-1    ] INFO  UpdateAwardStockJob    - 定时任务，更新奖品消耗库存[延迟队列获取，降低对数据库的更新频次， 不要产生竞争
24-11-19.10:03:45.005 [scheduling-1    ] INFO  UpdateAwardStockJob    - 定时任务，更新奖品消耗库存[延迟队列获取，降低对数据库的更新频次， 不要产生竞争
24-11-19.10:03:50.004 [scheduling-1    ] INFO  UpdateAwardStockJob    - 定时任务，更新奖品消耗库存[延迟队列获取，降低对数据库的更新频次， 不要产生竞争
24-11-19.10:03:55.003 [scheduling-1    ] INFO  UpdateAwardStockJob    - 定时任务，更新奖品消耗库存[延迟队列获取，降低对数据库的更新频次， 不要产生竞争
24-11-19.10:04:00.005 [scheduling-1    ] INFO  UpdateAwardStockJob    - 定时任务，更新奖品消耗库存[延迟队列获取，降低对数据库的更新频次， 不要产生竞争
24-11-19.10:04:05.001 [scheduling-1    ] INFO  UpdateAwardStockJob    - 定时任务，更新奖品消耗库存[延迟队列获取，降低对数据库的更新频次， 不要产生竞争
24-11-19.10:04:10.005 [scheduling-1    ] INFO  UpdateAwardStockJob    - 定时任务，更新奖品消耗库存[延迟队列获取，降低对数据库的更新频次， 不要产生竞争
24-11-19.10:04:15.121 [scheduling-1    ] INFO  UpdateAwardStockJob    - 定时任务，更新奖品消耗库存[延迟队列获取，降低对数据库的更新频次， 不要产生竞争
24-11-19.10:04:20.005 [scheduling-1    ] INFO  UpdateAwardStockJob    - 定时任务，更新奖品消耗库存[延迟队列获取，降低对数据库的更新频次， 不要产生竞争
24-11-19.10:04:25.004 [scheduling-1    ] INFO  UpdateAwardStockJob    - 定时任务，更新奖品消耗库存[延迟队列获取，降低对数据库的更新频次， 不要产生竞争
24-11-19.10:04:30.001 [scheduling-1    ] INFO  UpdateAwardStockJob    - 定时任务，更新奖品消耗库存[延迟队列获取，降低对数据库的更新频次， 不要产生竞争
24-11-19.10:04:35.002 [scheduling-1    ] INFO  UpdateAwardStockJob    - 定时任务，更新奖品消耗库存[延迟队列获取，降低对数据库的更新频次， 不要产生竞争
24-11-19.10:04:40.008 [scheduling-1    ] INFO  UpdateAwardStockJob    - 定时任务，更新奖品消耗库存[延迟队列获取，降低对数据库的更新频次， 不要产生竞争
24-11-19.10:04:45.005 [scheduling-1    ] INFO  UpdateAwardStockJob    - 定时任务，更新奖品消耗库存[延迟队列获取，降低对数据库的更新频次， 不要产生竞争
24-11-19.10:04:50.004 [scheduling-1    ] INFO  UpdateAwardStockJob    - 定时任务，更新奖品消耗库存[延迟队列获取，降低对数据库的更新频次， 不要产生竞争
24-11-19.10:04:51.226 [http-nio-8091-exec-3] INFO  RaffleController       - 查询抽奖奖品列表开始 strategyId:0
24-11-19.10:04:51.226 [http-nio-8091-exec-4] INFO  RaffleController       - 查询抽奖奖品列表开始 strategyId:0
24-11-19.10:04:51.226 [http-nio-8091-exec-3] INFO  StrategyRepository     - 开始查询awardList
24-11-19.10:04:51.226 [http-nio-8091-exec-4] INFO  StrategyRepository     - 开始查询awardList
24-11-19.10:04:51.400 [http-nio-8091-exec-3] INFO  StrategyRepository     - 查询awardList成功
24-11-19.10:04:51.400 [http-nio-8091-exec-4] INFO  StrategyRepository     - 查询awardList成功
24-11-19.10:04:51.457 [http-nio-8091-exec-3] INFO  RaffleController       - 查询奖品列表成功 strategyId：0 response: {"code":"0000","data":[],"info":"调用成功"}
24-11-19.10:04:51.457 [http-nio-8091-exec-4] INFO  RaffleController       - 查询奖品列表成功 strategyId：0 response: {"code":"0000","data":[],"info":"调用成功"}
24-11-19.10:04:55.005 [scheduling-1    ] INFO  UpdateAwardStockJob    - 定时任务，更新奖品消耗库存[延迟队列获取，降低对数据库的更新频次， 不要产生竞争
24-11-19.10:05:00.003 [scheduling-1    ] INFO  UpdateAwardStockJob    - 定时任务，更新奖品消耗库存[延迟队列获取，降低对数据库的更新频次， 不要产生竞争
24-11-19.10:05:02.874 [http-nio-8091-exec-8] INFO  RaffleController       - 查询抽奖奖品列表开始 strategyId:100006
24-11-19.10:05:02.874 [http-nio-8091-exec-8] INFO  StrategyRepository     - 开始查询awardList
24-11-19.10:05:02.874 [http-nio-8091-exec-7] INFO  RaffleController       - 查询抽奖奖品列表开始 strategyId:100006
24-11-19.10:05:02.876 [http-nio-8091-exec-7] INFO  StrategyRepository     - 开始查询awardList
24-11-19.10:05:02.914 [http-nio-8091-exec-8] INFO  RaffleController       - 查询奖品列表成功 strategyId：100006 response: {"code":"0000","data":[{"awardId":101,"awardTitle":"随机积分"},{"awardId":102,"awardTitle":"7等奖"},{"awardId":103,"awardTitle":"6等奖"},{"awardId":104,"awardTitle":"5等奖"},{"awardId":105,"awardTitle":"4等奖"},{"awardId":106,"awardSubtitle":"抽奖1次后解锁","awardTitle":"3等奖"},{"awardId":107,"awardSubtitle":"抽奖1次后解锁","awardTitle":"2等奖"},{"awardId":108,"awardSubtitle":"抽奖2次后解锁","awardTitle":"1等奖"}],"info":"调用成功"}
24-11-19.10:05:02.914 [http-nio-8091-exec-7] INFO  RaffleController       - 查询奖品列表成功 strategyId：100006 response: {"code":"0000","data":[{"awardId":101,"awardTitle":"随机积分"},{"awardId":102,"awardTitle":"7等奖"},{"awardId":103,"awardTitle":"6等奖"},{"awardId":104,"awardTitle":"5等奖"},{"awardId":105,"awardTitle":"4等奖"},{"awardId":106,"awardSubtitle":"抽奖1次后解锁","awardTitle":"3等奖"},{"awardId":107,"awardSubtitle":"抽奖1次后解锁","awardTitle":"2等奖"},{"awardId":108,"awardSubtitle":"抽奖2次后解锁","awardTitle":"1等奖"}],"info":"调用成功"}
24-11-19.10:05:05.006 [scheduling-1    ] INFO  UpdateAwardStockJob    - 定时任务，更新奖品消耗库存[延迟队列获取，降低对数据库的更新频次， 不要产生竞争
24-11-19.10:05:05.154 [http-nio-8091-exec-2] INFO  RaffleController       - 抽奖策略装配开始 strategyId：100006
24-11-19.10:05:05.154 [http-nio-8091-exec-2] INFO  StrategyRepository     - 开始查询awardList
24-11-19.10:05:05.194 [http-nio-8091-exec-2] INFO  RaffleController       - 抽奖策略装配完成 strategyId：100006 response: {"code":"0000","data":true,"info":"调用成功"}
24-11-19.10:05:09.719 [http-nio-8091-exec-3] INFO  DefaultLogicChain      - 抽奖责任链-默认处理 userId: system, strategyId: 100006 ruleModel: rule_default awardId: 106
24-11-19.10:05:09.721 [http-nio-8091-exec-3] INFO  AbstractRaffleStrategy - 抽奖策略计算-责任链 system 100006 106 rule_default
24-11-19.10:05:09.732 [http-nio-8091-exec-3] INFO  DefaultRaffleStrategy  - strategyAwardRuleModelVO.getRuleModels :tree_lock_1
24-11-19.10:05:09.739 [http-nio-8091-exec-3] INFO  RuleLockLogicTreeNode  - 规则树过滤-次数锁节点 userId:system strategyId:100006 awardId:106
24-11-19.10:05:09.740 [http-nio-8091-exec-3] INFO  DecisionTreeEngine     - 决策树引擎【规则树】treeId:tree_lock_1 nextNode:rule_lock code:0000 info:放行; 执行后续的流程，不受规则引擎影响
24-11-19.10:05:09.741 [http-nio-8091-exec-3] INFO  RuleStockLogicTreeNode - 规则过滤-库存扣减 userId:system strategyId:100006 awardId:106
24-11-19.10:05:09.756 [http-nio-8091-exec-3] INFO  RuleStockLogicTreeNode - 规则过滤-库存扣减成功，向队列发送消息 
24-11-19.10:05:09.776 [http-nio-8091-exec-3] INFO  DecisionTreeEngine     - 决策树引擎【规则树】treeId:tree_lock_1 nextNode:rule_stock code:0000 info:放行; 执行后续的流程，不受规则引擎影响
24-11-19.10:05:09.776 [http-nio-8091-exec-3] INFO  RuleLuckAwardLogicTreeNode - 走兜底奖品：随机积分
24-11-19.10:05:09.776 [http-nio-8091-exec-3] INFO  DecisionTreeEngine     - 决策树引擎【规则树】treeId:tree_lock_1 nextNode:rule_luck_award code:0001 info:接管； 后续流程，受规则引擎执行结果影响
24-11-19.10:05:09.776 [http-nio-8091-exec-3] INFO  AbstractRaffleStrategy - 抽奖策略计算-策略树 userId:system 策略Id: 100006 责任链抽到的奖品ID 106 奖品logicModel rule_default
24-11-19.10:05:09.780 [http-nio-8091-exec-3] INFO  RaffleController       - 随机抽奖完成 strategyId: 100006 response: {"code":"0000","data":{"awardId":101,"awardIndex":1},"info":"调用成功"}
24-11-19.10:05:10.013 [scheduling-1    ] INFO  UpdateAwardStockJob    - 定时任务，更新奖品消耗库存[延迟队列获取，降低对数据库的更新频次， 不要产生竞争
24-11-19.10:05:15.012 [scheduling-1    ] INFO  UpdateAwardStockJob    - 定时任务，更新奖品消耗库存[延迟队列获取，降低对数据库的更新频次， 不要产生竞争
24-11-19.10:05:15.015 [scheduling-1    ] INFO  UpdateAwardStockJob    - 定时任务，更新奖品消耗库存 strategyId:100006 awardId:106 
24-11-19.10:05:20.008 [scheduling-1    ] INFO  UpdateAwardStockJob    - 定时任务，更新奖品消耗库存[延迟队列获取，降低对数据库的更新频次， 不要产生竞争
24-11-19.10:05:25.006 [scheduling-1    ] INFO  UpdateAwardStockJob    - 定时任务，更新奖品消耗库存[延迟队列获取，降低对数据库的更新频次， 不要产生竞争
24-11-19.10:05:30.007 [scheduling-1    ] INFO  UpdateAwardStockJob    - 定时任务，更新奖品消耗库存[延迟队列获取，降低对数据库的更新频次， 不要产生竞争
24-11-19.10:05:35.007 [scheduling-1    ] INFO  UpdateAwardStockJob    - 定时任务，更新奖品消耗库存[延迟队列获取，降低对数据库的更新频次， 不要产生竞争
24-11-19.10:05:40.004 [scheduling-1    ] INFO  UpdateAwardStockJob    - 定时任务，更新奖品消耗库存[延迟队列获取，降低对数据库的更新频次， 不要产生竞争
24-11-19.10:05:45.006 [scheduling-1    ] INFO  UpdateAwardStockJob    - 定时任务，更新奖品消耗库存[延迟队列获取，降低对数据库的更新频次， 不要产生竞争
24-11-19.10:05:50.003 [scheduling-1    ] INFO  UpdateAwardStockJob    - 定时任务，更新奖品消耗库存[延迟队列获取，降低对数据库的更新频次， 不要产生竞争
24-11-19.10:05:55.005 [scheduling-1    ] INFO  UpdateAwardStockJob    - 定时任务，更新奖品消耗库存[延迟队列获取，降低对数据库的更新频次， 不要产生竞争
24-11-19.10:06:00.005 [scheduling-1    ] INFO  UpdateAwardStockJob    - 定时任务，更新奖品消耗库存[延迟队列获取，降低对数据库的更新频次， 不要产生竞争
24-11-19.10:06:05.005 [scheduling-1    ] INFO  UpdateAwardStockJob    - 定时任务，更新奖品消耗库存[延迟队列获取，降低对数据库的更新频次， 不要产生竞争
24-11-19.10:06:10.003 [scheduling-1    ] INFO  UpdateAwardStockJob    - 定时任务，更新奖品消耗库存[延迟队列获取，降低对数据库的更新频次， 不要产生竞争
24-11-19.10:06:15.006 [scheduling-1    ] INFO  UpdateAwardStockJob    - 定时任务，更新奖品消耗库存[延迟队列获取，降低对数据库的更新频次， 不要产生竞争
24-11-19.10:06:20.001 [scheduling-1    ] INFO  UpdateAwardStockJob    - 定时任务，更新奖品消耗库存[延迟队列获取，降低对数据库的更新频次， 不要产生竞争
24-11-19.10:06:25.005 [scheduling-1    ] INFO  UpdateAwardStockJob    - 定时任务，更新奖品消耗库存[延迟队列获取，降低对数据库的更新频次， 不要产生竞争
24-11-19.10:06:30.005 [scheduling-1    ] INFO  UpdateAwardStockJob    - 定时任务，更新奖品消耗库存[延迟队列获取，降低对数据库的更新频次， 不要产生竞争
24-11-19.10:06:35.004 [scheduling-1    ] INFO  UpdateAwardStockJob    - 定时任务，更新奖品消耗库存[延迟队列获取，降低对数据库的更新频次， 不要产生竞争
24-11-19.10:06:40.005 [scheduling-1    ] INFO  UpdateAwardStockJob    - 定时任务，更新奖品消耗库存[延迟队列获取，降低对数据库的更新频次， 不要产生竞争
24-11-19.10:06:45.001 [scheduling-1    ] INFO  UpdateAwardStockJob    - 定时任务，更新奖品消耗库存[延迟队列获取，降低对数据库的更新频次， 不要产生竞争
24-11-19.10:06:50.006 [scheduling-1    ] INFO  UpdateAwardStockJob    - 定时任务，更新奖品消耗库存[延迟队列获取，降低对数据库的更新频次， 不要产生竞争
24-11-19.10:06:55.001 [scheduling-1    ] INFO  UpdateAwardStockJob    - 定时任务，更新奖品消耗库存[延迟队列获取，降低对数据库的更新频次， 不要产生竞争
24-11-19.10:07:00.001 [scheduling-1    ] INFO  UpdateAwardStockJob    - 定时任务，更新奖品消耗库存[延迟队列获取，降低对数据库的更新频次， 不要产生竞争
24-11-19.10:07:05.003 [scheduling-1    ] INFO  UpdateAwardStockJob    - 定时任务，更新奖品消耗库存[延迟队列获取，降低对数据库的更新频次， 不要产生竞争
24-11-19.10:07:10.003 [scheduling-1    ] INFO  UpdateAwardStockJob    - 定时任务，更新奖品消耗库存[延迟队列获取，降低对数据库的更新频次， 不要产生竞争
24-11-19.10:07:15.005 [scheduling-1    ] INFO  UpdateAwardStockJob    - 定时任务，更新奖品消耗库存[延迟队列获取，降低对数据库的更新频次， 不要产生竞争
24-11-19.10:07:20.005 [scheduling-1    ] INFO  UpdateAwardStockJob    - 定时任务，更新奖品消耗库存[延迟队列获取，降低对数据库的更新频次， 不要产生竞争
24-11-19.10:07:25.004 [scheduling-1    ] INFO  UpdateAwardStockJob    - 定时任务，更新奖品消耗库存[延迟队列获取，降低对数据库的更新频次， 不要产生竞争
24-11-19.10:07:30.009 [scheduling-1    ] INFO  UpdateAwardStockJob    - 定时任务，更新奖品消耗库存[延迟队列获取，降低对数据库的更新频次， 不要产生竞争
24-11-19.10:07:35.006 [scheduling-1    ] INFO  UpdateAwardStockJob    - 定时任务，更新奖品消耗库存[延迟队列获取，降低对数据库的更新频次， 不要产生竞争
24-11-19.10:07:40.004 [scheduling-1    ] INFO  UpdateAwardStockJob    - 定时任务，更新奖品消耗库存[延迟队列获取，降低对数据库的更新频次， 不要产生竞争
24-11-19.10:07:45.004 [scheduling-1    ] INFO  UpdateAwardStockJob    - 定时任务，更新奖品消耗库存[延迟队列获取，降低对数据库的更新频次， 不要产生竞争
24-11-19.10:07:50.006 [scheduling-1    ] INFO  UpdateAwardStockJob    - 定时任务，更新奖品消耗库存[延迟队列获取，降低对数据库的更新频次， 不要产生竞争
24-11-19.10:07:55.003 [scheduling-1    ] INFO  UpdateAwardStockJob    - 定时任务，更新奖品消耗库存[延迟队列获取，降低对数据库的更新频次， 不要产生竞争
24-11-19.10:08:00.001 [scheduling-1    ] INFO  UpdateAwardStockJob    - 定时任务，更新奖品消耗库存[延迟队列获取，降低对数据库的更新频次， 不要产生竞争
24-11-19.10:08:05.004 [scheduling-1    ] INFO  UpdateAwardStockJob    - 定时任务，更新奖品消耗库存[延迟队列获取，降低对数据库的更新频次， 不要产生竞争
24-11-19.10:08:10.003 [scheduling-1    ] INFO  UpdateAwardStockJob    - 定时任务，更新奖品消耗库存[延迟队列获取，降低对数据库的更新频次， 不要产生竞争
24-11-19.10:08:15.005 [scheduling-1    ] INFO  UpdateAwardStockJob    - 定时任务，更新奖品消耗库存[延迟队列获取，降低对数据库的更新频次， 不要产生竞争
24-11-19.10:08:20.005 [scheduling-1    ] INFO  UpdateAwardStockJob    - 定时任务，更新奖品消耗库存[延迟队列获取，降低对数据库的更新频次， 不要产生竞争
24-11-19.10:08:25.000 [scheduling-1    ] INFO  UpdateAwardStockJob    - 定时任务，更新奖品消耗库存[延迟队列获取，降低对数据库的更新频次， 不要产生竞争
24-11-19.10:08:30.006 [scheduling-1    ] INFO  UpdateAwardStockJob    - 定时任务，更新奖品消耗库存[延迟队列获取，降低对数据库的更新频次， 不要产生竞争
24-11-19.10:08:35.003 [scheduling-1    ] INFO  UpdateAwardStockJob    - 定时任务，更新奖品消耗库存[延迟队列获取，降低对数据库的更新频次， 不要产生竞争
24-11-19.10:08:40.008 [scheduling-1    ] INFO  UpdateAwardStockJob    - 定时任务，更新奖品消耗库存[延迟队列获取，降低对数据库的更新频次， 不要产生竞争
24-11-19.10:08:45.000 [scheduling-1    ] INFO  UpdateAwardStockJob    - 定时任务，更新奖品消耗库存[延迟队列获取，降低对数据库的更新频次， 不要产生竞争
24-11-19.10:08:50.001 [scheduling-1    ] INFO  UpdateAwardStockJob    - 定时任务，更新奖品消耗库存[延迟队列获取，降低对数据库的更新频次， 不要产生竞争
24-11-19.10:08:55.000 [scheduling-1    ] INFO  UpdateAwardStockJob    - 定时任务，更新奖品消耗库存[延迟队列获取，降低对数据库的更新频次， 不要产生竞争
24-11-19.10:09:00.008 [scheduling-1    ] INFO  UpdateAwardStockJob    - 定时任务，更新奖品消耗库存[延迟队列获取，降低对数据库的更新频次， 不要产生竞争
24-11-19.10:09:05.005 [scheduling-1    ] INFO  UpdateAwardStockJob    - 定时任务，更新奖品消耗库存[延迟队列获取，降低对数据库的更新频次， 不要产生竞争
24-11-19.10:09:10.002 [scheduling-1    ] INFO  UpdateAwardStockJob    - 定时任务，更新奖品消耗库存[延迟队列获取，降低对数据库的更新频次， 不要产生竞争
24-11-19.10:09:15.003 [scheduling-1    ] INFO  UpdateAwardStockJob    - 定时任务，更新奖品消耗库存[延迟队列获取，降低对数据库的更新频次， 不要产生竞争
24-11-19.10:09:20.005 [scheduling-1    ] INFO  UpdateAwardStockJob    - 定时任务，更新奖品消耗库存[延迟队列获取，降低对数据库的更新频次， 不要产生竞争
24-11-19.10:09:25.000 [scheduling-1    ] INFO  UpdateAwardStockJob    - 定时任务，更新奖品消耗库存[延迟队列获取，降低对数据库的更新频次， 不要产生竞争
24-11-19.10:09:30.001 [scheduling-1    ] INFO  UpdateAwardStockJob    - 定时任务，更新奖品消耗库存[延迟队列获取，降低对数据库的更新频次， 不要产生竞争
24-11-19.10:09:35.005 [scheduling-1    ] INFO  UpdateAwardStockJob    - 定时任务，更新奖品消耗库存[延迟队列获取，降低对数据库的更新频次， 不要产生竞争
24-11-19.10:09:40.004 [scheduling-1    ] INFO  UpdateAwardStockJob    - 定时任务，更新奖品消耗库存[延迟队列获取，降低对数据库的更新频次， 不要产生竞争
24-11-19.10:09:45.002 [scheduling-1    ] INFO  UpdateAwardStockJob    - 定时任务，更新奖品消耗库存[延迟队列获取，降低对数据库的更新频次， 不要产生竞争
24-11-19.10:09:50.004 [scheduling-1    ] INFO  UpdateAwardStockJob    - 定时任务，更新奖品消耗库存[延迟队列获取，降低对数据库的更新频次， 不要产生竞争
24-11-19.10:09:55.006 [scheduling-1    ] INFO  UpdateAwardStockJob    - 定时任务，更新奖品消耗库存[延迟队列获取，降低对数据库的更新频次， 不要产生竞争
24-11-19.10:10:00.002 [scheduling-1    ] INFO  UpdateAwardStockJob    - 定时任务，更新奖品消耗库存[延迟队列获取，降低对数据库的更新频次， 不要产生竞争
24-11-19.10:10:05.005 [scheduling-1    ] INFO  UpdateAwardStockJob    - 定时任务，更新奖品消耗库存[延迟队列获取，降低对数据库的更新频次， 不要产生竞争
24-11-19.10:10:10.005 [scheduling-1    ] INFO  UpdateAwardStockJob    - 定时任务，更新奖品消耗库存[延迟队列获取，降低对数据库的更新频次， 不要产生竞争
24-11-19.10:10:15.002 [scheduling-1    ] INFO  UpdateAwardStockJob    - 定时任务，更新奖品消耗库存[延迟队列获取，降低对数据库的更新频次， 不要产生竞争
24-11-19.10:10:20.003 [scheduling-1    ] INFO  UpdateAwardStockJob    - 定时任务，更新奖品消耗库存[延迟队列获取，降低对数据库的更新频次， 不要产生竞争
24-11-19.10:10:25.005 [scheduling-1    ] INFO  UpdateAwardStockJob    - 定时任务，更新奖品消耗库存[延迟队列获取，降低对数据库的更新频次， 不要产生竞争
24-11-19.10:10:30.004 [scheduling-1    ] INFO  UpdateAwardStockJob    - 定时任务，更新奖品消耗库存[延迟队列获取，降低对数据库的更新频次， 不要产生竞争
24-11-19.10:10:35.004 [scheduling-1    ] INFO  UpdateAwardStockJob    - 定时任务，更新奖品消耗库存[延迟队列获取，降低对数据库的更新频次， 不要产生竞争
24-11-19.10:10:40.006 [scheduling-1    ] INFO  UpdateAwardStockJob    - 定时任务，更新奖品消耗库存[延迟队列获取，降低对数据库的更新频次， 不要产生竞争
24-11-19.10:10:45.005 [scheduling-1    ] INFO  UpdateAwardStockJob    - 定时任务，更新奖品消耗库存[延迟队列获取，降低对数据库的更新频次， 不要产生竞争
24-11-19.10:10:50.005 [scheduling-1    ] INFO  UpdateAwardStockJob    - 定时任务，更新奖品消耗库存[延迟队列获取，降低对数据库的更新频次， 不要产生竞争
24-11-19.10:10:55.002 [scheduling-1    ] INFO  UpdateAwardStockJob    - 定时任务，更新奖品消耗库存[延迟队列获取，降低对数据库的更新频次， 不要产生竞争
24-11-19.10:11:00.004 [scheduling-1    ] INFO  UpdateAwardStockJob    - 定时任务，更新奖品消耗库存[延迟队列获取，降低对数据库的更新频次， 不要产生竞争
24-11-19.10:11:05.005 [scheduling-1    ] INFO  UpdateAwardStockJob    - 定时任务，更新奖品消耗库存[延迟队列获取，降低对数据库的更新频次， 不要产生竞争
24-11-19.10:11:10.003 [scheduling-1    ] INFO  UpdateAwardStockJob    - 定时任务，更新奖品消耗库存[延迟队列获取，降低对数据库的更新频次， 不要产生竞争
24-11-19.10:11:15.003 [scheduling-1    ] INFO  UpdateAwardStockJob    - 定时任务，更新奖品消耗库存[延迟队列获取，降低对数据库的更新频次， 不要产生竞争
24-11-19.10:11:20.001 [scheduling-1    ] INFO  UpdateAwardStockJob    - 定时任务，更新奖品消耗库存[延迟队列获取，降低对数据库的更新频次， 不要产生竞争
24-11-19.10:11:25.005 [scheduling-1    ] INFO  UpdateAwardStockJob    - 定时任务，更新奖品消耗库存[延迟队列获取，降低对数据库的更新频次， 不要产生竞争
24-11-19.10:11:30.004 [scheduling-1    ] INFO  UpdateAwardStockJob    - 定时任务，更新奖品消耗库存[延迟队列获取，降低对数据库的更新频次， 不要产生竞争
24-11-19.10:11:35.004 [scheduling-1    ] INFO  UpdateAwardStockJob    - 定时任务，更新奖品消耗库存[延迟队列获取，降低对数据库的更新频次， 不要产生竞争
24-11-19.10:11:40.002 [scheduling-1    ] INFO  UpdateAwardStockJob    - 定时任务，更新奖品消耗库存[延迟队列获取，降低对数据库的更新频次， 不要产生竞争
24-11-19.10:11:45.007 [scheduling-1    ] INFO  UpdateAwardStockJob    - 定时任务，更新奖品消耗库存[延迟队列获取，降低对数据库的更新频次， 不要产生竞争
24-11-19.10:11:50.003 [scheduling-1    ] INFO  UpdateAwardStockJob    - 定时任务，更新奖品消耗库存[延迟队列获取，降低对数据库的更新频次， 不要产生竞争
24-11-19.10:11:55.004 [scheduling-1    ] INFO  UpdateAwardStockJob    - 定时任务，更新奖品消耗库存[延迟队列获取，降低对数据库的更新频次， 不要产生竞争
24-11-19.10:12:00.002 [scheduling-1    ] INFO  UpdateAwardStockJob    - 定时任务，更新奖品消耗库存[延迟队列获取，降低对数据库的更新频次， 不要产生竞争
24-11-19.10:12:05.006 [scheduling-1    ] INFO  UpdateAwardStockJob    - 定时任务，更新奖品消耗库存[延迟队列获取，降低对数据库的更新频次， 不要产生竞争
24-11-19.10:12:10.005 [scheduling-1    ] INFO  UpdateAwardStockJob    - 定时任务，更新奖品消耗库存[延迟队列获取，降低对数据库的更新频次， 不要产生竞争
24-11-19.10:12:15.002 [scheduling-1    ] INFO  UpdateAwardStockJob    - 定时任务，更新奖品消耗库存[延迟队列获取，降低对数据库的更新频次， 不要产生竞争
24-11-19.10:12:20.005 [scheduling-1    ] INFO  UpdateAwardStockJob    - 定时任务，更新奖品消耗库存[延迟队列获取，降低对数据库的更新频次， 不要产生竞争
24-11-19.10:12:25.003 [scheduling-1    ] INFO  UpdateAwardStockJob    - 定时任务，更新奖品消耗库存[延迟队列获取，降低对数据库的更新频次， 不要产生竞争
24-11-19.10:12:30.005 [scheduling-1    ] INFO  UpdateAwardStockJob    - 定时任务，更新奖品消耗库存[延迟队列获取，降低对数据库的更新频次， 不要产生竞争
24-11-19.10:12:35.001 [scheduling-1    ] INFO  UpdateAwardStockJob    - 定时任务，更新奖品消耗库存[延迟队列获取，降低对数据库的更新频次， 不要产生竞争
24-11-19.10:12:40.005 [scheduling-1    ] INFO  UpdateAwardStockJob    - 定时任务，更新奖品消耗库存[延迟队列获取，降低对数据库的更新频次， 不要产生竞争
24-11-19.10:12:45.005 [scheduling-1    ] INFO  UpdateAwardStockJob    - 定时任务，更新奖品消耗库存[延迟队列获取，降低对数据库的更新频次， 不要产生竞争
24-11-19.10:12:50.010 [scheduling-1    ] INFO  UpdateAwardStockJob    - 定时任务，更新奖品消耗库存[延迟队列获取，降低对数据库的更新频次， 不要产生竞争
24-11-19.10:12:55.012 [scheduling-1    ] INFO  UpdateAwardStockJob    - 定时任务，更新奖品消耗库存[延迟队列获取，降低对数据库的更新频次， 不要产生竞争
24-11-19.10:13:00.009 [scheduling-1    ] INFO  UpdateAwardStockJob    - 定时任务，更新奖品消耗库存[延迟队列获取，降低对数据库的更新频次， 不要产生竞争
24-11-19.10:13:05.006 [scheduling-1    ] INFO  UpdateAwardStockJob    - 定时任务，更新奖品消耗库存[延迟队列获取，降低对数据库的更新频次， 不要产生竞争
24-11-19.10:13:10.004 [scheduling-1    ] INFO  UpdateAwardStockJob    - 定时任务，更新奖品消耗库存[延迟队列获取，降低对数据库的更新频次， 不要产生竞争
24-11-19.10:13:15.004 [scheduling-1    ] INFO  UpdateAwardStockJob    - 定时任务，更新奖品消耗库存[延迟队列获取，降低对数据库的更新频次， 不要产生竞争
24-11-19.10:13:20.005 [scheduling-1    ] INFO  UpdateAwardStockJob    - 定时任务，更新奖品消耗库存[延迟队列获取，降低对数据库的更新频次， 不要产生竞争
24-11-19.10:13:25.007 [scheduling-1    ] INFO  UpdateAwardStockJob    - 定时任务，更新奖品消耗库存[延迟队列获取，降低对数据库的更新频次， 不要产生竞争
24-11-19.10:13:30.004 [scheduling-1    ] INFO  UpdateAwardStockJob    - 定时任务，更新奖品消耗库存[延迟队列获取，降低对数据库的更新频次， 不要产生竞争
24-11-19.10:13:35.000 [scheduling-1    ] INFO  UpdateAwardStockJob    - 定时任务，更新奖品消耗库存[延迟队列获取，降低对数据库的更新频次， 不要产生竞争
24-11-19.10:13:40.004 [scheduling-1    ] INFO  UpdateAwardStockJob    - 定时任务，更新奖品消耗库存[延迟队列获取，降低对数据库的更新频次， 不要产生竞争
24-11-19.10:13:45.002 [scheduling-1    ] INFO  UpdateAwardStockJob    - 定时任务，更新奖品消耗库存[延迟队列获取，降低对数据库的更新频次， 不要产生竞争
24-11-19.10:13:50.002 [scheduling-1    ] INFO  UpdateAwardStockJob    - 定时任务，更新奖品消耗库存[延迟队列获取，降低对数据库的更新频次， 不要产生竞争
24-11-19.10:13:55.000 [scheduling-1    ] INFO  UpdateAwardStockJob    - 定时任务，更新奖品消耗库存[延迟队列获取，降低对数据库的更新频次， 不要产生竞争
24-11-19.10:14:00.002 [scheduling-1    ] INFO  UpdateAwardStockJob    - 定时任务，更新奖品消耗库存[延迟队列获取，降低对数据库的更新频次， 不要产生竞争
24-11-19.10:14:05.001 [scheduling-1    ] INFO  UpdateAwardStockJob    - 定时任务，更新奖品消耗库存[延迟队列获取，降低对数据库的更新频次， 不要产生竞争
24-11-19.10:14:10.004 [scheduling-1    ] INFO  UpdateAwardStockJob    - 定时任务，更新奖品消耗库存[延迟队列获取，降低对数据库的更新频次， 不要产生竞争
24-11-19.10:14:15.004 [scheduling-1    ] INFO  UpdateAwardStockJob    - 定时任务，更新奖品消耗库存[延迟队列获取，降低对数据库的更新频次， 不要产生竞争
24-11-19.10:14:20.005 [scheduling-1    ] INFO  UpdateAwardStockJob    - 定时任务，更新奖品消耗库存[延迟队列获取，降低对数据库的更新频次， 不要产生竞争
24-11-19.10:14:25.004 [scheduling-1    ] INFO  UpdateAwardStockJob    - 定时任务，更新奖品消耗库存[延迟队列获取，降低对数据库的更新频次， 不要产生竞争
24-11-19.10:14:30.000 [scheduling-1    ] INFO  UpdateAwardStockJob    - 定时任务，更新奖品消耗库存[延迟队列获取，降低对数据库的更新频次， 不要产生竞争
24-11-19.10:14:35.006 [scheduling-1    ] INFO  UpdateAwardStockJob    - 定时任务，更新奖品消耗库存[延迟队列获取，降低对数据库的更新频次， 不要产生竞争
24-11-19.10:14:40.003 [scheduling-1    ] INFO  UpdateAwardStockJob    - 定时任务，更新奖品消耗库存[延迟队列获取，降低对数据库的更新频次， 不要产生竞争
24-11-19.10:14:45.003 [scheduling-1    ] INFO  UpdateAwardStockJob    - 定时任务，更新奖品消耗库存[延迟队列获取，降低对数据库的更新频次， 不要产生竞争
24-11-19.10:14:50.002 [scheduling-1    ] INFO  UpdateAwardStockJob    - 定时任务，更新奖品消耗库存[延迟队列获取，降低对数据库的更新频次， 不要产生竞争
24-11-19.10:14:55.005 [scheduling-1    ] INFO  UpdateAwardStockJob    - 定时任务，更新奖品消耗库存[延迟队列获取，降低对数据库的更新频次， 不要产生竞争
24-11-19.10:15:00.006 [scheduling-1    ] INFO  UpdateAwardStockJob    - 定时任务，更新奖品消耗库存[延迟队列获取，降低对数据库的更新频次， 不要产生竞争
24-11-19.10:15:05.001 [scheduling-1    ] INFO  UpdateAwardStockJob    - 定时任务，更新奖品消耗库存[延迟队列获取，降低对数据库的更新频次， 不要产生竞争
24-11-19.10:15:10.007 [scheduling-1    ] INFO  UpdateAwardStockJob    - 定时任务，更新奖品消耗库存[延迟队列获取，降低对数据库的更新频次， 不要产生竞争
24-11-19.10:15:15.005 [scheduling-1    ] INFO  UpdateAwardStockJob    - 定时任务，更新奖品消耗库存[延迟队列获取，降低对数据库的更新频次， 不要产生竞争
24-11-19.10:15:20.002 [scheduling-1    ] INFO  UpdateAwardStockJob    - 定时任务，更新奖品消耗库存[延迟队列获取，降低对数据库的更新频次， 不要产生竞争
24-11-19.10:15:25.001 [scheduling-1    ] INFO  UpdateAwardStockJob    - 定时任务，更新奖品消耗库存[延迟队列获取，降低对数据库的更新频次， 不要产生竞争
24-11-19.10:15:30.006 [scheduling-1    ] INFO  UpdateAwardStockJob    - 定时任务，更新奖品消耗库存[延迟队列获取，降低对数据库的更新频次， 不要产生竞争
24-11-19.10:15:35.001 [scheduling-1    ] INFO  UpdateAwardStockJob    - 定时任务，更新奖品消耗库存[延迟队列获取，降低对数据库的更新频次， 不要产生竞争
24-11-19.10:15:40.001 [scheduling-1    ] INFO  UpdateAwardStockJob    - 定时任务，更新奖品消耗库存[延迟队列获取，降低对数据库的更新频次， 不要产生竞争
24-11-19.10:15:45.005 [scheduling-1    ] INFO  UpdateAwardStockJob    - 定时任务，更新奖品消耗库存[延迟队列获取，降低对数据库的更新频次， 不要产生竞争
24-11-19.10:15:50.002 [scheduling-1    ] INFO  UpdateAwardStockJob    - 定时任务，更新奖品消耗库存[延迟队列获取，降低对数据库的更新频次， 不要产生竞争
24-11-19.10:15:55.005 [scheduling-1    ] INFO  UpdateAwardStockJob    - 定时任务，更新奖品消耗库存[延迟队列获取，降低对数据库的更新频次， 不要产生竞争
24-11-19.10:16:00.001 [scheduling-1    ] INFO  UpdateAwardStockJob    - 定时任务，更新奖品消耗库存[延迟队列获取，降低对数据库的更新频次， 不要产生竞争
24-11-19.10:16:05.003 [scheduling-1    ] INFO  UpdateAwardStockJob    - 定时任务，更新奖品消耗库存[延迟队列获取，降低对数据库的更新频次， 不要产生竞争
24-11-19.10:16:10.001 [scheduling-1    ] INFO  UpdateAwardStockJob    - 定时任务，更新奖品消耗库存[延迟队列获取，降低对数据库的更新频次， 不要产生竞争
24-11-19.10:16:15.000 [scheduling-1    ] INFO  UpdateAwardStockJob    - 定时任务，更新奖品消耗库存[延迟队列获取，降低对数据库的更新频次， 不要产生竞争
24-11-19.10:16:20.006 [scheduling-1    ] INFO  UpdateAwardStockJob    - 定时任务，更新奖品消耗库存[延迟队列获取，降低对数据库的更新频次， 不要产生竞争
24-11-19.10:16:25.001 [scheduling-1    ] INFO  UpdateAwardStockJob    - 定时任务，更新奖品消耗库存[延迟队列获取，降低对数据库的更新频次， 不要产生竞争
24-11-19.10:16:30.000 [scheduling-1    ] INFO  UpdateAwardStockJob    - 定时任务，更新奖品消耗库存[延迟队列获取，降低对数据库的更新频次， 不要产生竞争
24-11-19.10:16:35.005 [scheduling-1    ] INFO  UpdateAwardStockJob    - 定时任务，更新奖品消耗库存[延迟队列获取，降低对数据库的更新频次， 不要产生竞争
24-11-19.10:16:40.006 [scheduling-1    ] INFO  UpdateAwardStockJob    - 定时任务，更新奖品消耗库存[延迟队列获取，降低对数据库的更新频次， 不要产生竞争
24-11-19.10:16:45.005 [scheduling-1    ] INFO  UpdateAwardStockJob    - 定时任务，更新奖品消耗库存[延迟队列获取，降低对数据库的更新频次， 不要产生竞争
24-11-19.10:16:50.001 [scheduling-1    ] INFO  UpdateAwardStockJob    - 定时任务，更新奖品消耗库存[延迟队列获取，降低对数据库的更新频次， 不要产生竞争
24-11-19.10:16:55.004 [scheduling-1    ] INFO  UpdateAwardStockJob    - 定时任务，更新奖品消耗库存[延迟队列获取，降低对数据库的更新频次， 不要产生竞争
24-11-19.10:17:00.003 [scheduling-1    ] INFO  UpdateAwardStockJob    - 定时任务，更新奖品消耗库存[延迟队列获取，降低对数据库的更新频次， 不要产生竞争
24-11-19.10:17:05.005 [scheduling-1    ] INFO  UpdateAwardStockJob    - 定时任务，更新奖品消耗库存[延迟队列获取，降低对数据库的更新频次， 不要产生竞争
24-11-19.10:17:10.002 [scheduling-1    ] INFO  UpdateAwardStockJob    - 定时任务，更新奖品消耗库存[延迟队列获取，降低对数据库的更新频次， 不要产生竞争
24-11-19.10:17:15.005 [scheduling-1    ] INFO  UpdateAwardStockJob    - 定时任务，更新奖品消耗库存[延迟队列获取，降低对数据库的更新频次， 不要产生竞争
24-11-19.10:17:20.005 [scheduling-1    ] INFO  UpdateAwardStockJob    - 定时任务，更新奖品消耗库存[延迟队列获取，降低对数据库的更新频次， 不要产生竞争
24-11-19.10:17:25.001 [scheduling-1    ] INFO  UpdateAwardStockJob    - 定时任务，更新奖品消耗库存[延迟队列获取，降低对数据库的更新频次， 不要产生竞争
24-11-19.10:17:30.001 [scheduling-1    ] INFO  UpdateAwardStockJob    - 定时任务，更新奖品消耗库存[延迟队列获取，降低对数据库的更新频次， 不要产生竞争
24-11-19.10:17:35.003 [scheduling-1    ] INFO  UpdateAwardStockJob    - 定时任务，更新奖品消耗库存[延迟队列获取，降低对数据库的更新频次， 不要产生竞争
24-11-19.10:17:40.005 [scheduling-1    ] INFO  UpdateAwardStockJob    - 定时任务，更新奖品消耗库存[延迟队列获取，降低对数据库的更新频次， 不要产生竞争
24-11-19.10:17:45.003 [scheduling-1    ] INFO  UpdateAwardStockJob    - 定时任务，更新奖品消耗库存[延迟队列获取，降低对数据库的更新频次， 不要产生竞争
24-11-19.10:17:50.002 [scheduling-1    ] INFO  UpdateAwardStockJob    - 定时任务，更新奖品消耗库存[延迟队列获取，降低对数据库的更新频次， 不要产生竞争
24-11-19.10:17:55.000 [scheduling-1    ] INFO  UpdateAwardStockJob    - 定时任务，更新奖品消耗库存[延迟队列获取，降低对数据库的更新频次， 不要产生竞争
24-11-19.10:18:00.001 [scheduling-1    ] INFO  UpdateAwardStockJob    - 定时任务，更新奖品消耗库存[延迟队列获取，降低对数据库的更新频次， 不要产生竞争
24-11-19.10:18:05.001 [scheduling-1    ] INFO  UpdateAwardStockJob    - 定时任务，更新奖品消耗库存[延迟队列获取，降低对数据库的更新频次， 不要产生竞争
24-11-19.10:18:10.002 [scheduling-1    ] INFO  UpdateAwardStockJob    - 定时任务，更新奖品消耗库存[延迟队列获取，降低对数据库的更新频次， 不要产生竞争
24-11-19.10:18:15.003 [scheduling-1    ] INFO  UpdateAwardStockJob    - 定时任务，更新奖品消耗库存[延迟队列获取，降低对数据库的更新频次， 不要产生竞争
24-11-19.10:18:20.006 [scheduling-1    ] INFO  UpdateAwardStockJob    - 定时任务，更新奖品消耗库存[延迟队列获取，降低对数据库的更新频次， 不要产生竞争
24-11-19.10:18:25.005 [scheduling-1    ] INFO  UpdateAwardStockJob    - 定时任务，更新奖品消耗库存[延迟队列获取，降低对数据库的更新频次， 不要产生竞争
24-11-19.10:18:30.004 [scheduling-1    ] INFO  UpdateAwardStockJob    - 定时任务，更新奖品消耗库存[延迟队列获取，降低对数据库的更新频次， 不要产生竞争
24-11-19.10:18:35.001 [scheduling-1    ] INFO  UpdateAwardStockJob    - 定时任务，更新奖品消耗库存[延迟队列获取，降低对数据库的更新频次， 不要产生竞争
24-11-19.10:18:40.004 [scheduling-1    ] INFO  UpdateAwardStockJob    - 定时任务，更新奖品消耗库存[延迟队列获取，降低对数据库的更新频次， 不要产生竞争
24-11-19.10:18:45.005 [scheduling-1    ] INFO  UpdateAwardStockJob    - 定时任务，更新奖品消耗库存[延迟队列获取，降低对数据库的更新频次， 不要产生竞争
24-11-19.10:18:50.005 [scheduling-1    ] INFO  UpdateAwardStockJob    - 定时任务，更新奖品消耗库存[延迟队列获取，降低对数据库的更新频次， 不要产生竞争
24-11-19.10:18:55.000 [scheduling-1    ] INFO  UpdateAwardStockJob    - 定时任务，更新奖品消耗库存[延迟队列获取，降低对数据库的更新频次， 不要产生竞争
24-11-19.10:19:00.009 [scheduling-1    ] INFO  UpdateAwardStockJob    - 定时任务，更新奖品消耗库存[延迟队列获取，降低对数据库的更新频次， 不要产生竞争
24-11-19.10:19:05.006 [scheduling-1    ] INFO  UpdateAwardStockJob    - 定时任务，更新奖品消耗库存[延迟队列获取，降低对数据库的更新频次， 不要产生竞争
24-11-19.10:19:10.004 [scheduling-1    ] INFO  UpdateAwardStockJob    - 定时任务，更新奖品消耗库存[延迟队列获取，降低对数据库的更新频次， 不要产生竞争
24-11-19.10:19:15.001 [scheduling-1    ] INFO  UpdateAwardStockJob    - 定时任务，更新奖品消耗库存[延迟队列获取，降低对数据库的更新频次， 不要产生竞争
24-11-19.10:19:20.002 [scheduling-1    ] INFO  UpdateAwardStockJob    - 定时任务，更新奖品消耗库存[延迟队列获取，降低对数据库的更新频次， 不要产生竞争
24-11-19.10:19:25.001 [scheduling-1    ] INFO  UpdateAwardStockJob    - 定时任务，更新奖品消耗库存[延迟队列获取，降低对数据库的更新频次， 不要产生竞争
24-11-19.10:19:30.005 [scheduling-1    ] INFO  UpdateAwardStockJob    - 定时任务，更新奖品消耗库存[延迟队列获取，降低对数据库的更新频次， 不要产生竞争
24-11-19.10:19:35.005 [scheduling-1    ] INFO  UpdateAwardStockJob    - 定时任务，更新奖品消耗库存[延迟队列获取，降低对数据库的更新频次， 不要产生竞争
24-11-19.10:19:40.005 [scheduling-1    ] INFO  UpdateAwardStockJob    - 定时任务，更新奖品消耗库存[延迟队列获取，降低对数据库的更新频次， 不要产生竞争
24-11-19.10:19:45.001 [scheduling-1    ] INFO  UpdateAwardStockJob    - 定时任务，更新奖品消耗库存[延迟队列获取，降低对数据库的更新频次， 不要产生竞争
24-11-19.10:19:50.005 [scheduling-1    ] INFO  UpdateAwardStockJob    - 定时任务，更新奖品消耗库存[延迟队列获取，降低对数据库的更新频次， 不要产生竞争
24-11-19.10:19:55.005 [scheduling-1    ] INFO  UpdateAwardStockJob    - 定时任务，更新奖品消耗库存[延迟队列获取，降低对数据库的更新频次， 不要产生竞争
24-11-19.10:20:00.000 [scheduling-1    ] INFO  UpdateAwardStockJob    - 定时任务，更新奖品消耗库存[延迟队列获取，降低对数据库的更新频次， 不要产生竞争
24-11-19.10:20:05.006 [scheduling-1    ] INFO  UpdateAwardStockJob    - 定时任务，更新奖品消耗库存[延迟队列获取，降低对数据库的更新频次， 不要产生竞争
24-11-19.10:20:10.006 [scheduling-1    ] INFO  UpdateAwardStockJob    - 定时任务，更新奖品消耗库存[延迟队列获取，降低对数据库的更新频次， 不要产生竞争
24-11-19.10:20:15.005 [scheduling-1    ] INFO  UpdateAwardStockJob    - 定时任务，更新奖品消耗库存[延迟队列获取，降低对数据库的更新频次， 不要产生竞争
24-11-19.10:20:20.003 [scheduling-1    ] INFO  UpdateAwardStockJob    - 定时任务，更新奖品消耗库存[延迟队列获取，降低对数据库的更新频次， 不要产生竞争
24-11-19.10:20:25.005 [scheduling-1    ] INFO  UpdateAwardStockJob    - 定时任务，更新奖品消耗库存[延迟队列获取，降低对数据库的更新频次， 不要产生竞争
24-11-19.10:20:30.006 [scheduling-1    ] INFO  UpdateAwardStockJob    - 定时任务，更新奖品消耗库存[延迟队列获取，降低对数据库的更新频次， 不要产生竞争
24-11-19.10:20:35.005 [scheduling-1    ] INFO  UpdateAwardStockJob    - 定时任务，更新奖品消耗库存[延迟队列获取，降低对数据库的更新频次， 不要产生竞争
24-11-19.10:20:40.004 [scheduling-1    ] INFO  UpdateAwardStockJob    - 定时任务，更新奖品消耗库存[延迟队列获取，降低对数据库的更新频次， 不要产生竞争
24-11-19.10:20:45.002 [scheduling-1    ] INFO  UpdateAwardStockJob    - 定时任务，更新奖品消耗库存[延迟队列获取，降低对数据库的更新频次， 不要产生竞争
24-11-19.10:20:50.001 [scheduling-1    ] INFO  UpdateAwardStockJob    - 定时任务，更新奖品消耗库存[延迟队列获取，降低对数据库的更新频次， 不要产生竞争
24-11-19.10:20:55.005 [scheduling-1    ] INFO  UpdateAwardStockJob    - 定时任务，更新奖品消耗库存[延迟队列获取，降低对数据库的更新频次， 不要产生竞争
24-11-19.10:21:00.003 [scheduling-1    ] INFO  UpdateAwardStockJob    - 定时任务，更新奖品消耗库存[延迟队列获取，降低对数据库的更新频次， 不要产生竞争
24-11-19.10:21:05.003 [scheduling-1    ] INFO  UpdateAwardStockJob    - 定时任务，更新奖品消耗库存[延迟队列获取，降低对数据库的更新频次， 不要产生竞争
24-11-19.10:21:10.006 [scheduling-1    ] INFO  UpdateAwardStockJob    - 定时任务，更新奖品消耗库存[延迟队列获取，降低对数据库的更新频次， 不要产生竞争
24-11-19.10:21:15.002 [scheduling-1    ] INFO  UpdateAwardStockJob    - 定时任务，更新奖品消耗库存[延迟队列获取，降低对数据库的更新频次， 不要产生竞争
24-11-19.10:21:20.005 [scheduling-1    ] INFO  UpdateAwardStockJob    - 定时任务，更新奖品消耗库存[延迟队列获取，降低对数据库的更新频次， 不要产生竞争
24-11-19.10:21:25.005 [scheduling-1    ] INFO  UpdateAwardStockJob    - 定时任务，更新奖品消耗库存[延迟队列获取，降低对数据库的更新频次， 不要产生竞争
24-11-19.10:21:30.005 [scheduling-1    ] INFO  UpdateAwardStockJob    - 定时任务，更新奖品消耗库存[延迟队列获取，降低对数据库的更新频次， 不要产生竞争
24-11-19.10:21:35.004 [scheduling-1    ] INFO  UpdateAwardStockJob    - 定时任务，更新奖品消耗库存[延迟队列获取，降低对数据库的更新频次， 不要产生竞争
24-11-19.10:21:40.002 [scheduling-1    ] INFO  UpdateAwardStockJob    - 定时任务，更新奖品消耗库存[延迟队列获取，降低对数据库的更新频次， 不要产生竞争
24-11-19.10:21:45.005 [scheduling-1    ] INFO  UpdateAwardStockJob    - 定时任务，更新奖品消耗库存[延迟队列获取，降低对数据库的更新频次， 不要产生竞争
24-11-19.10:21:50.003 [scheduling-1    ] INFO  UpdateAwardStockJob    - 定时任务，更新奖品消耗库存[延迟队列获取，降低对数据库的更新频次， 不要产生竞争
24-11-19.10:21:55.005 [scheduling-1    ] INFO  UpdateAwardStockJob    - 定时任务，更新奖品消耗库存[延迟队列获取，降低对数据库的更新频次， 不要产生竞争
24-11-19.10:22:00.015 [scheduling-1    ] INFO  UpdateAwardStockJob    - 定时任务，更新奖品消耗库存[延迟队列获取，降低对数据库的更新频次， 不要产生竞争
24-11-19.10:22:05.001 [scheduling-1    ] INFO  UpdateAwardStockJob    - 定时任务，更新奖品消耗库存[延迟队列获取，降低对数据库的更新频次， 不要产生竞争
24-11-19.10:22:10.004 [scheduling-1    ] INFO  UpdateAwardStockJob    - 定时任务，更新奖品消耗库存[延迟队列获取，降低对数据库的更新频次， 不要产生竞争
24-11-19.10:22:15.003 [scheduling-1    ] INFO  UpdateAwardStockJob    - 定时任务，更新奖品消耗库存[延迟队列获取，降低对数据库的更新频次， 不要产生竞争
24-11-19.10:22:20.008 [scheduling-1    ] INFO  UpdateAwardStockJob    - 定时任务，更新奖品消耗库存[延迟队列获取，降低对数据库的更新频次， 不要产生竞争
24-11-19.10:22:25.007 [scheduling-1    ] INFO  UpdateAwardStockJob    - 定时任务，更新奖品消耗库存[延迟队列获取，降低对数据库的更新频次， 不要产生竞争
24-11-19.10:22:30.006 [scheduling-1    ] INFO  UpdateAwardStockJob    - 定时任务，更新奖品消耗库存[延迟队列获取，降低对数据库的更新频次， 不要产生竞争
24-11-19.10:22:35.005 [scheduling-1    ] INFO  UpdateAwardStockJob    - 定时任务，更新奖品消耗库存[延迟队列获取，降低对数据库的更新频次， 不要产生竞争
24-11-19.10:22:40.006 [scheduling-1    ] INFO  UpdateAwardStockJob    - 定时任务，更新奖品消耗库存[延迟队列获取，降低对数据库的更新频次， 不要产生竞争
24-11-19.10:22:45.006 [scheduling-1    ] INFO  UpdateAwardStockJob    - 定时任务，更新奖品消耗库存[延迟队列获取，降低对数据库的更新频次， 不要产生竞争
24-11-19.10:22:50.000 [scheduling-1    ] INFO  UpdateAwardStockJob    - 定时任务，更新奖品消耗库存[延迟队列获取，降低对数据库的更新频次， 不要产生竞争
24-11-19.10:22:55.006 [scheduling-1    ] INFO  UpdateAwardStockJob    - 定时任务，更新奖品消耗库存[延迟队列获取，降低对数据库的更新频次， 不要产生竞争
24-11-19.10:23:00.002 [scheduling-1    ] INFO  UpdateAwardStockJob    - 定时任务，更新奖品消耗库存[延迟队列获取，降低对数据库的更新频次， 不要产生竞争
24-11-19.10:23:05.005 [scheduling-1    ] INFO  UpdateAwardStockJob    - 定时任务，更新奖品消耗库存[延迟队列获取，降低对数据库的更新频次， 不要产生竞争
24-11-19.10:23:10.005 [scheduling-1    ] INFO  UpdateAwardStockJob    - 定时任务，更新奖品消耗库存[延迟队列获取，降低对数据库的更新频次， 不要产生竞争
24-11-19.10:23:15.006 [scheduling-1    ] INFO  UpdateAwardStockJob    - 定时任务，更新奖品消耗库存[延迟队列获取，降低对数据库的更新频次， 不要产生竞争
24-11-19.10:23:20.006 [scheduling-1    ] INFO  UpdateAwardStockJob    - 定时任务，更新奖品消耗库存[延迟队列获取，降低对数据库的更新频次， 不要产生竞争
24-11-19.10:23:25.000 [scheduling-1    ] INFO  UpdateAwardStockJob    - 定时任务，更新奖品消耗库存[延迟队列获取，降低对数据库的更新频次， 不要产生竞争
24-11-19.10:23:30.002 [scheduling-1    ] INFO  UpdateAwardStockJob    - 定时任务，更新奖品消耗库存[延迟队列获取，降低对数据库的更新频次， 不要产生竞争
24-11-19.10:23:35.001 [scheduling-1    ] INFO  UpdateAwardStockJob    - 定时任务，更新奖品消耗库存[延迟队列获取，降低对数据库的更新频次， 不要产生竞争
24-11-19.10:23:40.001 [scheduling-1    ] INFO  UpdateAwardStockJob    - 定时任务，更新奖品消耗库存[延迟队列获取，降低对数据库的更新频次， 不要产生竞争
24-11-19.10:23:45.010 [scheduling-1    ] INFO  UpdateAwardStockJob    - 定时任务，更新奖品消耗库存[延迟队列获取，降低对数据库的更新频次， 不要产生竞争
24-11-19.10:23:50.005 [scheduling-1    ] INFO  UpdateAwardStockJob    - 定时任务，更新奖品消耗库存[延迟队列获取，降低对数据库的更新频次， 不要产生竞争
24-11-19.10:23:55.004 [scheduling-1    ] INFO  UpdateAwardStockJob    - 定时任务，更新奖品消耗库存[延迟队列获取，降低对数据库的更新频次， 不要产生竞争
24-11-19.10:24:00.006 [scheduling-1    ] INFO  UpdateAwardStockJob    - 定时任务，更新奖品消耗库存[延迟队列获取，降低对数据库的更新频次， 不要产生竞争
24-11-19.10:24:05.005 [scheduling-1    ] INFO  UpdateAwardStockJob    - 定时任务，更新奖品消耗库存[延迟队列获取，降低对数据库的更新频次， 不要产生竞争
24-11-19.10:24:10.005 [scheduling-1    ] INFO  UpdateAwardStockJob    - 定时任务，更新奖品消耗库存[延迟队列获取，降低对数据库的更新频次， 不要产生竞争
24-11-19.10:24:15.005 [scheduling-1    ] INFO  UpdateAwardStockJob    - 定时任务，更新奖品消耗库存[延迟队列获取，降低对数据库的更新频次， 不要产生竞争
24-11-19.10:24:20.003 [scheduling-1    ] INFO  UpdateAwardStockJob    - 定时任务，更新奖品消耗库存[延迟队列获取，降低对数据库的更新频次， 不要产生竞争
24-11-19.10:24:25.005 [scheduling-1    ] INFO  UpdateAwardStockJob    - 定时任务，更新奖品消耗库存[延迟队列获取，降低对数据库的更新频次， 不要产生竞争
24-11-19.10:24:30.003 [scheduling-1    ] INFO  UpdateAwardStockJob    - 定时任务，更新奖品消耗库存[延迟队列获取，降低对数据库的更新频次， 不要产生竞争
24-11-19.10:24:35.005 [scheduling-1    ] INFO  UpdateAwardStockJob    - 定时任务，更新奖品消耗库存[延迟队列获取，降低对数据库的更新频次， 不要产生竞争
24-11-19.10:24:40.005 [scheduling-1    ] INFO  UpdateAwardStockJob    - 定时任务，更新奖品消耗库存[延迟队列获取，降低对数据库的更新频次， 不要产生竞争
24-11-19.10:24:45.006 [scheduling-1    ] INFO  UpdateAwardStockJob    - 定时任务，更新奖品消耗库存[延迟队列获取，降低对数据库的更新频次， 不要产生竞争
24-11-19.10:24:50.003 [scheduling-1    ] INFO  UpdateAwardStockJob    - 定时任务，更新奖品消耗库存[延迟队列获取，降低对数据库的更新频次， 不要产生竞争
24-11-19.10:24:55.001 [scheduling-1    ] INFO  UpdateAwardStockJob    - 定时任务，更新奖品消耗库存[延迟队列获取，降低对数据库的更新频次， 不要产生竞争
24-11-19.10:25:00.006 [scheduling-1    ] INFO  UpdateAwardStockJob    - 定时任务，更新奖品消耗库存[延迟队列获取，降低对数据库的更新频次， 不要产生竞争
24-11-19.10:25:05.005 [scheduling-1    ] INFO  UpdateAwardStockJob    - 定时任务，更新奖品消耗库存[延迟队列获取，降低对数据库的更新频次， 不要产生竞争
24-11-19.10:25:10.006 [scheduling-1    ] INFO  UpdateAwardStockJob    - 定时任务，更新奖品消耗库存[延迟队列获取，降低对数据库的更新频次， 不要产生竞争
24-11-19.10:25:15.004 [scheduling-1    ] INFO  UpdateAwardStockJob    - 定时任务，更新奖品消耗库存[延迟队列获取，降低对数据库的更新频次， 不要产生竞争
24-11-19.10:25:20.000 [scheduling-1    ] INFO  UpdateAwardStockJob    - 定时任务，更新奖品消耗库存[延迟队列获取，降低对数据库的更新频次， 不要产生竞争
24-11-19.10:25:25.003 [scheduling-1    ] INFO  UpdateAwardStockJob    - 定时任务，更新奖品消耗库存[延迟队列获取，降低对数据库的更新频次， 不要产生竞争
24-11-19.10:25:30.004 [scheduling-1    ] INFO  UpdateAwardStockJob    - 定时任务，更新奖品消耗库存[延迟队列获取，降低对数据库的更新频次， 不要产生竞争
24-11-19.10:25:35.003 [scheduling-1    ] INFO  UpdateAwardStockJob    - 定时任务，更新奖品消耗库存[延迟队列获取，降低对数据库的更新频次， 不要产生竞争
24-11-19.10:25:40.002 [scheduling-1    ] INFO  UpdateAwardStockJob    - 定时任务，更新奖品消耗库存[延迟队列获取，降低对数据库的更新频次， 不要产生竞争
24-11-19.10:25:45.002 [scheduling-1    ] INFO  UpdateAwardStockJob    - 定时任务，更新奖品消耗库存[延迟队列获取，降低对数据库的更新频次， 不要产生竞争
24-11-19.10:25:50.004 [scheduling-1    ] INFO  UpdateAwardStockJob    - 定时任务，更新奖品消耗库存[延迟队列获取，降低对数据库的更新频次， 不要产生竞争
24-11-19.10:25:55.005 [scheduling-1    ] INFO  UpdateAwardStockJob    - 定时任务，更新奖品消耗库存[延迟队列获取，降低对数据库的更新频次， 不要产生竞争
24-11-19.10:26:00.007 [scheduling-1    ] INFO  UpdateAwardStockJob    - 定时任务，更新奖品消耗库存[延迟队列获取，降低对数据库的更新频次， 不要产生竞争
24-11-19.10:26:05.006 [scheduling-1    ] INFO  UpdateAwardStockJob    - 定时任务，更新奖品消耗库存[延迟队列获取，降低对数据库的更新频次， 不要产生竞争
24-11-19.10:26:10.005 [scheduling-1    ] INFO  UpdateAwardStockJob    - 定时任务，更新奖品消耗库存[延迟队列获取，降低对数据库的更新频次， 不要产生竞争
24-11-19.10:26:15.005 [scheduling-1    ] INFO  UpdateAwardStockJob    - 定时任务，更新奖品消耗库存[延迟队列获取，降低对数据库的更新频次， 不要产生竞争
24-11-19.10:26:20.002 [scheduling-1    ] INFO  UpdateAwardStockJob    - 定时任务，更新奖品消耗库存[延迟队列获取，降低对数据库的更新频次， 不要产生竞争
24-11-19.10:26:25.005 [scheduling-1    ] INFO  UpdateAwardStockJob    - 定时任务，更新奖品消耗库存[延迟队列获取，降低对数据库的更新频次， 不要产生竞争
24-11-19.10:26:30.002 [scheduling-1    ] INFO  UpdateAwardStockJob    - 定时任务，更新奖品消耗库存[延迟队列获取，降低对数据库的更新频次， 不要产生竞争
24-11-19.10:26:35.005 [scheduling-1    ] INFO  UpdateAwardStockJob    - 定时任务，更新奖品消耗库存[延迟队列获取，降低对数据库的更新频次， 不要产生竞争
24-11-19.10:26:40.001 [scheduling-1    ] INFO  UpdateAwardStockJob    - 定时任务，更新奖品消耗库存[延迟队列获取，降低对数据库的更新频次， 不要产生竞争
24-11-19.10:26:45.000 [scheduling-1    ] INFO  UpdateAwardStockJob    - 定时任务，更新奖品消耗库存[延迟队列获取，降低对数据库的更新频次， 不要产生竞争
24-11-19.10:26:50.000 [scheduling-1    ] INFO  UpdateAwardStockJob    - 定时任务，更新奖品消耗库存[延迟队列获取，降低对数据库的更新频次， 不要产生竞争
24-11-19.10:26:55.005 [scheduling-1    ] INFO  UpdateAwardStockJob    - 定时任务，更新奖品消耗库存[延迟队列获取，降低对数据库的更新频次， 不要产生竞争
24-11-19.10:27:00.001 [scheduling-1    ] INFO  UpdateAwardStockJob    - 定时任务，更新奖品消耗库存[延迟队列获取，降低对数据库的更新频次， 不要产生竞争
24-11-19.10:27:05.005 [scheduling-1    ] INFO  UpdateAwardStockJob    - 定时任务，更新奖品消耗库存[延迟队列获取，降低对数据库的更新频次， 不要产生竞争
24-11-19.10:27:10.005 [scheduling-1    ] INFO  UpdateAwardStockJob    - 定时任务，更新奖品消耗库存[延迟队列获取，降低对数据库的更新频次， 不要产生竞争
24-11-19.10:27:15.005 [scheduling-1    ] INFO  UpdateAwardStockJob    - 定时任务，更新奖品消耗库存[延迟队列获取，降低对数据库的更新频次， 不要产生竞争
24-11-19.10:27:20.003 [scheduling-1    ] INFO  UpdateAwardStockJob    - 定时任务，更新奖品消耗库存[延迟队列获取，降低对数据库的更新频次， 不要产生竞争
24-11-19.10:27:25.005 [scheduling-1    ] INFO  UpdateAwardStockJob    - 定时任务，更新奖品消耗库存[延迟队列获取，降低对数据库的更新频次， 不要产生竞争
24-11-19.10:27:30.003 [scheduling-1    ] INFO  UpdateAwardStockJob    - 定时任务，更新奖品消耗库存[延迟队列获取，降低对数据库的更新频次， 不要产生竞争
24-11-19.10:27:35.002 [scheduling-1    ] INFO  UpdateAwardStockJob    - 定时任务，更新奖品消耗库存[延迟队列获取，降低对数据库的更新频次， 不要产生竞争
24-11-19.10:27:40.006 [scheduling-1    ] INFO  UpdateAwardStockJob    - 定时任务，更新奖品消耗库存[延迟队列获取，降低对数据库的更新频次， 不要产生竞争
24-11-19.10:27:45.005 [scheduling-1    ] INFO  UpdateAwardStockJob    - 定时任务，更新奖品消耗库存[延迟队列获取，降低对数据库的更新频次， 不要产生竞争
24-11-19.10:27:50.001 [scheduling-1    ] INFO  UpdateAwardStockJob    - 定时任务，更新奖品消耗库存[延迟队列获取，降低对数据库的更新频次， 不要产生竞争
24-11-19.10:27:55.003 [scheduling-1    ] INFO  UpdateAwardStockJob    - 定时任务，更新奖品消耗库存[延迟队列获取，降低对数据库的更新频次， 不要产生竞争
24-11-19.10:28:00.005 [scheduling-1    ] INFO  UpdateAwardStockJob    - 定时任务，更新奖品消耗库存[延迟队列获取，降低对数据库的更新频次， 不要产生竞争
24-11-19.10:28:05.005 [scheduling-1    ] INFO  UpdateAwardStockJob    - 定时任务，更新奖品消耗库存[延迟队列获取，降低对数据库的更新频次， 不要产生竞争
24-11-19.10:28:10.001 [scheduling-1    ] INFO  UpdateAwardStockJob    - 定时任务，更新奖品消耗库存[延迟队列获取，降低对数据库的更新频次， 不要产生竞争
24-11-19.10:28:15.004 [scheduling-1    ] INFO  UpdateAwardStockJob    - 定时任务，更新奖品消耗库存[延迟队列获取，降低对数据库的更新频次， 不要产生竞争
24-11-19.10:28:20.005 [scheduling-1    ] INFO  UpdateAwardStockJob    - 定时任务，更新奖品消耗库存[延迟队列获取，降低对数据库的更新频次， 不要产生竞争
24-11-19.10:28:25.003 [scheduling-1    ] INFO  UpdateAwardStockJob    - 定时任务，更新奖品消耗库存[延迟队列获取，降低对数据库的更新频次， 不要产生竞争
24-11-19.10:28:30.003 [scheduling-1    ] INFO  UpdateAwardStockJob    - 定时任务，更新奖品消耗库存[延迟队列获取，降低对数据库的更新频次， 不要产生竞争
24-11-19.10:28:35.001 [scheduling-1    ] INFO  UpdateAwardStockJob    - 定时任务，更新奖品消耗库存[延迟队列获取，降低对数据库的更新频次， 不要产生竞争
24-11-19.10:28:40.002 [scheduling-1    ] INFO  UpdateAwardStockJob    - 定时任务，更新奖品消耗库存[延迟队列获取，降低对数据库的更新频次， 不要产生竞争
24-11-19.10:28:45.003 [scheduling-1    ] INFO  UpdateAwardStockJob    - 定时任务，更新奖品消耗库存[延迟队列获取，降低对数据库的更新频次， 不要产生竞争
24-11-19.10:28:50.005 [scheduling-1    ] INFO  UpdateAwardStockJob    - 定时任务，更新奖品消耗库存[延迟队列获取，降低对数据库的更新频次， 不要产生竞争
24-11-19.10:28:55.005 [scheduling-1    ] INFO  UpdateAwardStockJob    - 定时任务，更新奖品消耗库存[延迟队列获取，降低对数据库的更新频次， 不要产生竞争
24-11-19.10:29:00.007 [scheduling-1    ] INFO  UpdateAwardStockJob    - 定时任务，更新奖品消耗库存[延迟队列获取，降低对数据库的更新频次， 不要产生竞争
24-11-19.10:29:05.002 [scheduling-1    ] INFO  UpdateAwardStockJob    - 定时任务，更新奖品消耗库存[延迟队列获取，降低对数据库的更新频次， 不要产生竞争
24-11-19.10:29:10.002 [scheduling-1    ] INFO  UpdateAwardStockJob    - 定时任务，更新奖品消耗库存[延迟队列获取，降低对数据库的更新频次， 不要产生竞争
24-11-19.10:29:15.005 [scheduling-1    ] INFO  UpdateAwardStockJob    - 定时任务，更新奖品消耗库存[延迟队列获取，降低对数据库的更新频次， 不要产生竞争
24-11-19.10:29:20.003 [scheduling-1    ] INFO  UpdateAwardStockJob    - 定时任务，更新奖品消耗库存[延迟队列获取，降低对数据库的更新频次， 不要产生竞争
24-11-19.10:29:25.004 [scheduling-1    ] INFO  UpdateAwardStockJob    - 定时任务，更新奖品消耗库存[延迟队列获取，降低对数据库的更新频次， 不要产生竞争
24-11-19.10:29:30.009 [scheduling-1    ] INFO  UpdateAwardStockJob    - 定时任务，更新奖品消耗库存[延迟队列获取，降低对数据库的更新频次， 不要产生竞争
24-11-19.10:29:35.000 [scheduling-1    ] INFO  UpdateAwardStockJob    - 定时任务，更新奖品消耗库存[延迟队列获取，降低对数据库的更新频次， 不要产生竞争
24-11-19.10:29:40.005 [scheduling-1    ] INFO  UpdateAwardStockJob    - 定时任务，更新奖品消耗库存[延迟队列获取，降低对数据库的更新频次， 不要产生竞争
24-11-19.10:29:45.006 [scheduling-1    ] INFO  UpdateAwardStockJob    - 定时任务，更新奖品消耗库存[延迟队列获取，降低对数据库的更新频次， 不要产生竞争
24-11-19.10:29:50.002 [scheduling-1    ] INFO  UpdateAwardStockJob    - 定时任务，更新奖品消耗库存[延迟队列获取，降低对数据库的更新频次， 不要产生竞争
24-11-19.10:29:55.006 [scheduling-1    ] INFO  UpdateAwardStockJob    - 定时任务，更新奖品消耗库存[延迟队列获取，降低对数据库的更新频次， 不要产生竞争
24-11-19.10:30:00.005 [scheduling-1    ] INFO  UpdateAwardStockJob    - 定时任务，更新奖品消耗库存[延迟队列获取，降低对数据库的更新频次， 不要产生竞争
24-11-19.10:30:05.001 [scheduling-1    ] INFO  UpdateAwardStockJob    - 定时任务，更新奖品消耗库存[延迟队列获取，降低对数据库的更新频次， 不要产生竞争
24-11-19.10:30:10.003 [scheduling-1    ] INFO  UpdateAwardStockJob    - 定时任务，更新奖品消耗库存[延迟队列获取，降低对数据库的更新频次， 不要产生竞争
24-11-19.10:30:15.005 [scheduling-1    ] INFO  UpdateAwardStockJob    - 定时任务，更新奖品消耗库存[延迟队列获取，降低对数据库的更新频次， 不要产生竞争
24-11-19.10:30:20.003 [scheduling-1    ] INFO  UpdateAwardStockJob    - 定时任务，更新奖品消耗库存[延迟队列获取，降低对数据库的更新频次， 不要产生竞争
24-11-19.10:30:25.000 [scheduling-1    ] INFO  UpdateAwardStockJob    - 定时任务，更新奖品消耗库存[延迟队列获取，降低对数据库的更新频次， 不要产生竞争
24-11-19.10:30:30.008 [scheduling-1    ] INFO  UpdateAwardStockJob    - 定时任务，更新奖品消耗库存[延迟队列获取，降低对数据库的更新频次， 不要产生竞争
24-11-19.10:30:35.005 [scheduling-1    ] INFO  UpdateAwardStockJob    - 定时任务，更新奖品消耗库存[延迟队列获取，降低对数据库的更新频次， 不要产生竞争
24-11-19.10:30:40.002 [scheduling-1    ] INFO  UpdateAwardStockJob    - 定时任务，更新奖品消耗库存[延迟队列获取，降低对数据库的更新频次， 不要产生竞争
24-11-19.10:30:45.005 [scheduling-1    ] INFO  UpdateAwardStockJob    - 定时任务，更新奖品消耗库存[延迟队列获取，降低对数据库的更新频次， 不要产生竞争
24-11-19.10:30:50.001 [scheduling-1    ] INFO  UpdateAwardStockJob    - 定时任务，更新奖品消耗库存[延迟队列获取，降低对数据库的更新频次， 不要产生竞争
24-11-19.10:30:55.004 [scheduling-1    ] INFO  UpdateAwardStockJob    - 定时任务，更新奖品消耗库存[延迟队列获取，降低对数据库的更新频次， 不要产生竞争
24-11-19.10:31:00.005 [scheduling-1    ] INFO  UpdateAwardStockJob    - 定时任务，更新奖品消耗库存[延迟队列获取，降低对数据库的更新频次， 不要产生竞争
24-11-19.10:31:05.003 [scheduling-1    ] INFO  UpdateAwardStockJob    - 定时任务，更新奖品消耗库存[延迟队列获取，降低对数据库的更新频次， 不要产生竞争
24-11-19.10:31:10.005 [scheduling-1    ] INFO  UpdateAwardStockJob    - 定时任务，更新奖品消耗库存[延迟队列获取，降低对数据库的更新频次， 不要产生竞争
24-11-19.10:31:15.004 [scheduling-1    ] INFO  UpdateAwardStockJob    - 定时任务，更新奖品消耗库存[延迟队列获取，降低对数据库的更新频次， 不要产生竞争
24-11-19.10:31:20.003 [scheduling-1    ] INFO  UpdateAwardStockJob    - 定时任务，更新奖品消耗库存[延迟队列获取，降低对数据库的更新频次， 不要产生竞争
24-11-19.10:31:25.004 [scheduling-1    ] INFO  UpdateAwardStockJob    - 定时任务，更新奖品消耗库存[延迟队列获取，降低对数据库的更新频次， 不要产生竞争
24-11-19.10:31:30.005 [scheduling-1    ] INFO  UpdateAwardStockJob    - 定时任务，更新奖品消耗库存[延迟队列获取，降低对数据库的更新频次， 不要产生竞争
24-11-19.10:31:35.001 [scheduling-1    ] INFO  UpdateAwardStockJob    - 定时任务，更新奖品消耗库存[延迟队列获取，降低对数据库的更新频次， 不要产生竞争
24-11-19.10:31:40.006 [scheduling-1    ] INFO  UpdateAwardStockJob    - 定时任务，更新奖品消耗库存[延迟队列获取，降低对数据库的更新频次， 不要产生竞争
24-11-19.10:31:45.002 [scheduling-1    ] INFO  UpdateAwardStockJob    - 定时任务，更新奖品消耗库存[延迟队列获取，降低对数据库的更新频次， 不要产生竞争
24-11-19.10:31:50.004 [scheduling-1    ] INFO  UpdateAwardStockJob    - 定时任务，更新奖品消耗库存[延迟队列获取，降低对数据库的更新频次， 不要产生竞争
24-11-19.10:31:55.003 [scheduling-1    ] INFO  UpdateAwardStockJob    - 定时任务，更新奖品消耗库存[延迟队列获取，降低对数据库的更新频次， 不要产生竞争
24-11-19.10:32:00.006 [scheduling-1    ] INFO  UpdateAwardStockJob    - 定时任务，更新奖品消耗库存[延迟队列获取，降低对数据库的更新频次， 不要产生竞争
24-11-19.10:32:05.004 [scheduling-1    ] INFO  UpdateAwardStockJob    - 定时任务，更新奖品消耗库存[延迟队列获取，降低对数据库的更新频次， 不要产生竞争
24-11-19.10:32:10.005 [scheduling-1    ] INFO  UpdateAwardStockJob    - 定时任务，更新奖品消耗库存[延迟队列获取，降低对数据库的更新频次， 不要产生竞争
24-11-19.10:32:15.000 [scheduling-1    ] INFO  UpdateAwardStockJob    - 定时任务，更新奖品消耗库存[延迟队列获取，降低对数据库的更新频次， 不要产生竞争
24-11-19.10:32:20.003 [scheduling-1    ] INFO  UpdateAwardStockJob    - 定时任务，更新奖品消耗库存[延迟队列获取，降低对数据库的更新频次， 不要产生竞争
24-11-19.10:32:25.002 [scheduling-1    ] INFO  UpdateAwardStockJob    - 定时任务，更新奖品消耗库存[延迟队列获取，降低对数据库的更新频次， 不要产生竞争
24-11-19.10:32:30.008 [scheduling-1    ] INFO  UpdateAwardStockJob    - 定时任务，更新奖品消耗库存[延迟队列获取，降低对数据库的更新频次， 不要产生竞争
24-11-19.10:32:35.004 [scheduling-1    ] INFO  UpdateAwardStockJob    - 定时任务，更新奖品消耗库存[延迟队列获取，降低对数据库的更新频次， 不要产生竞争
24-11-19.10:32:40.005 [scheduling-1    ] INFO  UpdateAwardStockJob    - 定时任务，更新奖品消耗库存[延迟队列获取，降低对数据库的更新频次， 不要产生竞争
24-11-19.10:32:45.004 [scheduling-1    ] INFO  UpdateAwardStockJob    - 定时任务，更新奖品消耗库存[延迟队列获取，降低对数据库的更新频次， 不要产生竞争
24-11-19.10:32:50.005 [scheduling-1    ] INFO  UpdateAwardStockJob    - 定时任务，更新奖品消耗库存[延迟队列获取，降低对数据库的更新频次， 不要产生竞争
24-11-19.10:32:55.002 [scheduling-1    ] INFO  UpdateAwardStockJob    - 定时任务，更新奖品消耗库存[延迟队列获取，降低对数据库的更新频次， 不要产生竞争
24-11-19.10:33:00.005 [scheduling-1    ] INFO  UpdateAwardStockJob    - 定时任务，更新奖品消耗库存[延迟队列获取，降低对数据库的更新频次， 不要产生竞争
24-11-19.10:33:05.006 [scheduling-1    ] INFO  UpdateAwardStockJob    - 定时任务，更新奖品消耗库存[延迟队列获取，降低对数据库的更新频次， 不要产生竞争
24-11-19.10:33:10.003 [scheduling-1    ] INFO  UpdateAwardStockJob    - 定时任务，更新奖品消耗库存[延迟队列获取，降低对数据库的更新频次， 不要产生竞争
24-11-19.10:33:15.005 [scheduling-1    ] INFO  UpdateAwardStockJob    - 定时任务，更新奖品消耗库存[延迟队列获取，降低对数据库的更新频次， 不要产生竞争
24-11-19.10:33:20.004 [scheduling-1    ] INFO  UpdateAwardStockJob    - 定时任务，更新奖品消耗库存[延迟队列获取，降低对数据库的更新频次， 不要产生竞争
24-11-19.10:33:25.004 [scheduling-1    ] INFO  UpdateAwardStockJob    - 定时任务，更新奖品消耗库存[延迟队列获取，降低对数据库的更新频次， 不要产生竞争
24-11-19.10:33:30.005 [scheduling-1    ] INFO  UpdateAwardStockJob    - 定时任务，更新奖品消耗库存[延迟队列获取，降低对数据库的更新频次， 不要产生竞争
24-11-19.10:33:35.001 [scheduling-1    ] INFO  UpdateAwardStockJob    - 定时任务，更新奖品消耗库存[延迟队列获取，降低对数据库的更新频次， 不要产生竞争
24-11-19.10:33:40.005 [scheduling-1    ] INFO  UpdateAwardStockJob    - 定时任务，更新奖品消耗库存[延迟队列获取，降低对数据库的更新频次， 不要产生竞争
24-11-19.10:33:45.005 [scheduling-1    ] INFO  UpdateAwardStockJob    - 定时任务，更新奖品消耗库存[延迟队列获取，降低对数据库的更新频次， 不要产生竞争
24-11-19.10:33:50.005 [scheduling-1    ] INFO  UpdateAwardStockJob    - 定时任务，更新奖品消耗库存[延迟队列获取，降低对数据库的更新频次， 不要产生竞争
24-11-19.10:33:55.005 [scheduling-1    ] INFO  UpdateAwardStockJob    - 定时任务，更新奖品消耗库存[延迟队列获取，降低对数据库的更新频次， 不要产生竞争
24-11-19.10:34:00.005 [scheduling-1    ] INFO  UpdateAwardStockJob    - 定时任务，更新奖品消耗库存[延迟队列获取，降低对数据库的更新频次， 不要产生竞争
24-11-19.10:34:05.004 [scheduling-1    ] INFO  UpdateAwardStockJob    - 定时任务，更新奖品消耗库存[延迟队列获取，降低对数据库的更新频次， 不要产生竞争
24-11-19.10:34:10.004 [scheduling-1    ] INFO  UpdateAwardStockJob    - 定时任务，更新奖品消耗库存[延迟队列获取，降低对数据库的更新频次， 不要产生竞争
24-11-19.10:34:15.005 [scheduling-1    ] INFO  UpdateAwardStockJob    - 定时任务，更新奖品消耗库存[延迟队列获取，降低对数据库的更新频次， 不要产生竞争
24-11-19.10:34:20.004 [scheduling-1    ] INFO  UpdateAwardStockJob    - 定时任务，更新奖品消耗库存[延迟队列获取，降低对数据库的更新频次， 不要产生竞争
24-11-19.10:34:25.003 [scheduling-1    ] INFO  UpdateAwardStockJob    - 定时任务，更新奖品消耗库存[延迟队列获取，降低对数据库的更新频次， 不要产生竞争
24-11-19.10:34:30.005 [scheduling-1    ] INFO  UpdateAwardStockJob    - 定时任务，更新奖品消耗库存[延迟队列获取，降低对数据库的更新频次， 不要产生竞争
24-11-19.10:34:35.004 [scheduling-1    ] INFO  UpdateAwardStockJob    - 定时任务，更新奖品消耗库存[延迟队列获取，降低对数据库的更新频次， 不要产生竞争
24-11-19.10:34:40.005 [scheduling-1    ] INFO  UpdateAwardStockJob    - 定时任务，更新奖品消耗库存[延迟队列获取，降低对数据库的更新频次， 不要产生竞争
24-11-19.10:34:45.011 [scheduling-1    ] INFO  UpdateAwardStockJob    - 定时任务，更新奖品消耗库存[延迟队列获取，降低对数据库的更新频次， 不要产生竞争
24-11-19.10:34:50.005 [scheduling-1    ] INFO  UpdateAwardStockJob    - 定时任务，更新奖品消耗库存[延迟队列获取，降低对数据库的更新频次， 不要产生竞争
24-11-19.10:34:55.005 [scheduling-1    ] INFO  UpdateAwardStockJob    - 定时任务，更新奖品消耗库存[延迟队列获取，降低对数据库的更新频次， 不要产生竞争
24-11-19.10:35:00.005 [scheduling-1    ] INFO  UpdateAwardStockJob    - 定时任务，更新奖品消耗库存[延迟队列获取，降低对数据库的更新频次， 不要产生竞争
24-11-19.10:35:05.002 [scheduling-1    ] INFO  UpdateAwardStockJob    - 定时任务，更新奖品消耗库存[延迟队列获取，降低对数据库的更新频次， 不要产生竞争
24-11-19.10:35:10.003 [scheduling-1    ] INFO  UpdateAwardStockJob    - 定时任务，更新奖品消耗库存[延迟队列获取，降低对数据库的更新频次， 不要产生竞争
24-11-19.10:35:15.003 [scheduling-1    ] INFO  UpdateAwardStockJob    - 定时任务，更新奖品消耗库存[延迟队列获取，降低对数据库的更新频次， 不要产生竞争
24-11-19.10:35:20.005 [scheduling-1    ] INFO  UpdateAwardStockJob    - 定时任务，更新奖品消耗库存[延迟队列获取，降低对数据库的更新频次， 不要产生竞争
24-11-19.10:35:25.005 [scheduling-1    ] INFO  UpdateAwardStockJob    - 定时任务，更新奖品消耗库存[延迟队列获取，降低对数据库的更新频次， 不要产生竞争
24-11-19.10:35:30.006 [scheduling-1    ] INFO  UpdateAwardStockJob    - 定时任务，更新奖品消耗库存[延迟队列获取，降低对数据库的更新频次， 不要产生竞争
24-11-19.10:35:35.001 [scheduling-1    ] INFO  UpdateAwardStockJob    - 定时任务，更新奖品消耗库存[延迟队列获取，降低对数据库的更新频次， 不要产生竞争
24-11-19.10:35:40.004 [scheduling-1    ] INFO  UpdateAwardStockJob    - 定时任务，更新奖品消耗库存[延迟队列获取，降低对数据库的更新频次， 不要产生竞争
24-11-19.10:35:45.005 [scheduling-1    ] INFO  UpdateAwardStockJob    - 定时任务，更新奖品消耗库存[延迟队列获取，降低对数据库的更新频次， 不要产生竞争
24-11-19.10:35:50.005 [scheduling-1    ] INFO  UpdateAwardStockJob    - 定时任务，更新奖品消耗库存[延迟队列获取，降低对数据库的更新频次， 不要产生竞争
24-11-19.10:35:55.006 [scheduling-1    ] INFO  UpdateAwardStockJob    - 定时任务，更新奖品消耗库存[延迟队列获取，降低对数据库的更新频次， 不要产生竞争
24-11-19.10:36:00.003 [scheduling-1    ] INFO  UpdateAwardStockJob    - 定时任务，更新奖品消耗库存[延迟队列获取，降低对数据库的更新频次， 不要产生竞争
24-11-19.10:36:05.005 [scheduling-1    ] INFO  UpdateAwardStockJob    - 定时任务，更新奖品消耗库存[延迟队列获取，降低对数据库的更新频次， 不要产生竞争
24-11-19.10:36:10.006 [scheduling-1    ] INFO  UpdateAwardStockJob    - 定时任务，更新奖品消耗库存[延迟队列获取，降低对数据库的更新频次， 不要产生竞争
24-11-19.10:36:15.004 [scheduling-1    ] INFO  UpdateAwardStockJob    - 定时任务，更新奖品消耗库存[延迟队列获取，降低对数据库的更新频次， 不要产生竞争
24-11-19.10:36:20.006 [scheduling-1    ] INFO  UpdateAwardStockJob    - 定时任务，更新奖品消耗库存[延迟队列获取，降低对数据库的更新频次， 不要产生竞争
24-11-19.10:36:25.005 [scheduling-1    ] INFO  UpdateAwardStockJob    - 定时任务，更新奖品消耗库存[延迟队列获取，降低对数据库的更新频次， 不要产生竞争
24-11-19.10:36:30.002 [scheduling-1    ] INFO  UpdateAwardStockJob    - 定时任务，更新奖品消耗库存[延迟队列获取，降低对数据库的更新频次， 不要产生竞争
24-11-19.10:36:35.005 [scheduling-1    ] INFO  UpdateAwardStockJob    - 定时任务，更新奖品消耗库存[延迟队列获取，降低对数据库的更新频次， 不要产生竞争
24-11-19.10:36:40.005 [scheduling-1    ] INFO  UpdateAwardStockJob    - 定时任务，更新奖品消耗库存[延迟队列获取，降低对数据库的更新频次， 不要产生竞争
24-11-19.10:36:45.016 [scheduling-1    ] INFO  UpdateAwardStockJob    - 定时任务，更新奖品消耗库存[延迟队列获取，降低对数据库的更新频次， 不要产生竞争
24-11-19.10:36:50.013 [scheduling-1    ] INFO  UpdateAwardStockJob    - 定时任务，更新奖品消耗库存[延迟队列获取，降低对数据库的更新频次， 不要产生竞争
24-11-19.10:36:55.005 [scheduling-1    ] INFO  UpdateAwardStockJob    - 定时任务，更新奖品消耗库存[延迟队列获取，降低对数据库的更新频次， 不要产生竞争
24-11-19.10:37:00.007 [scheduling-1    ] INFO  UpdateAwardStockJob    - 定时任务，更新奖品消耗库存[延迟队列获取，降低对数据库的更新频次， 不要产生竞争
24-11-19.10:37:05.001 [scheduling-1    ] INFO  UpdateAwardStockJob    - 定时任务，更新奖品消耗库存[延迟队列获取，降低对数据库的更新频次， 不要产生竞争
24-11-19.10:37:10.006 [scheduling-1    ] INFO  UpdateAwardStockJob    - 定时任务，更新奖品消耗库存[延迟队列获取，降低对数据库的更新频次， 不要产生竞争
24-11-19.10:37:15.003 [scheduling-1    ] INFO  UpdateAwardStockJob    - 定时任务，更新奖品消耗库存[延迟队列获取，降低对数据库的更新频次， 不要产生竞争
24-11-19.10:37:20.003 [scheduling-1    ] INFO  UpdateAwardStockJob    - 定时任务，更新奖品消耗库存[延迟队列获取，降低对数据库的更新频次， 不要产生竞争
24-11-19.10:37:25.001 [scheduling-1    ] INFO  UpdateAwardStockJob    - 定时任务，更新奖品消耗库存[延迟队列获取，降低对数据库的更新频次， 不要产生竞争
24-11-19.10:37:30.006 [scheduling-1    ] INFO  UpdateAwardStockJob    - 定时任务，更新奖品消耗库存[延迟队列获取，降低对数据库的更新频次， 不要产生竞争
24-11-19.10:37:35.005 [scheduling-1    ] INFO  UpdateAwardStockJob    - 定时任务，更新奖品消耗库存[延迟队列获取，降低对数据库的更新频次， 不要产生竞争
24-11-19.10:37:40.005 [scheduling-1    ] INFO  UpdateAwardStockJob    - 定时任务，更新奖品消耗库存[延迟队列获取，降低对数据库的更新频次， 不要产生竞争
24-11-19.10:37:45.002 [scheduling-1    ] INFO  UpdateAwardStockJob    - 定时任务，更新奖品消耗库存[延迟队列获取，降低对数据库的更新频次， 不要产生竞争
24-11-19.10:37:50.001 [scheduling-1    ] INFO  UpdateAwardStockJob    - 定时任务，更新奖品消耗库存[延迟队列获取，降低对数据库的更新频次， 不要产生竞争
24-11-19.10:37:55.005 [scheduling-1    ] INFO  UpdateAwardStockJob    - 定时任务，更新奖品消耗库存[延迟队列获取，降低对数据库的更新频次， 不要产生竞争
24-11-19.10:38:00.008 [scheduling-1    ] INFO  UpdateAwardStockJob    - 定时任务，更新奖品消耗库存[延迟队列获取，降低对数据库的更新频次， 不要产生竞争
24-11-19.10:38:05.005 [scheduling-1    ] INFO  UpdateAwardStockJob    - 定时任务，更新奖品消耗库存[延迟队列获取，降低对数据库的更新频次， 不要产生竞争
24-11-19.10:38:10.001 [scheduling-1    ] INFO  UpdateAwardStockJob    - 定时任务，更新奖品消耗库存[延迟队列获取，降低对数据库的更新频次， 不要产生竞争
24-11-19.10:38:15.004 [scheduling-1    ] INFO  UpdateAwardStockJob    - 定时任务，更新奖品消耗库存[延迟队列获取，降低对数据库的更新频次， 不要产生竞争
24-11-19.10:38:20.002 [scheduling-1    ] INFO  UpdateAwardStockJob    - 定时任务，更新奖品消耗库存[延迟队列获取，降低对数据库的更新频次， 不要产生竞争
24-11-19.10:38:25.005 [scheduling-1    ] INFO  UpdateAwardStockJob    - 定时任务，更新奖品消耗库存[延迟队列获取，降低对数据库的更新频次， 不要产生竞争
24-11-19.10:38:30.005 [scheduling-1    ] INFO  UpdateAwardStockJob    - 定时任务，更新奖品消耗库存[延迟队列获取，降低对数据库的更新频次， 不要产生竞争
24-11-19.10:38:35.002 [scheduling-1    ] INFO  UpdateAwardStockJob    - 定时任务，更新奖品消耗库存[延迟队列获取，降低对数据库的更新频次， 不要产生竞争
24-11-19.10:38:40.004 [scheduling-1    ] INFO  UpdateAwardStockJob    - 定时任务，更新奖品消耗库存[延迟队列获取，降低对数据库的更新频次， 不要产生竞争
24-11-19.10:38:45.009 [scheduling-1    ] INFO  UpdateAwardStockJob    - 定时任务，更新奖品消耗库存[延迟队列获取，降低对数据库的更新频次， 不要产生竞争
24-11-19.10:38:50.006 [scheduling-1    ] INFO  UpdateAwardStockJob    - 定时任务，更新奖品消耗库存[延迟队列获取，降低对数据库的更新频次， 不要产生竞争
24-11-19.10:38:55.005 [scheduling-1    ] INFO  UpdateAwardStockJob    - 定时任务，更新奖品消耗库存[延迟队列获取，降低对数据库的更新频次， 不要产生竞争
24-11-19.10:39:00.003 [scheduling-1    ] INFO  UpdateAwardStockJob    - 定时任务，更新奖品消耗库存[延迟队列获取，降低对数据库的更新频次， 不要产生竞争
24-11-19.10:39:05.002 [scheduling-1    ] INFO  UpdateAwardStockJob    - 定时任务，更新奖品消耗库存[延迟队列获取，降低对数据库的更新频次， 不要产生竞争
24-11-19.10:39:10.001 [scheduling-1    ] INFO  UpdateAwardStockJob    - 定时任务，更新奖品消耗库存[延迟队列获取，降低对数据库的更新频次， 不要产生竞争
24-11-19.10:39:15.005 [scheduling-1    ] INFO  UpdateAwardStockJob    - 定时任务，更新奖品消耗库存[延迟队列获取，降低对数据库的更新频次， 不要产生竞争
24-11-19.10:39:20.001 [scheduling-1    ] INFO  UpdateAwardStockJob    - 定时任务，更新奖品消耗库存[延迟队列获取，降低对数据库的更新频次， 不要产生竞争
24-11-19.10:39:25.005 [scheduling-1    ] INFO  UpdateAwardStockJob    - 定时任务，更新奖品消耗库存[延迟队列获取，降低对数据库的更新频次， 不要产生竞争
24-11-19.10:39:30.005 [scheduling-1    ] INFO  UpdateAwardStockJob    - 定时任务，更新奖品消耗库存[延迟队列获取，降低对数据库的更新频次， 不要产生竞争
24-11-19.10:39:35.005 [scheduling-1    ] INFO  UpdateAwardStockJob    - 定时任务，更新奖品消耗库存[延迟队列获取，降低对数据库的更新频次， 不要产生竞争
24-11-19.10:39:40.004 [scheduling-1    ] INFO  UpdateAwardStockJob    - 定时任务，更新奖品消耗库存[延迟队列获取，降低对数据库的更新频次， 不要产生竞争
24-11-19.10:39:45.006 [scheduling-1    ] INFO  UpdateAwardStockJob    - 定时任务，更新奖品消耗库存[延迟队列获取，降低对数据库的更新频次， 不要产生竞争
24-11-19.10:39:50.005 [scheduling-1    ] INFO  UpdateAwardStockJob    - 定时任务，更新奖品消耗库存[延迟队列获取，降低对数据库的更新频次， 不要产生竞争
24-11-19.10:39:55.006 [scheduling-1    ] INFO  UpdateAwardStockJob    - 定时任务，更新奖品消耗库存[延迟队列获取，降低对数据库的更新频次， 不要产生竞争
24-11-19.10:40:00.005 [scheduling-1    ] INFO  UpdateAwardStockJob    - 定时任务，更新奖品消耗库存[延迟队列获取，降低对数据库的更新频次， 不要产生竞争
24-11-19.10:40:05.005 [scheduling-1    ] INFO  UpdateAwardStockJob    - 定时任务，更新奖品消耗库存[延迟队列获取，降低对数据库的更新频次， 不要产生竞争
24-11-19.10:40:10.003 [scheduling-1    ] INFO  UpdateAwardStockJob    - 定时任务，更新奖品消耗库存[延迟队列获取，降低对数据库的更新频次， 不要产生竞争
24-11-19.10:40:15.000 [scheduling-1    ] INFO  UpdateAwardStockJob    - 定时任务，更新奖品消耗库存[延迟队列获取，降低对数据库的更新频次， 不要产生竞争
24-11-19.10:40:20.002 [scheduling-1    ] INFO  UpdateAwardStockJob    - 定时任务，更新奖品消耗库存[延迟队列获取，降低对数据库的更新频次， 不要产生竞争
24-11-19.10:40:25.003 [scheduling-1    ] INFO  UpdateAwardStockJob    - 定时任务，更新奖品消耗库存[延迟队列获取，降低对数据库的更新频次， 不要产生竞争
24-11-19.10:40:30.000 [scheduling-1    ] INFO  UpdateAwardStockJob    - 定时任务，更新奖品消耗库存[延迟队列获取，降低对数据库的更新频次， 不要产生竞争
24-11-19.10:40:35.005 [scheduling-1    ] INFO  UpdateAwardStockJob    - 定时任务，更新奖品消耗库存[延迟队列获取，降低对数据库的更新频次， 不要产生竞争
24-11-19.10:40:40.000 [scheduling-1    ] INFO  UpdateAwardStockJob    - 定时任务，更新奖品消耗库存[延迟队列获取，降低对数据库的更新频次， 不要产生竞争
24-11-19.10:40:45.005 [scheduling-1    ] INFO  UpdateAwardStockJob    - 定时任务，更新奖品消耗库存[延迟队列获取，降低对数据库的更新频次， 不要产生竞争
24-11-19.10:40:50.003 [scheduling-1    ] INFO  UpdateAwardStockJob    - 定时任务，更新奖品消耗库存[延迟队列获取，降低对数据库的更新频次， 不要产生竞争
24-11-19.10:40:55.005 [scheduling-1    ] INFO  UpdateAwardStockJob    - 定时任务，更新奖品消耗库存[延迟队列获取，降低对数据库的更新频次， 不要产生竞争
24-11-19.10:41:00.008 [scheduling-1    ] INFO  UpdateAwardStockJob    - 定时任务，更新奖品消耗库存[延迟队列获取，降低对数据库的更新频次， 不要产生竞争
24-11-19.10:41:05.005 [scheduling-1    ] INFO  UpdateAwardStockJob    - 定时任务，更新奖品消耗库存[延迟队列获取，降低对数据库的更新频次， 不要产生竞争
24-11-19.10:41:10.005 [scheduling-1    ] INFO  UpdateAwardStockJob    - 定时任务，更新奖品消耗库存[延迟队列获取，降低对数据库的更新频次， 不要产生竞争
24-11-19.10:41:15.006 [scheduling-1    ] INFO  UpdateAwardStockJob    - 定时任务，更新奖品消耗库存[延迟队列获取，降低对数据库的更新频次， 不要产生竞争
24-11-19.10:41:20.003 [scheduling-1    ] INFO  UpdateAwardStockJob    - 定时任务，更新奖品消耗库存[延迟队列获取，降低对数据库的更新频次， 不要产生竞争
24-11-19.10:41:25.004 [scheduling-1    ] INFO  UpdateAwardStockJob    - 定时任务，更新奖品消耗库存[延迟队列获取，降低对数据库的更新频次， 不要产生竞争
24-11-19.10:41:30.005 [scheduling-1    ] INFO  UpdateAwardStockJob    - 定时任务，更新奖品消耗库存[延迟队列获取，降低对数据库的更新频次， 不要产生竞争
24-11-19.10:41:35.005 [scheduling-1    ] INFO  UpdateAwardStockJob    - 定时任务，更新奖品消耗库存[延迟队列获取，降低对数据库的更新频次， 不要产生竞争
24-11-19.10:41:40.006 [scheduling-1    ] INFO  UpdateAwardStockJob    - 定时任务，更新奖品消耗库存[延迟队列获取，降低对数据库的更新频次， 不要产生竞争
24-11-19.10:41:45.003 [scheduling-1    ] INFO  UpdateAwardStockJob    - 定时任务，更新奖品消耗库存[延迟队列获取，降低对数据库的更新频次， 不要产生竞争
24-11-19.10:41:50.005 [scheduling-1    ] INFO  UpdateAwardStockJob    - 定时任务，更新奖品消耗库存[延迟队列获取，降低对数据库的更新频次， 不要产生竞争
24-11-19.10:41:55.004 [scheduling-1    ] INFO  UpdateAwardStockJob    - 定时任务，更新奖品消耗库存[延迟队列获取，降低对数据库的更新频次， 不要产生竞争
24-11-19.10:42:00.004 [scheduling-1    ] INFO  UpdateAwardStockJob    - 定时任务，更新奖品消耗库存[延迟队列获取，降低对数据库的更新频次， 不要产生竞争
24-11-19.10:42:05.005 [scheduling-1    ] INFO  UpdateAwardStockJob    - 定时任务，更新奖品消耗库存[延迟队列获取，降低对数据库的更新频次， 不要产生竞争
24-11-19.10:42:10.005 [scheduling-1    ] INFO  UpdateAwardStockJob    - 定时任务，更新奖品消耗库存[延迟队列获取，降低对数据库的更新频次， 不要产生竞争
24-11-19.10:42:15.004 [scheduling-1    ] INFO  UpdateAwardStockJob    - 定时任务，更新奖品消耗库存[延迟队列获取，降低对数据库的更新频次， 不要产生竞争
24-11-19.10:42:20.003 [scheduling-1    ] INFO  UpdateAwardStockJob    - 定时任务，更新奖品消耗库存[延迟队列获取，降低对数据库的更新频次， 不要产生竞争
24-11-19.10:42:25.005 [scheduling-1    ] INFO  UpdateAwardStockJob    - 定时任务，更新奖品消耗库存[延迟队列获取，降低对数据库的更新频次， 不要产生竞争
24-11-19.10:42:30.002 [scheduling-1    ] INFO  UpdateAwardStockJob    - 定时任务，更新奖品消耗库存[延迟队列获取，降低对数据库的更新频次， 不要产生竞争
24-11-19.10:42:35.004 [scheduling-1    ] INFO  UpdateAwardStockJob    - 定时任务，更新奖品消耗库存[延迟队列获取，降低对数据库的更新频次， 不要产生竞争
24-11-19.10:42:40.003 [scheduling-1    ] INFO  UpdateAwardStockJob    - 定时任务，更新奖品消耗库存[延迟队列获取，降低对数据库的更新频次， 不要产生竞争
24-11-19.10:42:45.002 [scheduling-1    ] INFO  UpdateAwardStockJob    - 定时任务，更新奖品消耗库存[延迟队列获取，降低对数据库的更新频次， 不要产生竞争
24-11-19.10:42:50.003 [scheduling-1    ] INFO  UpdateAwardStockJob    - 定时任务，更新奖品消耗库存[延迟队列获取，降低对数据库的更新频次， 不要产生竞争
24-11-19.10:42:55.005 [scheduling-1    ] INFO  UpdateAwardStockJob    - 定时任务，更新奖品消耗库存[延迟队列获取，降低对数据库的更新频次， 不要产生竞争
24-11-19.10:43:00.001 [scheduling-1    ] INFO  UpdateAwardStockJob    - 定时任务，更新奖品消耗库存[延迟队列获取，降低对数据库的更新频次， 不要产生竞争
24-11-19.10:43:05.005 [scheduling-1    ] INFO  UpdateAwardStockJob    - 定时任务，更新奖品消耗库存[延迟队列获取，降低对数据库的更新频次， 不要产生竞争
24-11-19.10:43:10.004 [scheduling-1    ] INFO  UpdateAwardStockJob    - 定时任务，更新奖品消耗库存[延迟队列获取，降低对数据库的更新频次， 不要产生竞争
24-11-19.10:43:15.004 [scheduling-1    ] INFO  UpdateAwardStockJob    - 定时任务，更新奖品消耗库存[延迟队列获取，降低对数据库的更新频次， 不要产生竞争
24-11-19.10:43:20.004 [scheduling-1    ] INFO  UpdateAwardStockJob    - 定时任务，更新奖品消耗库存[延迟队列获取，降低对数据库的更新频次， 不要产生竞争
24-11-19.10:43:25.004 [scheduling-1    ] INFO  UpdateAwardStockJob    - 定时任务，更新奖品消耗库存[延迟队列获取，降低对数据库的更新频次， 不要产生竞争
24-11-19.10:43:30.005 [scheduling-1    ] INFO  UpdateAwardStockJob    - 定时任务，更新奖品消耗库存[延迟队列获取，降低对数据库的更新频次， 不要产生竞争
24-11-19.10:43:35.005 [scheduling-1    ] INFO  UpdateAwardStockJob    - 定时任务，更新奖品消耗库存[延迟队列获取，降低对数据库的更新频次， 不要产生竞争
24-11-19.10:43:40.003 [scheduling-1    ] INFO  UpdateAwardStockJob    - 定时任务，更新奖品消耗库存[延迟队列获取，降低对数据库的更新频次， 不要产生竞争
24-11-19.10:43:45.005 [scheduling-1    ] INFO  UpdateAwardStockJob    - 定时任务，更新奖品消耗库存[延迟队列获取，降低对数据库的更新频次， 不要产生竞争
24-11-19.10:43:50.003 [scheduling-1    ] INFO  UpdateAwardStockJob    - 定时任务，更新奖品消耗库存[延迟队列获取，降低对数据库的更新频次， 不要产生竞争
24-11-19.10:43:55.004 [scheduling-1    ] INFO  UpdateAwardStockJob    - 定时任务，更新奖品消耗库存[延迟队列获取，降低对数据库的更新频次， 不要产生竞争
24-11-19.10:44:00.009 [scheduling-1    ] INFO  UpdateAwardStockJob    - 定时任务，更新奖品消耗库存[延迟队列获取，降低对数据库的更新频次， 不要产生竞争
24-11-19.10:44:05.002 [scheduling-1    ] INFO  UpdateAwardStockJob    - 定时任务，更新奖品消耗库存[延迟队列获取，降低对数据库的更新频次， 不要产生竞争
24-11-19.10:44:10.004 [scheduling-1    ] INFO  UpdateAwardStockJob    - 定时任务，更新奖品消耗库存[延迟队列获取，降低对数据库的更新频次， 不要产生竞争
24-11-19.10:44:15.001 [scheduling-1    ] INFO  UpdateAwardStockJob    - 定时任务，更新奖品消耗库存[延迟队列获取，降低对数据库的更新频次， 不要产生竞争
24-11-19.10:44:20.004 [scheduling-1    ] INFO  UpdateAwardStockJob    - 定时任务，更新奖品消耗库存[延迟队列获取，降低对数据库的更新频次， 不要产生竞争
24-11-19.10:44:25.004 [scheduling-1    ] INFO  UpdateAwardStockJob    - 定时任务，更新奖品消耗库存[延迟队列获取，降低对数据库的更新频次， 不要产生竞争
24-11-19.10:44:30.004 [scheduling-1    ] INFO  UpdateAwardStockJob    - 定时任务，更新奖品消耗库存[延迟队列获取，降低对数据库的更新频次， 不要产生竞争
24-11-19.10:44:35.003 [scheduling-1    ] INFO  UpdateAwardStockJob    - 定时任务，更新奖品消耗库存[延迟队列获取，降低对数据库的更新频次， 不要产生竞争
24-11-19.10:44:40.003 [scheduling-1    ] INFO  UpdateAwardStockJob    - 定时任务，更新奖品消耗库存[延迟队列获取，降低对数据库的更新频次， 不要产生竞争
24-11-19.10:44:45.002 [scheduling-1    ] INFO  UpdateAwardStockJob    - 定时任务，更新奖品消耗库存[延迟队列获取，降低对数据库的更新频次， 不要产生竞争
24-11-19.10:44:50.004 [scheduling-1    ] INFO  UpdateAwardStockJob    - 定时任务，更新奖品消耗库存[延迟队列获取，降低对数据库的更新频次， 不要产生竞争
24-11-19.10:44:55.002 [scheduling-1    ] INFO  UpdateAwardStockJob    - 定时任务，更新奖品消耗库存[延迟队列获取，降低对数据库的更新频次， 不要产生竞争
24-11-19.10:45:00.005 [scheduling-1    ] INFO  UpdateAwardStockJob    - 定时任务，更新奖品消耗库存[延迟队列获取，降低对数据库的更新频次， 不要产生竞争
24-11-19.10:45:05.004 [scheduling-1    ] INFO  UpdateAwardStockJob    - 定时任务，更新奖品消耗库存[延迟队列获取，降低对数据库的更新频次， 不要产生竞争
24-11-19.10:45:10.001 [scheduling-1    ] INFO  UpdateAwardStockJob    - 定时任务，更新奖品消耗库存[延迟队列获取，降低对数据库的更新频次， 不要产生竞争
24-11-19.10:45:15.004 [scheduling-1    ] INFO  UpdateAwardStockJob    - 定时任务，更新奖品消耗库存[延迟队列获取，降低对数据库的更新频次， 不要产生竞争
24-11-19.10:45:20.001 [scheduling-1    ] INFO  UpdateAwardStockJob    - 定时任务，更新奖品消耗库存[延迟队列获取，降低对数据库的更新频次， 不要产生竞争
24-11-19.10:45:25.005 [scheduling-1    ] INFO  UpdateAwardStockJob    - 定时任务，更新奖品消耗库存[延迟队列获取，降低对数据库的更新频次， 不要产生竞争
24-11-19.10:45:30.003 [scheduling-1    ] INFO  UpdateAwardStockJob    - 定时任务，更新奖品消耗库存[延迟队列获取，降低对数据库的更新频次， 不要产生竞争
24-11-19.10:45:35.000 [scheduling-1    ] INFO  UpdateAwardStockJob    - 定时任务，更新奖品消耗库存[延迟队列获取，降低对数据库的更新频次， 不要产生竞争
24-11-19.10:45:40.001 [scheduling-1    ] INFO  UpdateAwardStockJob    - 定时任务，更新奖品消耗库存[延迟队列获取，降低对数据库的更新频次， 不要产生竞争
24-11-19.10:45:45.000 [scheduling-1    ] INFO  UpdateAwardStockJob    - 定时任务，更新奖品消耗库存[延迟队列获取，降低对数据库的更新频次， 不要产生竞争
24-11-19.10:45:50.000 [scheduling-1    ] INFO  UpdateAwardStockJob    - 定时任务，更新奖品消耗库存[延迟队列获取，降低对数据库的更新频次， 不要产生竞争
24-11-19.10:45:55.003 [scheduling-1    ] INFO  UpdateAwardStockJob    - 定时任务，更新奖品消耗库存[延迟队列获取，降低对数据库的更新频次， 不要产生竞争
24-11-19.10:46:00.006 [scheduling-1    ] INFO  UpdateAwardStockJob    - 定时任务，更新奖品消耗库存[延迟队列获取，降低对数据库的更新频次， 不要产生竞争
24-11-19.10:46:05.000 [scheduling-1    ] INFO  UpdateAwardStockJob    - 定时任务，更新奖品消耗库存[延迟队列获取，降低对数据库的更新频次， 不要产生竞争
24-11-19.10:46:10.002 [scheduling-1    ] INFO  UpdateAwardStockJob    - 定时任务，更新奖品消耗库存[延迟队列获取，降低对数据库的更新频次， 不要产生竞争
24-11-19.10:46:15.005 [scheduling-1    ] INFO  UpdateAwardStockJob    - 定时任务，更新奖品消耗库存[延迟队列获取，降低对数据库的更新频次， 不要产生竞争
24-11-19.10:46:20.003 [scheduling-1    ] INFO  UpdateAwardStockJob    - 定时任务，更新奖品消耗库存[延迟队列获取，降低对数据库的更新频次， 不要产生竞争
24-11-19.10:46:25.004 [scheduling-1    ] INFO  UpdateAwardStockJob    - 定时任务，更新奖品消耗库存[延迟队列获取，降低对数据库的更新频次， 不要产生竞争
24-11-19.10:46:30.004 [scheduling-1    ] INFO  UpdateAwardStockJob    - 定时任务，更新奖品消耗库存[延迟队列获取，降低对数据库的更新频次， 不要产生竞争
24-11-19.10:46:35.005 [scheduling-1    ] INFO  UpdateAwardStockJob    - 定时任务，更新奖品消耗库存[延迟队列获取，降低对数据库的更新频次， 不要产生竞争
24-11-19.10:46:40.005 [scheduling-1    ] INFO  UpdateAwardStockJob    - 定时任务，更新奖品消耗库存[延迟队列获取，降低对数据库的更新频次， 不要产生竞争
24-11-19.10:46:45.005 [scheduling-1    ] INFO  UpdateAwardStockJob    - 定时任务，更新奖品消耗库存[延迟队列获取，降低对数据库的更新频次， 不要产生竞争
24-11-19.10:46:50.003 [scheduling-1    ] INFO  UpdateAwardStockJob    - 定时任务，更新奖品消耗库存[延迟队列获取，降低对数据库的更新频次， 不要产生竞争
24-11-19.10:46:55.004 [scheduling-1    ] INFO  UpdateAwardStockJob    - 定时任务，更新奖品消耗库存[延迟队列获取，降低对数据库的更新频次， 不要产生竞争
24-11-19.10:47:00.001 [scheduling-1    ] INFO  UpdateAwardStockJob    - 定时任务，更新奖品消耗库存[延迟队列获取，降低对数据库的更新频次， 不要产生竞争
24-11-19.10:47:05.005 [scheduling-1    ] INFO  UpdateAwardStockJob    - 定时任务，更新奖品消耗库存[延迟队列获取，降低对数据库的更新频次， 不要产生竞争
24-11-19.10:47:10.005 [scheduling-1    ] INFO  UpdateAwardStockJob    - 定时任务，更新奖品消耗库存[延迟队列获取，降低对数据库的更新频次， 不要产生竞争
24-11-19.10:47:15.004 [scheduling-1    ] INFO  UpdateAwardStockJob    - 定时任务，更新奖品消耗库存[延迟队列获取，降低对数据库的更新频次， 不要产生竞争
24-11-19.10:47:20.005 [scheduling-1    ] INFO  UpdateAwardStockJob    - 定时任务，更新奖品消耗库存[延迟队列获取，降低对数据库的更新频次， 不要产生竞争
24-11-19.10:47:25.005 [scheduling-1    ] INFO  UpdateAwardStockJob    - 定时任务，更新奖品消耗库存[延迟队列获取，降低对数据库的更新频次， 不要产生竞争
24-11-19.10:47:30.005 [scheduling-1    ] INFO  UpdateAwardStockJob    - 定时任务，更新奖品消耗库存[延迟队列获取，降低对数据库的更新频次， 不要产生竞争
24-11-19.10:47:35.005 [scheduling-1    ] INFO  UpdateAwardStockJob    - 定时任务，更新奖品消耗库存[延迟队列获取，降低对数据库的更新频次， 不要产生竞争
24-11-19.10:47:40.005 [scheduling-1    ] INFO  UpdateAwardStockJob    - 定时任务，更新奖品消耗库存[延迟队列获取，降低对数据库的更新频次， 不要产生竞争
24-11-19.10:47:45.005 [scheduling-1    ] INFO  UpdateAwardStockJob    - 定时任务，更新奖品消耗库存[延迟队列获取，降低对数据库的更新频次， 不要产生竞争
24-11-19.10:47:50.006 [scheduling-1    ] INFO  UpdateAwardStockJob    - 定时任务，更新奖品消耗库存[延迟队列获取，降低对数据库的更新频次， 不要产生竞争
24-11-19.10:47:55.004 [scheduling-1    ] INFO  UpdateAwardStockJob    - 定时任务，更新奖品消耗库存[延迟队列获取，降低对数据库的更新频次， 不要产生竞争
24-11-19.10:48:00.005 [scheduling-1    ] INFO  UpdateAwardStockJob    - 定时任务，更新奖品消耗库存[延迟队列获取，降低对数据库的更新频次， 不要产生竞争
24-11-19.10:48:05.006 [scheduling-1    ] INFO  UpdateAwardStockJob    - 定时任务，更新奖品消耗库存[延迟队列获取，降低对数据库的更新频次， 不要产生竞争
24-11-19.10:48:10.004 [scheduling-1    ] INFO  UpdateAwardStockJob    - 定时任务，更新奖品消耗库存[延迟队列获取，降低对数据库的更新频次， 不要产生竞争
24-11-19.10:48:15.004 [scheduling-1    ] INFO  UpdateAwardStockJob    - 定时任务，更新奖品消耗库存[延迟队列获取，降低对数据库的更新频次， 不要产生竞争
24-11-19.10:48:20.004 [scheduling-1    ] INFO  UpdateAwardStockJob    - 定时任务，更新奖品消耗库存[延迟队列获取，降低对数据库的更新频次， 不要产生竞争
24-11-19.10:48:25.003 [scheduling-1    ] INFO  UpdateAwardStockJob    - 定时任务，更新奖品消耗库存[延迟队列获取，降低对数据库的更新频次， 不要产生竞争
24-11-19.10:48:30.004 [scheduling-1    ] INFO  UpdateAwardStockJob    - 定时任务，更新奖品消耗库存[延迟队列获取，降低对数据库的更新频次， 不要产生竞争
24-11-19.10:48:35.005 [scheduling-1    ] INFO  UpdateAwardStockJob    - 定时任务，更新奖品消耗库存[延迟队列获取，降低对数据库的更新频次， 不要产生竞争
24-11-19.10:48:40.002 [scheduling-1    ] INFO  UpdateAwardStockJob    - 定时任务，更新奖品消耗库存[延迟队列获取，降低对数据库的更新频次， 不要产生竞争
24-11-19.10:48:45.004 [scheduling-1    ] INFO  UpdateAwardStockJob    - 定时任务，更新奖品消耗库存[延迟队列获取，降低对数据库的更新频次， 不要产生竞争
24-11-19.10:48:50.005 [scheduling-1    ] INFO  UpdateAwardStockJob    - 定时任务，更新奖品消耗库存[延迟队列获取，降低对数据库的更新频次， 不要产生竞争
24-11-19.10:48:55.016 [scheduling-1    ] INFO  UpdateAwardStockJob    - 定时任务，更新奖品消耗库存[延迟队列获取，降低对数据库的更新频次， 不要产生竞争
24-11-19.10:49:00.007 [scheduling-1    ] INFO  UpdateAwardStockJob    - 定时任务，更新奖品消耗库存[延迟队列获取，降低对数据库的更新频次， 不要产生竞争
24-11-19.10:49:05.004 [scheduling-1    ] INFO  UpdateAwardStockJob    - 定时任务，更新奖品消耗库存[延迟队列获取，降低对数据库的更新频次， 不要产生竞争
24-11-19.10:49:10.002 [scheduling-1    ] INFO  UpdateAwardStockJob    - 定时任务，更新奖品消耗库存[延迟队列获取，降低对数据库的更新频次， 不要产生竞争
24-11-19.10:49:15.001 [scheduling-1    ] INFO  UpdateAwardStockJob    - 定时任务，更新奖品消耗库存[延迟队列获取，降低对数据库的更新频次， 不要产生竞争
24-11-19.10:49:20.001 [scheduling-1    ] INFO  UpdateAwardStockJob    - 定时任务，更新奖品消耗库存[延迟队列获取，降低对数据库的更新频次， 不要产生竞争
24-11-19.10:49:25.003 [scheduling-1    ] INFO  UpdateAwardStockJob    - 定时任务，更新奖品消耗库存[延迟队列获取，降低对数据库的更新频次， 不要产生竞争
24-11-19.10:49:30.002 [scheduling-1    ] INFO  UpdateAwardStockJob    - 定时任务，更新奖品消耗库存[延迟队列获取，降低对数据库的更新频次， 不要产生竞争
24-11-19.10:49:35.001 [scheduling-1    ] INFO  UpdateAwardStockJob    - 定时任务，更新奖品消耗库存[延迟队列获取，降低对数据库的更新频次， 不要产生竞争
24-11-19.10:49:40.003 [scheduling-1    ] INFO  UpdateAwardStockJob    - 定时任务，更新奖品消耗库存[延迟队列获取，降低对数据库的更新频次， 不要产生竞争
24-11-19.10:49:45.004 [scheduling-1    ] INFO  UpdateAwardStockJob    - 定时任务，更新奖品消耗库存[延迟队列获取，降低对数据库的更新频次， 不要产生竞争
24-11-19.10:49:50.002 [scheduling-1    ] INFO  UpdateAwardStockJob    - 定时任务，更新奖品消耗库存[延迟队列获取，降低对数据库的更新频次， 不要产生竞争
24-11-19.10:49:55.002 [scheduling-1    ] INFO  UpdateAwardStockJob    - 定时任务，更新奖品消耗库存[延迟队列获取，降低对数据库的更新频次， 不要产生竞争
24-11-19.10:50:00.003 [scheduling-1    ] INFO  UpdateAwardStockJob    - 定时任务，更新奖品消耗库存[延迟队列获取，降低对数据库的更新频次， 不要产生竞争
24-11-19.10:50:05.005 [scheduling-1    ] INFO  UpdateAwardStockJob    - 定时任务，更新奖品消耗库存[延迟队列获取，降低对数据库的更新频次， 不要产生竞争
24-11-19.10:50:10.001 [scheduling-1    ] INFO  UpdateAwardStockJob    - 定时任务，更新奖品消耗库存[延迟队列获取，降低对数据库的更新频次， 不要产生竞争
24-11-19.10:50:15.004 [scheduling-1    ] INFO  UpdateAwardStockJob    - 定时任务，更新奖品消耗库存[延迟队列获取，降低对数据库的更新频次， 不要产生竞争
24-11-19.10:50:20.006 [scheduling-1    ] INFO  UpdateAwardStockJob    - 定时任务，更新奖品消耗库存[延迟队列获取，降低对数据库的更新频次， 不要产生竞争
24-11-19.10:50:25.004 [scheduling-1    ] INFO  UpdateAwardStockJob    - 定时任务，更新奖品消耗库存[延迟队列获取，降低对数据库的更新频次， 不要产生竞争
24-11-19.10:50:30.003 [scheduling-1    ] INFO  UpdateAwardStockJob    - 定时任务，更新奖品消耗库存[延迟队列获取，降低对数据库的更新频次， 不要产生竞争
24-11-19.10:50:35.004 [scheduling-1    ] INFO  UpdateAwardStockJob    - 定时任务，更新奖品消耗库存[延迟队列获取，降低对数据库的更新频次， 不要产生竞争
24-11-19.10:50:40.001 [scheduling-1    ] INFO  UpdateAwardStockJob    - 定时任务，更新奖品消耗库存[延迟队列获取，降低对数据库的更新频次， 不要产生竞争
24-11-19.10:50:45.004 [scheduling-1    ] INFO  UpdateAwardStockJob    - 定时任务，更新奖品消耗库存[延迟队列获取，降低对数据库的更新频次， 不要产生竞争
24-11-19.10:50:50.001 [scheduling-1    ] INFO  UpdateAwardStockJob    - 定时任务，更新奖品消耗库存[延迟队列获取，降低对数据库的更新频次， 不要产生竞争
24-11-19.10:50:55.000 [scheduling-1    ] INFO  UpdateAwardStockJob    - 定时任务，更新奖品消耗库存[延迟队列获取，降低对数据库的更新频次， 不要产生竞争
24-11-19.10:51:00.001 [scheduling-1    ] INFO  UpdateAwardStockJob    - 定时任务，更新奖品消耗库存[延迟队列获取，降低对数据库的更新频次， 不要产生竞争
24-11-19.10:51:05.005 [scheduling-1    ] INFO  UpdateAwardStockJob    - 定时任务，更新奖品消耗库存[延迟队列获取，降低对数据库的更新频次， 不要产生竞争
24-11-19.10:51:10.006 [scheduling-1    ] INFO  UpdateAwardStockJob    - 定时任务，更新奖品消耗库存[延迟队列获取，降低对数据库的更新频次， 不要产生竞争
24-11-19.10:51:15.003 [scheduling-1    ] INFO  UpdateAwardStockJob    - 定时任务，更新奖品消耗库存[延迟队列获取，降低对数据库的更新频次， 不要产生竞争
24-11-19.10:51:20.006 [scheduling-1    ] INFO  UpdateAwardStockJob    - 定时任务，更新奖品消耗库存[延迟队列获取，降低对数据库的更新频次， 不要产生竞争
24-11-19.10:51:25.006 [scheduling-1    ] INFO  UpdateAwardStockJob    - 定时任务，更新奖品消耗库存[延迟队列获取，降低对数据库的更新频次， 不要产生竞争
24-11-19.10:51:30.000 [scheduling-1    ] INFO  UpdateAwardStockJob    - 定时任务，更新奖品消耗库存[延迟队列获取，降低对数据库的更新频次， 不要产生竞争
24-11-19.10:51:35.004 [scheduling-1    ] INFO  UpdateAwardStockJob    - 定时任务，更新奖品消耗库存[延迟队列获取，降低对数据库的更新频次， 不要产生竞争
24-11-19.10:51:40.005 [scheduling-1    ] INFO  UpdateAwardStockJob    - 定时任务，更新奖品消耗库存[延迟队列获取，降低对数据库的更新频次， 不要产生竞争
24-11-19.10:51:45.005 [scheduling-1    ] INFO  UpdateAwardStockJob    - 定时任务，更新奖品消耗库存[延迟队列获取，降低对数据库的更新频次， 不要产生竞争
24-11-19.10:51:50.001 [scheduling-1    ] INFO  UpdateAwardStockJob    - 定时任务，更新奖品消耗库存[延迟队列获取，降低对数据库的更新频次， 不要产生竞争
24-11-19.10:51:55.014 [scheduling-1    ] INFO  UpdateAwardStockJob    - 定时任务，更新奖品消耗库存[延迟队列获取，降低对数据库的更新频次， 不要产生竞争
24-11-19.10:52:00.010 [scheduling-1    ] INFO  UpdateAwardStockJob    - 定时任务，更新奖品消耗库存[延迟队列获取，降低对数据库的更新频次， 不要产生竞争
24-11-19.10:52:05.005 [scheduling-1    ] INFO  UpdateAwardStockJob    - 定时任务，更新奖品消耗库存[延迟队列获取，降低对数据库的更新频次， 不要产生竞争
24-11-19.10:52:10.000 [scheduling-1    ] INFO  UpdateAwardStockJob    - 定时任务，更新奖品消耗库存[延迟队列获取，降低对数据库的更新频次， 不要产生竞争
24-11-19.10:52:15.004 [scheduling-1    ] INFO  UpdateAwardStockJob    - 定时任务，更新奖品消耗库存[延迟队列获取，降低对数据库的更新频次， 不要产生竞争
24-11-19.10:52:20.003 [scheduling-1    ] INFO  UpdateAwardStockJob    - 定时任务，更新奖品消耗库存[延迟队列获取，降低对数据库的更新频次， 不要产生竞争
24-11-19.10:52:25.006 [scheduling-1    ] INFO  UpdateAwardStockJob    - 定时任务，更新奖品消耗库存[延迟队列获取，降低对数据库的更新频次， 不要产生竞争
24-11-19.10:52:30.004 [scheduling-1    ] INFO  UpdateAwardStockJob    - 定时任务，更新奖品消耗库存[延迟队列获取，降低对数据库的更新频次， 不要产生竞争
24-11-19.10:52:35.003 [scheduling-1    ] INFO  UpdateAwardStockJob    - 定时任务，更新奖品消耗库存[延迟队列获取，降低对数据库的更新频次， 不要产生竞争
24-11-19.10:52:40.006 [scheduling-1    ] INFO  UpdateAwardStockJob    - 定时任务，更新奖品消耗库存[延迟队列获取，降低对数据库的更新频次， 不要产生竞争
24-11-19.10:52:45.004 [scheduling-1    ] INFO  UpdateAwardStockJob    - 定时任务，更新奖品消耗库存[延迟队列获取，降低对数据库的更新频次， 不要产生竞争
24-11-19.10:52:50.001 [scheduling-1    ] INFO  UpdateAwardStockJob    - 定时任务，更新奖品消耗库存[延迟队列获取，降低对数据库的更新频次， 不要产生竞争
24-11-19.10:52:55.006 [scheduling-1    ] INFO  UpdateAwardStockJob    - 定时任务，更新奖品消耗库存[延迟队列获取，降低对数据库的更新频次， 不要产生竞争
24-11-19.10:53:00.006 [scheduling-1    ] INFO  UpdateAwardStockJob    - 定时任务，更新奖品消耗库存[延迟队列获取，降低对数据库的更新频次， 不要产生竞争
24-11-19.10:53:05.003 [scheduling-1    ] INFO  UpdateAwardStockJob    - 定时任务，更新奖品消耗库存[延迟队列获取，降低对数据库的更新频次， 不要产生竞争
24-11-19.10:53:10.004 [scheduling-1    ] INFO  UpdateAwardStockJob    - 定时任务，更新奖品消耗库存[延迟队列获取，降低对数据库的更新频次， 不要产生竞争
24-11-19.10:53:15.003 [scheduling-1    ] INFO  UpdateAwardStockJob    - 定时任务，更新奖品消耗库存[延迟队列获取，降低对数据库的更新频次， 不要产生竞争
24-11-19.10:53:20.003 [scheduling-1    ] INFO  UpdateAwardStockJob    - 定时任务，更新奖品消耗库存[延迟队列获取，降低对数据库的更新频次， 不要产生竞争
24-11-19.10:53:25.005 [scheduling-1    ] INFO  UpdateAwardStockJob    - 定时任务，更新奖品消耗库存[延迟队列获取，降低对数据库的更新频次， 不要产生竞争
24-11-19.10:53:30.004 [scheduling-1    ] INFO  UpdateAwardStockJob    - 定时任务，更新奖品消耗库存[延迟队列获取，降低对数据库的更新频次， 不要产生竞争
24-11-19.10:53:35.005 [scheduling-1    ] INFO  UpdateAwardStockJob    - 定时任务，更新奖品消耗库存[延迟队列获取，降低对数据库的更新频次， 不要产生竞争
24-11-19.10:53:40.002 [scheduling-1    ] INFO  UpdateAwardStockJob    - 定时任务，更新奖品消耗库存[延迟队列获取，降低对数据库的更新频次， 不要产生竞争
24-11-19.10:53:45.005 [scheduling-1    ] INFO  UpdateAwardStockJob    - 定时任务，更新奖品消耗库存[延迟队列获取，降低对数据库的更新频次， 不要产生竞争
24-11-19.10:53:50.002 [scheduling-1    ] INFO  UpdateAwardStockJob    - 定时任务，更新奖品消耗库存[延迟队列获取，降低对数据库的更新频次， 不要产生竞争
24-11-19.10:53:55.002 [scheduling-1    ] INFO  UpdateAwardStockJob    - 定时任务，更新奖品消耗库存[延迟队列获取，降低对数据库的更新频次， 不要产生竞争
24-11-19.10:54:00.009 [scheduling-1    ] INFO  UpdateAwardStockJob    - 定时任务，更新奖品消耗库存[延迟队列获取，降低对数据库的更新频次， 不要产生竞争
24-11-19.10:54:05.005 [scheduling-1    ] INFO  UpdateAwardStockJob    - 定时任务，更新奖品消耗库存[延迟队列获取，降低对数据库的更新频次， 不要产生竞争
24-11-19.10:54:10.004 [scheduling-1    ] INFO  UpdateAwardStockJob    - 定时任务，更新奖品消耗库存[延迟队列获取，降低对数据库的更新频次， 不要产生竞争
24-11-19.10:54:15.002 [scheduling-1    ] INFO  UpdateAwardStockJob    - 定时任务，更新奖品消耗库存[延迟队列获取，降低对数据库的更新频次， 不要产生竞争
24-11-19.10:54:20.001 [scheduling-1    ] INFO  UpdateAwardStockJob    - 定时任务，更新奖品消耗库存[延迟队列获取，降低对数据库的更新频次， 不要产生竞争
24-11-19.10:54:25.005 [scheduling-1    ] INFO  UpdateAwardStockJob    - 定时任务，更新奖品消耗库存[延迟队列获取，降低对数据库的更新频次， 不要产生竞争
24-11-19.10:54:30.003 [scheduling-1    ] INFO  UpdateAwardStockJob    - 定时任务，更新奖品消耗库存[延迟队列获取，降低对数据库的更新频次， 不要产生竞争
24-11-19.10:54:35.004 [scheduling-1    ] INFO  UpdateAwardStockJob    - 定时任务，更新奖品消耗库存[延迟队列获取，降低对数据库的更新频次， 不要产生竞争
24-11-19.10:54:40.008 [scheduling-1    ] INFO  UpdateAwardStockJob    - 定时任务，更新奖品消耗库存[延迟队列获取，降低对数据库的更新频次， 不要产生竞争
24-11-19.10:54:45.004 [scheduling-1    ] INFO  UpdateAwardStockJob    - 定时任务，更新奖品消耗库存[延迟队列获取，降低对数据库的更新频次， 不要产生竞争
24-11-19.10:54:50.004 [scheduling-1    ] INFO  UpdateAwardStockJob    - 定时任务，更新奖品消耗库存[延迟队列获取，降低对数据库的更新频次， 不要产生竞争
24-11-19.10:54:55.006 [scheduling-1    ] INFO  UpdateAwardStockJob    - 定时任务，更新奖品消耗库存[延迟队列获取，降低对数据库的更新频次， 不要产生竞争
24-11-19.10:55:00.002 [scheduling-1    ] INFO  UpdateAwardStockJob    - 定时任务，更新奖品消耗库存[延迟队列获取，降低对数据库的更新频次， 不要产生竞争
24-11-19.10:55:05.003 [scheduling-1    ] INFO  UpdateAwardStockJob    - 定时任务，更新奖品消耗库存[延迟队列获取，降低对数据库的更新频次， 不要产生竞争
24-11-19.10:55:10.002 [scheduling-1    ] INFO  UpdateAwardStockJob    - 定时任务，更新奖品消耗库存[延迟队列获取，降低对数据库的更新频次， 不要产生竞争
24-11-19.10:55:15.005 [scheduling-1    ] INFO  UpdateAwardStockJob    - 定时任务，更新奖品消耗库存[延迟队列获取，降低对数据库的更新频次， 不要产生竞争
24-11-19.10:55:20.010 [scheduling-1    ] INFO  UpdateAwardStockJob    - 定时任务，更新奖品消耗库存[延迟队列获取，降低对数据库的更新频次， 不要产生竞争
24-11-19.10:55:25.005 [scheduling-1    ] INFO  UpdateAwardStockJob    - 定时任务，更新奖品消耗库存[延迟队列获取，降低对数据库的更新频次， 不要产生竞争
24-11-19.10:55:30.006 [scheduling-1    ] INFO  UpdateAwardStockJob    - 定时任务，更新奖品消耗库存[延迟队列获取，降低对数据库的更新频次， 不要产生竞争
24-11-19.10:55:35.001 [scheduling-1    ] INFO  UpdateAwardStockJob    - 定时任务，更新奖品消耗库存[延迟队列获取，降低对数据库的更新频次， 不要产生竞争
24-11-19.10:55:40.005 [scheduling-1    ] INFO  UpdateAwardStockJob    - 定时任务，更新奖品消耗库存[延迟队列获取，降低对数据库的更新频次， 不要产生竞争
24-11-19.10:55:45.005 [scheduling-1    ] INFO  UpdateAwardStockJob    - 定时任务，更新奖品消耗库存[延迟队列获取，降低对数据库的更新频次， 不要产生竞争
24-11-19.10:55:50.003 [scheduling-1    ] INFO  UpdateAwardStockJob    - 定时任务，更新奖品消耗库存[延迟队列获取，降低对数据库的更新频次， 不要产生竞争
24-11-19.10:55:55.000 [scheduling-1    ] INFO  UpdateAwardStockJob    - 定时任务，更新奖品消耗库存[延迟队列获取，降低对数据库的更新频次， 不要产生竞争
24-11-19.10:56:00.008 [scheduling-1    ] INFO  UpdateAwardStockJob    - 定时任务，更新奖品消耗库存[延迟队列获取，降低对数据库的更新频次， 不要产生竞争
24-11-19.10:56:05.004 [scheduling-1    ] INFO  UpdateAwardStockJob    - 定时任务，更新奖品消耗库存[延迟队列获取，降低对数据库的更新频次， 不要产生竞争
24-11-19.10:56:10.004 [scheduling-1    ] INFO  UpdateAwardStockJob    - 定时任务，更新奖品消耗库存[延迟队列获取，降低对数据库的更新频次， 不要产生竞争
24-11-19.10:56:15.005 [scheduling-1    ] INFO  UpdateAwardStockJob    - 定时任务，更新奖品消耗库存[延迟队列获取，降低对数据库的更新频次， 不要产生竞争
24-11-19.10:56:20.004 [scheduling-1    ] INFO  UpdateAwardStockJob    - 定时任务，更新奖品消耗库存[延迟队列获取，降低对数据库的更新频次， 不要产生竞争
24-11-19.10:56:25.002 [scheduling-1    ] INFO  UpdateAwardStockJob    - 定时任务，更新奖品消耗库存[延迟队列获取，降低对数据库的更新频次， 不要产生竞争
24-11-19.10:56:30.004 [scheduling-1    ] INFO  UpdateAwardStockJob    - 定时任务，更新奖品消耗库存[延迟队列获取，降低对数据库的更新频次， 不要产生竞争
24-11-19.10:56:35.002 [scheduling-1    ] INFO  UpdateAwardStockJob    - 定时任务，更新奖品消耗库存[延迟队列获取，降低对数据库的更新频次， 不要产生竞争
24-11-19.10:56:40.002 [scheduling-1    ] INFO  UpdateAwardStockJob    - 定时任务，更新奖品消耗库存[延迟队列获取，降低对数据库的更新频次， 不要产生竞争
24-11-19.10:56:45.004 [scheduling-1    ] INFO  UpdateAwardStockJob    - 定时任务，更新奖品消耗库存[延迟队列获取，降低对数据库的更新频次， 不要产生竞争
24-11-19.10:56:50.009 [scheduling-1    ] INFO  UpdateAwardStockJob    - 定时任务，更新奖品消耗库存[延迟队列获取，降低对数据库的更新频次， 不要产生竞争
24-11-19.10:56:55.005 [scheduling-1    ] INFO  UpdateAwardStockJob    - 定时任务，更新奖品消耗库存[延迟队列获取，降低对数据库的更新频次， 不要产生竞争
24-11-19.10:57:00.012 [scheduling-1    ] INFO  UpdateAwardStockJob    - 定时任务，更新奖品消耗库存[延迟队列获取，降低对数据库的更新频次， 不要产生竞争
24-11-19.10:57:05.006 [scheduling-1    ] INFO  UpdateAwardStockJob    - 定时任务，更新奖品消耗库存[延迟队列获取，降低对数据库的更新频次， 不要产生竞争
24-11-19.10:57:10.003 [scheduling-1    ] INFO  UpdateAwardStockJob    - 定时任务，更新奖品消耗库存[延迟队列获取，降低对数据库的更新频次， 不要产生竞争
24-11-19.10:57:15.000 [scheduling-1    ] INFO  UpdateAwardStockJob    - 定时任务，更新奖品消耗库存[延迟队列获取，降低对数据库的更新频次， 不要产生竞争
24-11-19.10:57:20.004 [scheduling-1    ] INFO  UpdateAwardStockJob    - 定时任务，更新奖品消耗库存[延迟队列获取，降低对数据库的更新频次， 不要产生竞争
24-11-19.10:57:25.005 [scheduling-1    ] INFO  UpdateAwardStockJob    - 定时任务，更新奖品消耗库存[延迟队列获取，降低对数据库的更新频次， 不要产生竞争
24-11-19.10:57:30.001 [scheduling-1    ] INFO  UpdateAwardStockJob    - 定时任务，更新奖品消耗库存[延迟队列获取，降低对数据库的更新频次， 不要产生竞争
24-11-19.10:57:35.001 [scheduling-1    ] INFO  UpdateAwardStockJob    - 定时任务，更新奖品消耗库存[延迟队列获取，降低对数据库的更新频次， 不要产生竞争
24-11-19.10:57:40.001 [scheduling-1    ] INFO  UpdateAwardStockJob    - 定时任务，更新奖品消耗库存[延迟队列获取，降低对数据库的更新频次， 不要产生竞争
24-11-19.10:57:45.005 [scheduling-1    ] INFO  UpdateAwardStockJob    - 定时任务，更新奖品消耗库存[延迟队列获取，降低对数据库的更新频次， 不要产生竞争
24-11-19.10:57:50.001 [scheduling-1    ] INFO  UpdateAwardStockJob    - 定时任务，更新奖品消耗库存[延迟队列获取，降低对数据库的更新频次， 不要产生竞争
24-11-19.10:57:55.004 [scheduling-1    ] INFO  UpdateAwardStockJob    - 定时任务，更新奖品消耗库存[延迟队列获取，降低对数据库的更新频次， 不要产生竞争
24-11-19.10:58:00.011 [scheduling-1    ] INFO  UpdateAwardStockJob    - 定时任务，更新奖品消耗库存[延迟队列获取，降低对数据库的更新频次， 不要产生竞争
24-11-19.10:58:05.005 [scheduling-1    ] INFO  UpdateAwardStockJob    - 定时任务，更新奖品消耗库存[延迟队列获取，降低对数据库的更新频次， 不要产生竞争
24-11-19.10:58:10.001 [scheduling-1    ] INFO  UpdateAwardStockJob    - 定时任务，更新奖品消耗库存[延迟队列获取，降低对数据库的更新频次， 不要产生竞争
24-11-19.10:58:15.003 [scheduling-1    ] INFO  UpdateAwardStockJob    - 定时任务，更新奖品消耗库存[延迟队列获取，降低对数据库的更新频次， 不要产生竞争
24-11-19.10:58:20.006 [scheduling-1    ] INFO  UpdateAwardStockJob    - 定时任务，更新奖品消耗库存[延迟队列获取，降低对数据库的更新频次， 不要产生竞争
24-11-19.10:58:25.004 [scheduling-1    ] INFO  UpdateAwardStockJob    - 定时任务，更新奖品消耗库存[延迟队列获取，降低对数据库的更新频次， 不要产生竞争
24-11-19.10:58:30.005 [scheduling-1    ] INFO  UpdateAwardStockJob    - 定时任务，更新奖品消耗库存[延迟队列获取，降低对数据库的更新频次， 不要产生竞争
24-11-19.10:58:35.005 [scheduling-1    ] INFO  UpdateAwardStockJob    - 定时任务，更新奖品消耗库存[延迟队列获取，降低对数据库的更新频次， 不要产生竞争
24-11-19.10:58:40.003 [scheduling-1    ] INFO  UpdateAwardStockJob    - 定时任务，更新奖品消耗库存[延迟队列获取，降低对数据库的更新频次， 不要产生竞争
24-11-19.10:58:45.004 [scheduling-1    ] INFO  UpdateAwardStockJob    - 定时任务，更新奖品消耗库存[延迟队列获取，降低对数据库的更新频次， 不要产生竞争
24-11-19.10:58:50.005 [scheduling-1    ] INFO  UpdateAwardStockJob    - 定时任务，更新奖品消耗库存[延迟队列获取，降低对数据库的更新频次， 不要产生竞争
24-11-19.10:58:55.122 [scheduling-1    ] INFO  UpdateAwardStockJob    - 定时任务，更新奖品消耗库存[延迟队列获取，降低对数据库的更新频次， 不要产生竞争
24-11-19.10:59:00.005 [scheduling-1    ] INFO  UpdateAwardStockJob    - 定时任务，更新奖品消耗库存[延迟队列获取，降低对数据库的更新频次， 不要产生竞争
24-11-19.10:59:05.004 [scheduling-1    ] INFO  UpdateAwardStockJob    - 定时任务，更新奖品消耗库存[延迟队列获取，降低对数据库的更新频次， 不要产生竞争
24-11-19.10:59:10.000 [scheduling-1    ] INFO  UpdateAwardStockJob    - 定时任务，更新奖品消耗库存[延迟队列获取，降低对数据库的更新频次， 不要产生竞争
24-11-19.10:59:15.005 [scheduling-1    ] INFO  UpdateAwardStockJob    - 定时任务，更新奖品消耗库存[延迟队列获取，降低对数据库的更新频次， 不要产生竞争
24-11-19.10:59:20.003 [scheduling-1    ] INFO  UpdateAwardStockJob    - 定时任务，更新奖品消耗库存[延迟队列获取，降低对数据库的更新频次， 不要产生竞争
24-11-19.10:59:25.001 [scheduling-1    ] INFO  UpdateAwardStockJob    - 定时任务，更新奖品消耗库存[延迟队列获取，降低对数据库的更新频次， 不要产生竞争
24-11-19.10:59:30.006 [scheduling-1    ] INFO  UpdateAwardStockJob    - 定时任务，更新奖品消耗库存[延迟队列获取，降低对数据库的更新频次， 不要产生竞争
24-11-19.10:59:35.006 [scheduling-1    ] INFO  UpdateAwardStockJob    - 定时任务，更新奖品消耗库存[延迟队列获取，降低对数据库的更新频次， 不要产生竞争
24-11-19.10:59:40.005 [scheduling-1    ] INFO  UpdateAwardStockJob    - 定时任务，更新奖品消耗库存[延迟队列获取，降低对数据库的更新频次， 不要产生竞争
24-11-19.10:59:45.002 [scheduling-1    ] INFO  UpdateAwardStockJob    - 定时任务，更新奖品消耗库存[延迟队列获取，降低对数据库的更新频次， 不要产生竞争
24-11-19.10:59:50.005 [scheduling-1    ] INFO  UpdateAwardStockJob    - 定时任务，更新奖品消耗库存[延迟队列获取，降低对数据库的更新频次， 不要产生竞争
24-11-19.10:59:55.000 [scheduling-1    ] INFO  UpdateAwardStockJob    - 定时任务，更新奖品消耗库存[延迟队列获取，降低对数据库的更新频次， 不要产生竞争
24-11-19.11:00:00.008 [scheduling-1    ] INFO  UpdateAwardStockJob    - 定时任务，更新奖品消耗库存[延迟队列获取，降低对数据库的更新频次， 不要产生竞争
24-11-19.11:00:05.005 [scheduling-1    ] INFO  UpdateAwardStockJob    - 定时任务，更新奖品消耗库存[延迟队列获取，降低对数据库的更新频次， 不要产生竞争
24-11-19.11:00:10.006 [scheduling-1    ] INFO  UpdateAwardStockJob    - 定时任务，更新奖品消耗库存[延迟队列获取，降低对数据库的更新频次， 不要产生竞争
24-11-19.11:00:15.001 [scheduling-1    ] INFO  UpdateAwardStockJob    - 定时任务，更新奖品消耗库存[延迟队列获取，降低对数据库的更新频次， 不要产生竞争
24-11-19.11:00:20.005 [scheduling-1    ] INFO  UpdateAwardStockJob    - 定时任务，更新奖品消耗库存[延迟队列获取，降低对数据库的更新频次， 不要产生竞争
24-11-19.11:00:25.005 [scheduling-1    ] INFO  UpdateAwardStockJob    - 定时任务，更新奖品消耗库存[延迟队列获取，降低对数据库的更新频次， 不要产生竞争
24-11-19.11:00:30.007 [scheduling-1    ] INFO  UpdateAwardStockJob    - 定时任务，更新奖品消耗库存[延迟队列获取，降低对数据库的更新频次， 不要产生竞争
24-11-19.11:00:35.001 [scheduling-1    ] INFO  UpdateAwardStockJob    - 定时任务，更新奖品消耗库存[延迟队列获取，降低对数据库的更新频次， 不要产生竞争
24-11-19.11:00:40.005 [scheduling-1    ] INFO  UpdateAwardStockJob    - 定时任务，更新奖品消耗库存[延迟队列获取，降低对数据库的更新频次， 不要产生竞争
24-11-19.11:00:45.004 [scheduling-1    ] INFO  UpdateAwardStockJob    - 定时任务，更新奖品消耗库存[延迟队列获取，降低对数据库的更新频次， 不要产生竞争
24-11-19.11:00:50.001 [scheduling-1    ] INFO  UpdateAwardStockJob    - 定时任务，更新奖品消耗库存[延迟队列获取，降低对数据库的更新频次， 不要产生竞争
24-11-19.11:00:50.167 [SpringApplicationShutdownHook] INFO  HikariDataSource       - HikariPool-1 - Shutdown initiated...
24-11-19.11:00:50.177 [SpringApplicationShutdownHook] INFO  HikariDataSource       - HikariPool-1 - Shutdown completed.
